<?xml version="1.0" encoding="UTF-8"?>
<testsuite name="HTTP 요청 테스트" tests="1" skipped="0" failures="0" errors="0" timestamp="2022-09-18T04:54:40" hostname="MacBook-Air.local" time="4.095">
  <properties/>
  <testcase name="서버의 최대 Thread Pool 수보다 더 많은 요청을 보낸다." classname="webserver.request.HttpRequestTest" time="4.095"/>
  <system-out><![CDATA[13:54:40,365 |-INFO in ch.qos.logback.classic.LoggerContext[default] - Could NOT find resource [logback-test.xml]
13:54:40,368 |-INFO in ch.qos.logback.classic.LoggerContext[default] - Found resource [logback.xml] at [file:/Users/sanha/nextstep/spring/jwp-was/build/resources/main/logback.xml]
13:54:40,425 |-INFO in ch.qos.logback.classic.joran.action.ConfigurationAction - debug attribute not set
13:54:40,425 |-INFO in ch.qos.logback.core.joran.action.AppenderAction - About to instantiate appender of type [ch.qos.logback.core.ConsoleAppender]
13:54:40,429 |-INFO in ch.qos.logback.core.joran.action.AppenderAction - Naming appender as [STDOUT]
13:54:40,448 |-WARN in ch.qos.logback.core.ConsoleAppender[STDOUT] - This appender no longer admits a layout as a sub-component, set an encoder instead.
13:54:40,448 |-WARN in ch.qos.logback.core.ConsoleAppender[STDOUT] - To ensure compatibility, wrapping your layout in LayoutWrappingEncoder.
13:54:40,448 |-WARN in ch.qos.logback.core.ConsoleAppender[STDOUT] - See also http://logback.qos.ch/codes.html#layoutInsteadOfEncoder for details
13:54:40,449 |-INFO in ch.qos.logback.classic.joran.action.RootLoggerAction - Setting level of ROOT logger to DEBUG
13:54:40,449 |-INFO in ch.qos.logback.core.joran.action.AppenderRefAction - Attaching appender named [STDOUT] to Logger[ROOT]
13:54:40,449 |-INFO in ch.qos.logback.classic.joran.action.ConfigurationAction - End of configuration.
13:54:40,450 |-INFO in ch.qos.logback.classic.joran.JoranConfigurator@68df9280 - Registering current configuration as safe fallback point

13:54:41.510 [DEBUG] [pool-1-thread-88] [o.s.web.client.RestTemplate] - HTTP GET http://localhost:8080/index.html
13:54:41.509 [DEBUG] [pool-1-thread-56] [o.s.web.client.RestTemplate] - HTTP GET http://localhost:8080/index.html
13:54:41.507 [DEBUG] [pool-1-thread-60] [o.s.web.client.RestTemplate] - HTTP GET http://localhost:8080/index.html
13:54:41.509 [DEBUG] [pool-1-thread-41] [o.s.web.client.RestTemplate] - HTTP GET http://localhost:8080/index.html
13:54:41.508 [DEBUG] [pool-1-thread-120] [o.s.web.client.RestTemplate] - HTTP GET http://localhost:8080/index.html
13:54:41.508 [DEBUG] [pool-1-thread-176] [o.s.web.client.RestTemplate] - HTTP GET http://localhost:8080/index.html
13:54:41.507 [DEBUG] [pool-1-thread-126] [o.s.web.client.RestTemplate] - HTTP GET http://localhost:8080/index.html
13:54:41.512 [DEBUG] [pool-1-thread-37] [o.s.web.client.RestTemplate] - HTTP GET http://localhost:8080/index.html
13:54:41.509 [DEBUG] [pool-1-thread-182] [o.s.web.client.RestTemplate] - HTTP GET http://localhost:8080/index.html
13:54:41.508 [DEBUG] [pool-1-thread-107] [o.s.web.client.RestTemplate] - HTTP GET http://localhost:8080/index.html
13:54:41.508 [DEBUG] [pool-1-thread-69] [o.s.web.client.RestTemplate] - HTTP GET http://localhost:8080/index.html
13:54:41.510 [DEBUG] [pool-1-thread-122] [o.s.web.client.RestTemplate] - HTTP GET http://localhost:8080/index.html
13:54:41.509 [DEBUG] [pool-1-thread-35] [o.s.web.client.RestTemplate] - HTTP GET http://localhost:8080/index.html
13:54:41.509 [DEBUG] [pool-1-thread-167] [o.s.web.client.RestTemplate] - HTTP GET http://localhost:8080/index.html
13:54:41.510 [DEBUG] [pool-1-thread-14] [o.s.web.client.RestTemplate] - HTTP GET http://localhost:8080/index.html
13:54:41.508 [DEBUG] [pool-1-thread-106] [o.s.web.client.RestTemplate] - HTTP GET http://localhost:8080/index.html
13:54:41.509 [DEBUG] [pool-1-thread-145] [o.s.web.client.RestTemplate] - HTTP GET http://localhost:8080/index.html
13:54:41.508 [DEBUG] [pool-1-thread-100] [o.s.web.client.RestTemplate] - HTTP GET http://localhost:8080/index.html
13:54:41.509 [DEBUG] [pool-1-thread-63] [o.s.web.client.RestTemplate] - HTTP GET http://localhost:8080/index.html
13:54:41.507 [DEBUG] [pool-1-thread-194] [o.s.web.client.RestTemplate] - HTTP GET http://localhost:8080/index.html
13:54:41.508 [DEBUG] [pool-1-thread-89] [o.s.web.client.RestTemplate] - HTTP GET http://localhost:8080/index.html
13:54:41.508 [DEBUG] [pool-1-thread-137] [o.s.web.client.RestTemplate] - HTTP GET http://localhost:8080/index.html
13:54:41.509 [DEBUG] [pool-1-thread-185] [o.s.web.client.RestTemplate] - HTTP GET http://localhost:8080/index.html
13:54:41.508 [DEBUG] [pool-1-thread-52] [o.s.web.client.RestTemplate] - HTTP GET http://localhost:8080/index.html
13:54:41.508 [DEBUG] [pool-1-thread-61] [o.s.web.client.RestTemplate] - HTTP GET http://localhost:8080/index.html
13:54:41.509 [DEBUG] [pool-1-thread-189] [o.s.web.client.RestTemplate] - HTTP GET http://localhost:8080/index.html
13:54:41.509 [DEBUG] [pool-1-thread-129] [o.s.web.client.RestTemplate] - HTTP GET http://localhost:8080/index.html
13:54:41.508 [DEBUG] [pool-1-thread-1] [o.s.web.client.RestTemplate] - HTTP GET http://localhost:8080/index.html
13:54:41.510 [DEBUG] [pool-1-thread-139] [o.s.web.client.RestTemplate] - HTTP GET http://localhost:8080/index.html
13:54:41.509 [DEBUG] [pool-1-thread-116] [o.s.web.client.RestTemplate] - HTTP GET http://localhost:8080/index.html
13:54:41.509 [DEBUG] [pool-1-thread-29] [o.s.web.client.RestTemplate] - HTTP GET http://localhost:8080/index.html
13:54:41.508 [DEBUG] [pool-1-thread-57] [o.s.web.client.RestTemplate] - HTTP GET http://localhost:8080/index.html
13:54:41.510 [DEBUG] [pool-1-thread-92] [o.s.web.client.RestTemplate] - HTTP GET http://localhost:8080/index.html
13:54:41.509 [DEBUG] [pool-1-thread-44] [o.s.web.client.RestTemplate] - HTTP GET http://localhost:8080/index.html
13:54:41.509 [DEBUG] [pool-1-thread-151] [o.s.web.client.RestTemplate] - HTTP GET http://localhost:8080/index.html
13:54:41.508 [DEBUG] [pool-1-thread-186] [o.s.web.client.RestTemplate] - HTTP GET http://localhost:8080/index.html
13:54:41.509 [DEBUG] [pool-1-thread-114] [o.s.web.client.RestTemplate] - HTTP GET http://localhost:8080/index.html
13:54:41.510 [DEBUG] [pool-1-thread-155] [o.s.web.client.RestTemplate] - HTTP GET http://localhost:8080/index.html
13:54:41.508 [DEBUG] [pool-1-thread-191] [o.s.web.client.RestTemplate] - HTTP GET http://localhost:8080/index.html
13:54:41.508 [DEBUG] [pool-1-thread-174] [o.s.web.client.RestTemplate] - HTTP GET http://localhost:8080/index.html
13:54:41.507 [DEBUG] [pool-1-thread-77] [o.s.web.client.RestTemplate] - HTTP GET http://localhost:8080/index.html
13:54:41.509 [DEBUG] [pool-1-thread-149] [o.s.web.client.RestTemplate] - HTTP GET http://localhost:8080/index.html
13:54:41.507 [DEBUG] [pool-1-thread-146] [o.s.web.client.RestTemplate] - HTTP GET http://localhost:8080/index.html
13:54:41.508 [DEBUG] [pool-1-thread-68] [o.s.web.client.RestTemplate] - HTTP GET http://localhost:8080/index.html
13:54:41.508 [DEBUG] [pool-1-thread-8] [o.s.web.client.RestTemplate] - HTTP GET http://localhost:8080/index.html
13:54:41.509 [DEBUG] [pool-1-thread-102] [o.s.web.client.RestTemplate] - HTTP GET http://localhost:8080/index.html
13:54:41.507 [DEBUG] [pool-1-thread-169] [o.s.web.client.RestTemplate] - HTTP GET http://localhost:8080/index.html
13:54:41.508 [DEBUG] [pool-1-thread-103] [o.s.web.client.RestTemplate] - HTTP GET http://localhost:8080/index.html
13:54:41.507 [DEBUG] [pool-1-thread-190] [o.s.web.client.RestTemplate] - HTTP GET http://localhost:8080/index.html
13:54:41.508 [DEBUG] [pool-1-thread-94] [o.s.web.client.RestTemplate] - HTTP GET http://localhost:8080/index.html
13:54:41.508 [DEBUG] [pool-1-thread-200] [o.s.web.client.RestTemplate] - HTTP GET http://localhost:8080/index.html
13:54:41.509 [DEBUG] [pool-1-thread-171] [o.s.web.client.RestTemplate] - HTTP GET http://localhost:8080/index.html
13:54:41.507 [DEBUG] [pool-1-thread-62] [o.s.web.client.RestTemplate] - HTTP GET http://localhost:8080/index.html
13:54:41.508 [DEBUG] [pool-1-thread-127] [o.s.web.client.RestTemplate] - HTTP GET http://localhost:8080/index.html
13:54:41.508 [DEBUG] [pool-1-thread-40] [o.s.web.client.RestTemplate] - HTTP GET http://localhost:8080/index.html
13:54:41.509 [DEBUG] [pool-1-thread-111] [o.s.web.client.RestTemplate] - HTTP GET http://localhost:8080/index.html
13:54:41.509 [DEBUG] [pool-1-thread-65] [o.s.web.client.RestTemplate] - HTTP GET http://localhost:8080/index.html
13:54:41.509 [DEBUG] [pool-1-thread-19] [o.s.web.client.RestTemplate] - HTTP GET http://localhost:8080/index.html
13:54:41.508 [DEBUG] [pool-1-thread-16] [o.s.web.client.RestTemplate] - HTTP GET http://localhost:8080/index.html
13:54:41.509 [DEBUG] [pool-1-thread-135] [o.s.web.client.RestTemplate] - HTTP GET http://localhost:8080/index.html
13:54:41.508 [DEBUG] [pool-1-thread-140] [o.s.web.client.RestTemplate] - HTTP GET http://localhost:8080/index.html
13:54:41.507 [DEBUG] [pool-1-thread-10] [o.s.web.client.RestTemplate] - HTTP GET http://localhost:8080/index.html
13:54:41.507 [DEBUG] [pool-1-thread-3] [o.s.web.client.RestTemplate] - HTTP GET http://localhost:8080/index.html
13:54:41.508 [DEBUG] [pool-1-thread-192] [o.s.web.client.RestTemplate] - HTTP GET http://localhost:8080/index.html
13:54:41.509 [DEBUG] [pool-1-thread-183] [o.s.web.client.RestTemplate] - HTTP GET http://localhost:8080/index.html
13:54:41.508 [DEBUG] [pool-1-thread-112] [o.s.web.client.RestTemplate] - HTTP GET http://localhost:8080/index.html
13:54:41.508 [DEBUG] [pool-1-thread-76] [o.s.web.client.RestTemplate] - HTTP GET http://localhost:8080/index.html
13:54:41.533 [DEBUG] [pool-1-thread-24] [o.s.web.client.RestTemplate] - HTTP GET http://localhost:8080/index.html
13:54:41.507 [DEBUG] [pool-1-thread-91] [o.s.web.client.RestTemplate] - HTTP GET http://localhost:8080/index.html
13:54:41.507 [DEBUG] [pool-1-thread-85] [o.s.web.client.RestTemplate] - HTTP GET http://localhost:8080/index.html
13:54:41.507 [DEBUG] [pool-1-thread-99] [o.s.web.client.RestTemplate] - HTTP GET http://localhost:8080/index.html
13:54:41.507 [DEBUG] [pool-1-thread-199] [o.s.web.client.RestTemplate] - HTTP GET http://localhost:8080/index.html
13:54:41.508 [DEBUG] [pool-1-thread-17] [o.s.web.client.RestTemplate] - HTTP GET http://localhost:8080/index.html
13:54:41.509 [DEBUG] [pool-1-thread-198] [o.s.web.client.RestTemplate] - HTTP GET http://localhost:8080/index.html
13:54:41.509 [DEBUG] [pool-1-thread-73] [o.s.web.client.RestTemplate] - HTTP GET http://localhost:8080/index.html
13:54:41.508 [DEBUG] [pool-1-thread-161] [o.s.web.client.RestTemplate] - HTTP GET http://localhost:8080/index.html
13:54:41.509 [DEBUG] [pool-1-thread-144] [o.s.web.client.RestTemplate] - HTTP GET http://localhost:8080/index.html
13:54:41.509 [DEBUG] [pool-1-thread-7] [o.s.web.client.RestTemplate] - HTTP GET http://localhost:8080/index.html
13:54:41.509 [DEBUG] [pool-1-thread-121] [o.s.web.client.RestTemplate] - HTTP GET http://localhost:8080/index.html
13:54:41.529 [DEBUG] [pool-1-thread-54] [o.s.web.client.RestTemplate] - HTTP GET http://localhost:8080/index.html
13:54:41.507 [DEBUG] [pool-1-thread-125] [o.s.web.client.RestTemplate] - HTTP GET http://localhost:8080/index.html
13:54:41.508 [DEBUG] [pool-1-thread-80] [o.s.web.client.RestTemplate] - HTTP GET http://localhost:8080/index.html
13:54:41.508 [DEBUG] [pool-1-thread-70] [o.s.web.client.RestTemplate] - HTTP GET http://localhost:8080/index.html
13:54:41.508 [DEBUG] [pool-1-thread-13] [o.s.web.client.RestTemplate] - HTTP GET http://localhost:8080/index.html
13:54:41.507 [DEBUG] [pool-1-thread-162] [o.s.web.client.RestTemplate] - HTTP GET http://localhost:8080/index.html
13:54:41.508 [DEBUG] [pool-1-thread-156] [o.s.web.client.RestTemplate] - HTTP GET http://localhost:8080/index.html
13:54:41.510 [DEBUG] [pool-1-thread-64] [o.s.web.client.RestTemplate] - HTTP GET http://localhost:8080/index.html
13:54:41.509 [DEBUG] [pool-1-thread-34] [o.s.web.client.RestTemplate] - HTTP GET http://localhost:8080/index.html
13:54:41.508 [DEBUG] [pool-1-thread-133] [o.s.web.client.RestTemplate] - HTTP GET http://localhost:8080/index.html
13:54:41.509 [DEBUG] [pool-1-thread-152] [o.s.web.client.RestTemplate] - HTTP GET http://localhost:8080/index.html
13:54:41.508 [DEBUG] [pool-1-thread-79] [o.s.web.client.RestTemplate] - HTTP GET http://localhost:8080/index.html
13:54:41.534 [DEBUG] [pool-1-thread-184] [o.s.web.client.RestTemplate] - HTTP GET http://localhost:8080/index.html
13:54:41.509 [DEBUG] [pool-1-thread-90] [o.s.web.client.RestTemplate] - HTTP GET http://localhost:8080/index.html
13:54:41.507 [DEBUG] [pool-1-thread-143] [o.s.web.client.RestTemplate] - HTTP GET http://localhost:8080/index.html
13:54:41.509 [DEBUG] [pool-1-thread-158] [o.s.web.client.RestTemplate] - HTTP GET http://localhost:8080/index.html
13:54:41.534 [DEBUG] [pool-1-thread-172] [o.s.web.client.RestTemplate] - HTTP GET http://localhost:8080/index.html
13:54:41.508 [DEBUG] [pool-1-thread-197] [o.s.web.client.RestTemplate] - HTTP GET http://localhost:8080/index.html
13:54:41.509 [DEBUG] [pool-1-thread-173] [o.s.web.client.RestTemplate] - HTTP GET http://localhost:8080/index.html
13:54:41.511 [DEBUG] [pool-1-thread-12] [o.s.web.client.RestTemplate] - HTTP GET http://localhost:8080/index.html
13:54:41.508 [DEBUG] [pool-1-thread-15] [o.s.web.client.RestTemplate] - HTTP GET http://localhost:8080/index.html
13:54:41.508 [DEBUG] [pool-1-thread-117] [o.s.web.client.RestTemplate] - HTTP GET http://localhost:8080/index.html
13:54:41.507 [DEBUG] [pool-1-thread-187] [o.s.web.client.RestTemplate] - HTTP GET http://localhost:8080/index.html
13:54:41.510 [DEBUG] [pool-1-thread-49] [o.s.web.client.RestTemplate] - HTTP GET http://localhost:8080/index.html
13:54:41.507 [DEBUG] [pool-1-thread-83] [o.s.web.client.RestTemplate] - HTTP GET http://localhost:8080/index.html
13:54:41.509 [DEBUG] [pool-1-thread-71] [o.s.web.client.RestTemplate] - HTTP GET http://localhost:8080/index.html
13:54:41.508 [DEBUG] [pool-1-thread-81] [o.s.web.client.RestTemplate] - HTTP GET http://localhost:8080/index.html
13:54:41.508 [DEBUG] [pool-1-thread-55] [o.s.web.client.RestTemplate] - HTTP GET http://localhost:8080/index.html
13:54:41.508 [DEBUG] [pool-1-thread-165] [o.s.web.client.RestTemplate] - HTTP GET http://localhost:8080/index.html
13:54:41.508 [DEBUG] [pool-1-thread-147] [o.s.web.client.RestTemplate] - HTTP GET http://localhost:8080/index.html
13:54:41.509 [DEBUG] [pool-1-thread-45] [o.s.web.client.RestTemplate] - HTTP GET http://localhost:8080/index.html
13:54:41.509 [DEBUG] [pool-1-thread-72] [o.s.web.client.RestTemplate] - HTTP GET http://localhost:8080/index.html
13:54:41.508 [DEBUG] [pool-1-thread-53] [o.s.web.client.RestTemplate] - HTTP GET http://localhost:8080/index.html
13:54:41.508 [DEBUG] [pool-1-thread-177] [o.s.web.client.RestTemplate] - HTTP GET http://localhost:8080/index.html
13:54:41.509 [DEBUG] [pool-1-thread-39] [o.s.web.client.RestTemplate] - HTTP GET http://localhost:8080/index.html
13:54:41.509 [DEBUG] [pool-1-thread-2] [o.s.web.client.RestTemplate] - HTTP GET http://localhost:8080/index.html
13:54:41.512 [DEBUG] [pool-1-thread-188] [o.s.web.client.RestTemplate] - HTTP GET http://localhost:8080/index.html
13:54:41.508 [DEBUG] [pool-1-thread-20] [o.s.web.client.RestTemplate] - HTTP GET http://localhost:8080/index.html
13:54:41.508 [DEBUG] [pool-1-thread-84] [o.s.web.client.RestTemplate] - HTTP GET http://localhost:8080/index.html
13:54:41.509 [DEBUG] [pool-1-thread-66] [o.s.web.client.RestTemplate] - HTTP GET http://localhost:8080/index.html
13:54:41.509 [DEBUG] [pool-1-thread-193] [o.s.web.client.RestTemplate] - HTTP GET http://localhost:8080/index.html
13:54:41.509 [DEBUG] [pool-1-thread-59] [o.s.web.client.RestTemplate] - HTTP GET http://localhost:8080/index.html
13:54:41.507 [DEBUG] [pool-1-thread-28] [o.s.web.client.RestTemplate] - HTTP GET http://localhost:8080/index.html
13:54:41.510 [DEBUG] [pool-1-thread-30] [o.s.web.client.RestTemplate] - HTTP GET http://localhost:8080/index.html
13:54:41.509 [DEBUG] [pool-1-thread-96] [o.s.web.client.RestTemplate] - HTTP GET http://localhost:8080/index.html
13:54:41.512 [DEBUG] [pool-1-thread-150] [o.s.web.client.RestTemplate] - HTTP GET http://localhost:8080/index.html
13:54:41.509 [DEBUG] [pool-1-thread-196] [o.s.web.client.RestTemplate] - HTTP GET http://localhost:8080/index.html
13:54:41.509 [DEBUG] [pool-1-thread-130] [o.s.web.client.RestTemplate] - HTTP GET http://localhost:8080/index.html
13:54:41.509 [DEBUG] [pool-1-thread-132] [o.s.web.client.RestTemplate] - HTTP GET http://localhost:8080/index.html
13:54:41.507 [DEBUG] [pool-1-thread-118] [o.s.web.client.RestTemplate] - HTTP GET http://localhost:8080/index.html
13:54:41.509 [DEBUG] [pool-1-thread-97] [o.s.web.client.RestTemplate] - HTTP GET http://localhost:8080/index.html
13:54:41.508 [DEBUG] [pool-1-thread-4] [o.s.web.client.RestTemplate] - HTTP GET http://localhost:8080/index.html
13:54:41.508 [DEBUG] [pool-1-thread-142] [o.s.web.client.RestTemplate] - HTTP GET http://localhost:8080/index.html
13:54:41.508 [DEBUG] [pool-1-thread-9] [o.s.web.client.RestTemplate] - HTTP GET http://localhost:8080/index.html
13:54:41.509 [DEBUG] [pool-1-thread-31] [o.s.web.client.RestTemplate] - HTTP GET http://localhost:8080/index.html
13:54:41.509 [DEBUG] [pool-1-thread-58] [o.s.web.client.RestTemplate] - HTTP GET http://localhost:8080/index.html
13:54:41.508 [DEBUG] [pool-1-thread-42] [o.s.web.client.RestTemplate] - HTTP GET http://localhost:8080/index.html
13:54:41.508 [DEBUG] [pool-1-thread-98] [o.s.web.client.RestTemplate] - HTTP GET http://localhost:8080/index.html
13:54:41.508 [DEBUG] [pool-1-thread-27] [o.s.web.client.RestTemplate] - HTTP GET http://localhost:8080/index.html
13:54:41.509 [DEBUG] [pool-1-thread-21] [o.s.web.client.RestTemplate] - HTTP GET http://localhost:8080/index.html
13:54:41.509 [DEBUG] [pool-1-thread-108] [o.s.web.client.RestTemplate] - HTTP GET http://localhost:8080/index.html
13:54:41.509 [DEBUG] [pool-1-thread-128] [o.s.web.client.RestTemplate] - HTTP GET http://localhost:8080/index.html
13:54:41.534 [DEBUG] [pool-1-thread-75] [o.s.web.client.RestTemplate] - HTTP GET http://localhost:8080/index.html
13:54:41.509 [DEBUG] [pool-1-thread-67] [o.s.web.client.RestTemplate] - HTTP GET http://localhost:8080/index.html
13:54:41.508 [DEBUG] [pool-1-thread-11] [o.s.web.client.RestTemplate] - HTTP GET http://localhost:8080/index.html
13:54:41.509 [DEBUG] [pool-1-thread-138] [o.s.web.client.RestTemplate] - HTTP GET http://localhost:8080/index.html
13:54:41.508 [DEBUG] [pool-1-thread-110] [o.s.web.client.RestTemplate] - HTTP GET http://localhost:8080/index.html
13:54:41.509 [DEBUG] [pool-1-thread-23] [o.s.web.client.RestTemplate] - HTTP GET http://localhost:8080/index.html
13:54:41.509 [DEBUG] [pool-1-thread-159] [o.s.web.client.RestTemplate] - HTTP GET http://localhost:8080/index.html
13:54:41.509 [DEBUG] [pool-1-thread-74] [o.s.web.client.RestTemplate] - HTTP GET http://localhost:8080/index.html
13:54:41.512 [DEBUG] [pool-1-thread-180] [o.s.web.client.RestTemplate] - HTTP GET http://localhost:8080/index.html
13:54:41.508 [DEBUG] [pool-1-thread-50] [o.s.web.client.RestTemplate] - HTTP GET http://localhost:8080/index.html
13:54:41.508 [DEBUG] [pool-1-thread-51] [o.s.web.client.RestTemplate] - HTTP GET http://localhost:8080/index.html
13:54:41.509 [DEBUG] [pool-1-thread-105] [o.s.web.client.RestTemplate] - HTTP GET http://localhost:8080/index.html
13:54:41.508 [DEBUG] [pool-1-thread-47] [o.s.web.client.RestTemplate] - HTTP GET http://localhost:8080/index.html
13:54:41.512 [DEBUG] [pool-1-thread-48] [o.s.web.client.RestTemplate] - HTTP GET http://localhost:8080/index.html
13:54:41.512 [DEBUG] [pool-1-thread-78] [o.s.web.client.RestTemplate] - HTTP GET http://localhost:8080/index.html
13:54:41.509 [DEBUG] [pool-1-thread-119] [o.s.web.client.RestTemplate] - HTTP GET http://localhost:8080/index.html
13:54:41.542 [DEBUG] [pool-1-thread-123] [o.s.web.client.RestTemplate] - HTTP GET http://localhost:8080/index.html
13:54:41.509 [DEBUG] [pool-1-thread-115] [o.s.web.client.RestTemplate] - HTTP GET http://localhost:8080/index.html
13:54:41.508 [DEBUG] [pool-1-thread-93] [o.s.web.client.RestTemplate] - HTTP GET http://localhost:8080/index.html
13:54:41.509 [DEBUG] [pool-1-thread-32] [o.s.web.client.RestTemplate] - HTTP GET http://localhost:8080/index.html
13:54:41.509 [DEBUG] [pool-1-thread-141] [o.s.web.client.RestTemplate] - HTTP GET http://localhost:8080/index.html
13:54:41.508 [DEBUG] [pool-1-thread-168] [o.s.web.client.RestTemplate] - HTTP GET http://localhost:8080/index.html
13:54:41.508 [DEBUG] [pool-1-thread-109] [o.s.web.client.RestTemplate] - HTTP GET http://localhost:8080/index.html
13:54:41.720 [DEBUG] [pool-1-thread-95] [o.s.web.client.RestTemplate] - HTTP GET http://localhost:8080/index.html
13:54:41.509 [DEBUG] [pool-1-thread-33] [o.s.web.client.RestTemplate] - HTTP GET http://localhost:8080/index.html
13:54:41.509 [DEBUG] [pool-1-thread-113] [o.s.web.client.RestTemplate] - HTTP GET http://localhost:8080/index.html
13:54:41.509 [DEBUG] [pool-1-thread-157] [o.s.web.client.RestTemplate] - HTTP GET http://localhost:8080/index.html
13:54:41.509 [DEBUG] [pool-1-thread-178] [o.s.web.client.RestTemplate] - HTTP GET http://localhost:8080/index.html
13:54:41.509 [DEBUG] [pool-1-thread-136] [o.s.web.client.RestTemplate] - HTTP GET http://localhost:8080/index.html
13:54:41.507 [DEBUG] [pool-1-thread-166] [o.s.web.client.RestTemplate] - HTTP GET http://localhost:8080/index.html
13:54:41.509 [DEBUG] [pool-1-thread-195] [o.s.web.client.RestTemplate] - HTTP GET http://localhost:8080/index.html
13:54:41.507 [DEBUG] [pool-1-thread-181] [o.s.web.client.RestTemplate] - HTTP GET http://localhost:8080/index.html
13:54:41.510 [DEBUG] [pool-1-thread-43] [o.s.web.client.RestTemplate] - HTTP GET http://localhost:8080/index.html
13:54:41.512 [DEBUG] [pool-1-thread-104] [o.s.web.client.RestTemplate] - HTTP GET http://localhost:8080/index.html
13:54:41.507 [DEBUG] [pool-1-thread-160] [o.s.web.client.RestTemplate] - HTTP GET http://localhost:8080/index.html
13:54:41.507 [DEBUG] [pool-1-thread-124] [o.s.web.client.RestTemplate] - HTTP GET http://localhost:8080/index.html
13:54:41.509 [DEBUG] [pool-1-thread-86] [o.s.web.client.RestTemplate] - HTTP GET http://localhost:8080/index.html
13:54:41.509 [DEBUG] [pool-1-thread-22] [o.s.web.client.RestTemplate] - HTTP GET http://localhost:8080/index.html
13:54:41.507 [DEBUG] [pool-1-thread-175] [o.s.web.client.RestTemplate] - HTTP GET http://localhost:8080/index.html
13:54:41.508 [DEBUG] [pool-1-thread-101] [o.s.web.client.RestTemplate] - HTTP GET http://localhost:8080/index.html
13:54:41.507 [DEBUG] [pool-1-thread-131] [o.s.web.client.RestTemplate] - HTTP GET http://localhost:8080/index.html
13:54:41.509 [DEBUG] [pool-1-thread-154] [o.s.web.client.RestTemplate] - HTTP GET http://localhost:8080/index.html
13:54:41.512 [DEBUG] [pool-1-thread-153] [o.s.web.client.RestTemplate] - HTTP GET http://localhost:8080/index.html
13:54:41.509 [DEBUG] [pool-1-thread-18] [o.s.web.client.RestTemplate] - HTTP GET http://localhost:8080/index.html
13:54:41.508 [DEBUG] [pool-1-thread-179] [o.s.web.client.RestTemplate] - HTTP GET http://localhost:8080/index.html
13:54:41.509 [DEBUG] [pool-1-thread-148] [o.s.web.client.RestTemplate] - HTTP GET http://localhost:8080/index.html
13:54:41.508 [DEBUG] [pool-1-thread-134] [o.s.web.client.RestTemplate] - HTTP GET http://localhost:8080/index.html
13:54:41.509 [DEBUG] [pool-1-thread-26] [o.s.web.client.RestTemplate] - HTTP GET http://localhost:8080/index.html
13:54:41.721 [DEBUG] [pool-1-thread-25] [o.s.web.client.RestTemplate] - HTTP GET http://localhost:8080/index.html
13:54:41.718 [DEBUG] [pool-1-thread-38] [o.s.web.client.RestTemplate] - HTTP GET http://localhost:8080/index.html
13:54:41.725 [DEBUG] [pool-1-thread-170] [o.s.web.client.RestTemplate] - HTTP GET http://localhost:8080/index.html
13:54:41.727 [DEBUG] [pool-1-thread-87] [o.s.web.client.RestTemplate] - HTTP GET http://localhost:8080/index.html
13:54:41.725 [DEBUG] [pool-1-thread-82] [o.s.web.client.RestTemplate] - HTTP GET http://localhost:8080/index.html
13:54:41.681 [DEBUG] [pool-1-thread-46] [o.s.web.client.RestTemplate] - HTTP GET http://localhost:8080/index.html
13:54:41.724 [DEBUG] [pool-1-thread-36] [o.s.web.client.RestTemplate] - HTTP GET http://localhost:8080/index.html
13:54:41.724 [DEBUG] [pool-1-thread-5] [o.s.web.client.RestTemplate] - HTTP GET http://localhost:8080/index.html
13:54:41.721 [DEBUG] [pool-1-thread-163] [o.s.web.client.RestTemplate] - HTTP GET http://localhost:8080/index.html
13:54:41.719 [DEBUG] [pool-1-thread-6] [o.s.web.client.RestTemplate] - HTTP GET http://localhost:8080/index.html
13:54:41.726 [DEBUG] [pool-1-thread-164] [o.s.web.client.RestTemplate] - HTTP GET http://localhost:8080/index.html
13:54:41.925 [DEBUG] [pool-1-thread-75] [o.s.web.client.RestTemplate] - Accept=[text/plain, application/json, application/*+json, */*]
13:54:41.926 [DEBUG] [pool-1-thread-88] [o.s.web.client.RestTemplate] - Accept=[text/plain, application/json, application/*+json, */*]
13:54:41.926 [DEBUG] [pool-1-thread-125] [o.s.web.client.RestTemplate] - Accept=[text/plain, application/json, application/*+json, */*]
13:54:41.925 [DEBUG] [pool-1-thread-167] [o.s.web.client.RestTemplate] - Accept=[text/plain, application/json, application/*+json, */*]
13:54:41.926 [DEBUG] [pool-1-thread-108] [o.s.web.client.RestTemplate] - Accept=[text/plain, application/json, application/*+json, */*]
13:54:41.933 [DEBUG] [pool-1-thread-155] [o.s.web.client.RestTemplate] - Accept=[text/plain, application/json, application/*+json, */*]
13:54:41.926 [DEBUG] [pool-1-thread-85] [o.s.web.client.RestTemplate] - Accept=[text/plain, application/json, application/*+json, */*]
13:54:41.932 [DEBUG] [pool-1-thread-151] [o.s.web.client.RestTemplate] - Accept=[text/plain, application/json, application/*+json, */*]
13:54:41.947 [DEBUG] [pool-1-thread-26] [o.s.web.client.RestTemplate] - Accept=[text/plain, application/json, application/*+json, */*]
13:54:41.948 [DEBUG] [pool-1-thread-163] [o.s.web.client.RestTemplate] - Accept=[text/plain, application/json, application/*+json, */*]
13:54:41.940 [DEBUG] [pool-1-thread-148] [o.s.web.client.RestTemplate] - Accept=[text/plain, application/json, application/*+json, */*]
13:54:41.952 [DEBUG] [pool-1-thread-171] [o.s.web.client.RestTemplate] - Accept=[text/plain, application/json, application/*+json, */*]
13:54:41.950 [DEBUG] [pool-1-thread-73] [o.s.web.client.RestTemplate] - Accept=[text/plain, application/json, application/*+json, */*]
13:54:41.940 [DEBUG] [pool-1-thread-132] [o.s.web.client.RestTemplate] - Accept=[text/plain, application/json, application/*+json, */*]
13:54:41.950 [DEBUG] [pool-1-thread-96] [o.s.web.client.RestTemplate] - Accept=[text/plain, application/json, application/*+json, */*]
13:54:41.940 [DEBUG] [pool-1-thread-99] [o.s.web.client.RestTemplate] - Accept=[text/plain, application/json, application/*+json, */*]
13:54:41.940 [DEBUG] [pool-1-thread-7] [o.s.web.client.RestTemplate] - Accept=[text/plain, application/json, application/*+json, */*]
13:54:41.947 [DEBUG] [pool-1-thread-124] [o.s.web.client.RestTemplate] - Accept=[text/plain, application/json, application/*+json, */*]
13:54:41.941 [DEBUG] [pool-1-thread-189] [o.s.web.client.RestTemplate] - Accept=[text/plain, application/json, application/*+json, */*]
13:54:41.950 [DEBUG] [pool-1-thread-36] [o.s.web.client.RestTemplate] - Accept=[text/plain, application/json, application/*+json, */*]
13:54:41.940 [DEBUG] [pool-1-thread-117] [o.s.web.client.RestTemplate] - Accept=[text/plain, application/json, application/*+json, */*]
13:54:41.949 [DEBUG] [pool-1-thread-6] [o.s.web.client.RestTemplate] - Accept=[text/plain, application/json, application/*+json, */*]
13:54:41.947 [DEBUG] [pool-1-thread-18] [o.s.web.client.RestTemplate] - Accept=[text/plain, application/json, application/*+json, */*]
13:54:41.940 [DEBUG] [pool-1-thread-15] [o.s.web.client.RestTemplate] - Accept=[text/plain, application/json, application/*+json, */*]
13:54:41.941 [DEBUG] [pool-1-thread-94] [o.s.web.client.RestTemplate] - Accept=[text/plain, application/json, application/*+json, */*]
13:54:41.947 [DEBUG] [pool-1-thread-170] [o.s.web.client.RestTemplate] - Accept=[text/plain, application/json, application/*+json, */*]
13:54:41.950 [DEBUG] [pool-1-thread-46] [o.s.web.client.RestTemplate] - Accept=[text/plain, application/json, application/*+json, */*]
13:54:41.940 [DEBUG] [pool-1-thread-183] [o.s.web.client.RestTemplate] - Accept=[text/plain, application/json, application/*+json, */*]
13:54:41.949 [DEBUG] [pool-1-thread-198] [o.s.web.client.RestTemplate] - Accept=[text/plain, application/json, application/*+json, */*]
13:54:41.941 [DEBUG] [pool-1-thread-3] [o.s.web.client.RestTemplate] - Accept=[text/plain, application/json, application/*+json, */*]
13:54:41.940 [DEBUG] [pool-1-thread-48] [o.s.web.client.RestTemplate] - Accept=[text/plain, application/json, application/*+json, */*]
13:54:41.951 [DEBUG] [pool-1-thread-20] [o.s.web.client.RestTemplate] - Accept=[text/plain, application/json, application/*+json, */*]
13:54:41.941 [DEBUG] [pool-1-thread-42] [o.s.web.client.RestTemplate] - Accept=[text/plain, application/json, application/*+json, */*]
13:54:42.025 [DEBUG] [pool-1-thread-44] [o.s.web.client.RestTemplate] - Accept=[text/plain, application/json, application/*+json, */*]
13:54:41.941 [DEBUG] [pool-1-thread-34] [o.s.web.client.RestTemplate] - Accept=[text/plain, application/json, application/*+json, */*]
13:54:41.946 [DEBUG] [pool-1-thread-102] [o.s.web.client.RestTemplate] - Accept=[text/plain, application/json, application/*+json, */*]
13:54:41.932 [DEBUG] [pool-1-thread-152] [o.s.web.client.RestTemplate] - Accept=[text/plain, application/json, application/*+json, */*]
13:54:41.941 [DEBUG] [pool-1-thread-91] [o.s.web.client.RestTemplate] - Accept=[text/plain, application/json, application/*+json, */*]
13:54:42.026 [DEBUG] [pool-1-thread-180] [o.s.web.client.RestTemplate] - Accept=[text/plain, application/json, application/*+json, */*]
13:54:42.021 [DEBUG] [pool-1-thread-174] [o.s.web.client.RestTemplate] - Accept=[text/plain, application/json, application/*+json, */*]
13:54:42.021 [DEBUG] [pool-1-thread-82] [o.s.web.client.RestTemplate] - Accept=[text/plain, application/json, application/*+json, */*]
13:54:42.021 [DEBUG] [pool-1-thread-195] [o.s.web.client.RestTemplate] - Accept=[text/plain, application/json, application/*+json, */*]
13:54:42.021 [DEBUG] [pool-1-thread-199] [o.s.web.client.RestTemplate] - Accept=[text/plain, application/json, application/*+json, */*]
13:54:42.021 [DEBUG] [pool-1-thread-133] [o.s.web.client.RestTemplate] - Accept=[text/plain, application/json, application/*+json, */*]
13:54:42.021 [DEBUG] [pool-1-thread-112] [o.s.web.client.RestTemplate] - Accept=[text/plain, application/json, application/*+json, */*]
13:54:42.022 [DEBUG] [pool-1-thread-45] [o.s.web.client.RestTemplate] - Accept=[text/plain, application/json, application/*+json, */*]
13:54:42.026 [DEBUG] [pool-1-thread-53] [o.s.web.client.RestTemplate] - Accept=[text/plain, application/json, application/*+json, */*]
13:54:42.026 [DEBUG] [pool-1-thread-13] [o.s.web.client.RestTemplate] - Accept=[text/plain, application/json, application/*+json, */*]
13:54:42.026 [DEBUG] [pool-1-thread-77] [o.s.web.client.RestTemplate] - Accept=[text/plain, application/json, application/*+json, */*]
13:54:42.021 [DEBUG] [pool-1-thread-159] [o.s.web.client.RestTemplate] - Accept=[text/plain, application/json, application/*+json, */*]
13:54:42.026 [DEBUG] [pool-1-thread-134] [o.s.web.client.RestTemplate] - Accept=[text/plain, application/json, application/*+json, */*]
13:54:42.026 [DEBUG] [pool-1-thread-118] [o.s.web.client.RestTemplate] - Accept=[text/plain, application/json, application/*+json, */*]
13:54:41.947 [DEBUG] [pool-1-thread-131] [o.s.web.client.RestTemplate] - Accept=[text/plain, application/json, application/*+json, */*]
13:54:41.949 [DEBUG] [pool-1-thread-153] [o.s.web.client.RestTemplate] - Accept=[text/plain, application/json, application/*+json, */*]
13:54:42.021 [DEBUG] [pool-1-thread-64] [o.s.web.client.RestTemplate] - Accept=[text/plain, application/json, application/*+json, */*]
13:54:42.026 [DEBUG] [pool-1-thread-47] [o.s.web.client.RestTemplate] - Accept=[text/plain, application/json, application/*+json, */*]
13:54:42.021 [DEBUG] [pool-1-thread-33] [o.s.web.client.RestTemplate] - Accept=[text/plain, application/json, application/*+json, */*]
13:54:42.021 [DEBUG] [pool-1-thread-157] [o.s.web.client.RestTemplate] - Accept=[text/plain, application/json, application/*+json, */*]
13:54:42.021 [DEBUG] [pool-1-thread-81] [o.s.web.client.RestTemplate] - Accept=[text/plain, application/json, application/*+json, */*]
13:54:42.021 [DEBUG] [pool-1-thread-29] [o.s.web.client.RestTemplate] - Accept=[text/plain, application/json, application/*+json, */*]
13:54:42.022 [DEBUG] [pool-1-thread-32] [o.s.web.client.RestTemplate] - Accept=[text/plain, application/json, application/*+json, */*]
13:54:41.951 [DEBUG] [pool-1-thread-49] [o.s.web.client.RestTemplate] - Accept=[text/plain, application/json, application/*+json, */*]
13:54:42.021 [DEBUG] [pool-1-thread-58] [o.s.web.client.RestTemplate] - Accept=[text/plain, application/json, application/*+json, */*]
13:54:42.021 [DEBUG] [pool-1-thread-78] [o.s.web.client.RestTemplate] - Accept=[text/plain, application/json, application/*+json, */*]
13:54:42.021 [DEBUG] [pool-1-thread-122] [o.s.web.client.RestTemplate] - Accept=[text/plain, application/json, application/*+json, */*]
13:54:42.026 [DEBUG] [pool-1-thread-55] [o.s.web.client.RestTemplate] - Accept=[text/plain, application/json, application/*+json, */*]
13:54:42.025 [DEBUG] [pool-1-thread-11] [o.s.web.client.RestTemplate] - Accept=[text/plain, application/json, application/*+json, */*]
13:54:42.022 [DEBUG] [pool-1-thread-70] [o.s.web.client.RestTemplate] - Accept=[text/plain, application/json, application/*+json, */*]
13:54:42.022 [DEBUG] [pool-1-thread-4] [o.s.web.client.RestTemplate] - Accept=[text/plain, application/json, application/*+json, */*]
13:54:42.020 [DEBUG] [pool-1-thread-98] [o.s.web.client.RestTemplate] - Accept=[text/plain, application/json, application/*+json, */*]
13:54:42.023 [DEBUG] [pool-1-thread-160] [o.s.web.client.RestTemplate] - Accept=[text/plain, application/json, application/*+json, */*]
13:54:42.023 [DEBUG] [pool-1-thread-127] [o.s.web.client.RestTemplate] - Accept=[text/plain, application/json, application/*+json, */*]
13:54:42.023 [DEBUG] [pool-1-thread-138] [o.s.web.client.RestTemplate] - Accept=[text/plain, application/json, application/*+json, */*]
13:54:42.023 [DEBUG] [pool-1-thread-135] [o.s.web.client.RestTemplate] - Accept=[text/plain, application/json, application/*+json, */*]
13:54:42.022 [DEBUG] [pool-1-thread-143] [o.s.web.client.RestTemplate] - Accept=[text/plain, application/json, application/*+json, */*]
13:54:42.025 [DEBUG] [pool-1-thread-194] [o.s.web.client.RestTemplate] - Accept=[text/plain, application/json, application/*+json, */*]
13:54:41.958 [DEBUG] [pool-1-thread-27] [o.s.web.client.RestTemplate] - Accept=[text/plain, application/json, application/*+json, */*]
13:54:42.023 [DEBUG] [pool-1-thread-87] [o.s.web.client.RestTemplate] - Accept=[text/plain, application/json, application/*+json, */*]
13:54:42.022 [DEBUG] [pool-1-thread-172] [o.s.web.client.RestTemplate] - Accept=[text/plain, application/json, application/*+json, */*]
13:54:42.024 [DEBUG] [pool-1-thread-146] [o.s.web.client.RestTemplate] - Accept=[text/plain, application/json, application/*+json, */*]
13:54:41.996 [DEBUG] [pool-1-thread-67] [o.s.web.client.RestTemplate] - Accept=[text/plain, application/json, application/*+json, */*]
13:54:41.951 [DEBUG] [pool-1-thread-144] [o.s.web.client.RestTemplate] - Accept=[text/plain, application/json, application/*+json, */*]
13:54:42.023 [DEBUG] [pool-1-thread-74] [o.s.web.client.RestTemplate] - Accept=[text/plain, application/json, application/*+json, */*]
13:54:42.023 [DEBUG] [pool-1-thread-145] [o.s.web.client.RestTemplate] - Accept=[text/plain, application/json, application/*+json, */*]
13:54:41.996 [DEBUG] [pool-1-thread-119] [o.s.web.client.RestTemplate] - Accept=[text/plain, application/json, application/*+json, */*]
13:54:42.023 [DEBUG] [pool-1-thread-2] [o.s.web.client.RestTemplate] - Accept=[text/plain, application/json, application/*+json, */*]
13:54:42.025 [DEBUG] [pool-1-thread-193] [o.s.web.client.RestTemplate] - Accept=[text/plain, application/json, application/*+json, */*]
13:54:42.025 [DEBUG] [pool-1-thread-63] [o.s.web.client.RestTemplate] - Accept=[text/plain, application/json, application/*+json, */*]
13:54:42.025 [DEBUG] [pool-1-thread-31] [o.s.web.client.RestTemplate] - Accept=[text/plain, application/json, application/*+json, */*]
13:54:42.025 [DEBUG] [pool-1-thread-128] [o.s.web.client.RestTemplate] - Accept=[text/plain, application/json, application/*+json, */*]
13:54:42.025 [DEBUG] [pool-1-thread-5] [o.s.web.client.RestTemplate] - Accept=[text/plain, application/json, application/*+json, */*]
13:54:42.024 [DEBUG] [pool-1-thread-40] [o.s.web.client.RestTemplate] - Accept=[text/plain, application/json, application/*+json, */*]
13:54:42.022 [DEBUG] [pool-1-thread-22] [o.s.web.client.RestTemplate] - Accept=[text/plain, application/json, application/*+json, */*]
13:54:42.022 [DEBUG] [pool-1-thread-71] [o.s.web.client.RestTemplate] - Accept=[text/plain, application/json, application/*+json, */*]
13:54:42.025 [DEBUG] [pool-1-thread-60] [o.s.web.client.RestTemplate] - Accept=[text/plain, application/json, application/*+json, */*]
13:54:42.026 [DEBUG] [pool-1-thread-66] [o.s.web.client.RestTemplate] - Accept=[text/plain, application/json, application/*+json, */*]
13:54:42.025 [DEBUG] [pool-1-thread-105] [o.s.web.client.RestTemplate] - Accept=[text/plain, application/json, application/*+json, */*]
13:54:42.022 [DEBUG] [pool-1-thread-59] [o.s.web.client.RestTemplate] - Accept=[text/plain, application/json, application/*+json, */*]
13:54:42.025 [DEBUG] [pool-1-thread-182] [o.s.web.client.RestTemplate] - Accept=[text/plain, application/json, application/*+json, */*]
13:54:41.958 [DEBUG] [pool-1-thread-121] [o.s.web.client.RestTemplate] - Accept=[text/plain, application/json, application/*+json, */*]
13:54:42.021 [DEBUG] [pool-1-thread-149] [o.s.web.client.RestTemplate] - Accept=[text/plain, application/json, application/*+json, */*]
13:54:42.022 [DEBUG] [pool-1-thread-166] [o.s.web.client.RestTemplate] - Accept=[text/plain, application/json, application/*+json, */*]
13:54:42.021 [DEBUG] [pool-1-thread-162] [o.s.web.client.RestTemplate] - Accept=[text/plain, application/json, application/*+json, */*]
13:54:42.412 [DEBUG] [pool-1-thread-135] [o.s.web.client.RestTemplate] - Response 200 OK
13:54:41.951 [DEBUG] [pool-1-thread-147] [o.s.web.client.RestTemplate] - Accept=[text/plain, application/json, application/*+json, */*]
13:54:42.024 [DEBUG] [pool-1-thread-175] [o.s.web.client.RestTemplate] - Accept=[text/plain, application/json, application/*+json, */*]
13:54:41.959 [DEBUG] [pool-1-thread-54] [o.s.web.client.RestTemplate] - Accept=[text/plain, application/json, application/*+json, */*]
13:54:42.021 [DEBUG] [pool-1-thread-12] [o.s.web.client.RestTemplate] - Accept=[text/plain, application/json, application/*+json, */*]
13:54:41.995 [DEBUG] [pool-1-thread-188] [o.s.web.client.RestTemplate] - Accept=[text/plain, application/json, application/*+json, */*]
13:54:42.463 [DEBUG] [pool-1-thread-60] [o.s.web.client.RestTemplate] - Response 200 OK
13:54:42.021 [DEBUG] [pool-1-thread-86] [o.s.web.client.RestTemplate] - Accept=[text/plain, application/json, application/*+json, */*]
13:54:41.958 [DEBUG] [pool-1-thread-190] [o.s.web.client.RestTemplate] - Accept=[text/plain, application/json, application/*+json, */*]
13:54:42.022 [DEBUG] [pool-1-thread-84] [o.s.web.client.RestTemplate] - Accept=[text/plain, application/json, application/*+json, */*]
13:54:41.996 [DEBUG] [pool-1-thread-154] [o.s.web.client.RestTemplate] - Accept=[text/plain, application/json, application/*+json, */*]
13:54:42.022 [DEBUG] [pool-1-thread-130] [o.s.web.client.RestTemplate] - Accept=[text/plain, application/json, application/*+json, */*]
13:54:42.064 [DEBUG] [pool-1-thread-61] [o.s.web.client.RestTemplate] - Accept=[text/plain, application/json, application/*+json, */*]
13:54:42.068 [DEBUG] [pool-1-thread-90] [o.s.web.client.RestTemplate] - Accept=[text/plain, application/json, application/*+json, */*]
13:54:42.067 [DEBUG] [pool-1-thread-141] [o.s.web.client.RestTemplate] - Accept=[text/plain, application/json, application/*+json, */*]
13:54:42.064 [DEBUG] [pool-1-thread-50] [o.s.web.client.RestTemplate] - Accept=[text/plain, application/json, application/*+json, */*]
13:54:42.036 [DEBUG] [pool-1-thread-177] [o.s.web.client.RestTemplate] - Accept=[text/plain, application/json, application/*+json, */*]
13:54:42.067 [DEBUG] [pool-1-thread-1] [o.s.web.client.RestTemplate] - Accept=[text/plain, application/json, application/*+json, */*]
13:54:42.067 [DEBUG] [pool-1-thread-200] [o.s.web.client.RestTemplate] - Accept=[text/plain, application/json, application/*+json, */*]
13:54:42.067 [DEBUG] [pool-1-thread-37] [o.s.web.client.RestTemplate] - Accept=[text/plain, application/json, application/*+json, */*]
13:54:42.067 [DEBUG] [pool-1-thread-8] [o.s.web.client.RestTemplate] - Accept=[text/plain, application/json, application/*+json, */*]
13:54:42.036 [DEBUG] [pool-1-thread-158] [o.s.web.client.RestTemplate] - Accept=[text/plain, application/json, application/*+json, */*]
13:54:42.075 [DEBUG] [pool-1-thread-120] [o.s.web.client.RestTemplate] - Accept=[text/plain, application/json, application/*+json, */*]
13:54:42.475 [DEBUG] [pool-1-thread-162] [o.s.web.client.RestTemplate] - Response 200 OK
13:54:42.068 [DEBUG] [pool-1-thread-104] [o.s.web.client.RestTemplate] - Accept=[text/plain, application/json, application/*+json, */*]
13:54:42.066 [DEBUG] [pool-1-thread-181] [o.s.web.client.RestTemplate] - Accept=[text/plain, application/json, application/*+json, */*]
13:54:42.476 [DEBUG] [pool-1-thread-105] [o.s.web.client.RestTemplate] - Response 200 OK
13:54:42.069 [DEBUG] [pool-1-thread-89] [o.s.web.client.RestTemplate] - Accept=[text/plain, application/json, application/*+json, */*]
13:54:42.036 [DEBUG] [pool-1-thread-80] [o.s.web.client.RestTemplate] - Accept=[text/plain, application/json, application/*+json, */*]
13:54:42.477 [DEBUG] [pool-1-thread-193] [o.s.web.client.RestTemplate] - Response 200 OK
13:54:42.477 [DEBUG] [pool-1-thread-138] [o.s.web.client.RestTemplate] - Response 200 OK
13:54:42.062 [DEBUG] [pool-1-thread-169] [o.s.web.client.RestTemplate] - Accept=[text/plain, application/json, application/*+json, */*]
13:54:42.064 [DEBUG] [pool-1-thread-100] [o.s.web.client.RestTemplate] - Accept=[text/plain, application/json, application/*+json, */*]
13:54:42.062 [DEBUG] [pool-1-thread-176] [o.s.web.client.RestTemplate] - Accept=[text/plain, application/json, application/*+json, */*]
13:54:42.068 [DEBUG] [pool-1-thread-79] [o.s.web.client.RestTemplate] - Accept=[text/plain, application/json, application/*+json, */*]
13:54:42.074 [DEBUG] [pool-1-thread-116] [o.s.web.client.RestTemplate] - Accept=[text/plain, application/json, application/*+json, */*]
13:54:42.477 [DEBUG] [pool-1-thread-128] [o.s.web.client.RestTemplate] - Response 200 OK
13:54:42.070 [DEBUG] [pool-1-thread-10] [o.s.web.client.RestTemplate] - Accept=[text/plain, application/json, application/*+json, */*]
13:54:42.478 [DEBUG] [pool-1-thread-2] [o.s.web.client.RestTemplate] - Response 200 OK
13:54:42.065 [DEBUG] [pool-1-thread-107] [o.s.web.client.RestTemplate] - Accept=[text/plain, application/json, application/*+json, */*]
13:54:42.072 [DEBUG] [pool-1-thread-62] [o.s.web.client.RestTemplate] - Accept=[text/plain, application/json, application/*+json, */*]
13:54:42.071 [DEBUG] [pool-1-thread-57] [o.s.web.client.RestTemplate] - Accept=[text/plain, application/json, application/*+json, */*]
13:54:42.074 [DEBUG] [pool-1-thread-110] [o.s.web.client.RestTemplate] - Accept=[text/plain, application/json, application/*+json, */*]
13:54:42.071 [DEBUG] [pool-1-thread-137] [o.s.web.client.RestTemplate] - Accept=[text/plain, application/json, application/*+json, */*]
13:54:42.070 [DEBUG] [pool-1-thread-9] [o.s.web.client.RestTemplate] - Accept=[text/plain, application/json, application/*+json, */*]
13:54:42.070 [DEBUG] [pool-1-thread-35] [o.s.web.client.RestTemplate] - Accept=[text/plain, application/json, application/*+json, */*]
13:54:42.077 [DEBUG] [pool-1-thread-21] [o.s.web.client.RestTemplate] - Accept=[text/plain, application/json, application/*+json, */*]
13:54:42.064 [DEBUG] [pool-1-thread-43] [o.s.web.client.RestTemplate] - Accept=[text/plain, application/json, application/*+json, */*]
13:54:42.064 [DEBUG] [pool-1-thread-126] [o.s.web.client.RestTemplate] - Accept=[text/plain, application/json, application/*+json, */*]
13:54:42.071 [DEBUG] [pool-1-thread-113] [o.s.web.client.RestTemplate] - Accept=[text/plain, application/json, application/*+json, */*]
13:54:42.070 [DEBUG] [pool-1-thread-25] [o.s.web.client.RestTemplate] - Accept=[text/plain, application/json, application/*+json, */*]
13:54:42.036 [DEBUG] [pool-1-thread-103] [o.s.web.client.RestTemplate] - Accept=[text/plain, application/json, application/*+json, */*]
13:54:42.036 [DEBUG] [pool-1-thread-178] [o.s.web.client.RestTemplate] - Accept=[text/plain, application/json, application/*+json, */*]
13:54:42.066 [DEBUG] [pool-1-thread-72] [o.s.web.client.RestTemplate] - Accept=[text/plain, application/json, application/*+json, */*]
13:54:42.486 [DEBUG] [pool-1-thread-147] [o.s.web.client.RestTemplate] - Response 200 OK
13:54:42.486 [DEBUG] [pool-1-thread-10] [o.s.web.client.RestTemplate] - Response 200 OK
13:54:42.072 [DEBUG] [pool-1-thread-168] [o.s.web.client.RestTemplate] - Accept=[text/plain, application/json, application/*+json, */*]
13:54:42.037 [DEBUG] [pool-1-thread-191] [o.s.web.client.RestTemplate] - Accept=[text/plain, application/json, application/*+json, */*]
13:54:42.067 [DEBUG] [pool-1-thread-142] [o.s.web.client.RestTemplate] - Accept=[text/plain, application/json, application/*+json, */*]
13:54:42.066 [DEBUG] [pool-1-thread-97] [o.s.web.client.RestTemplate] - Accept=[text/plain, application/json, application/*+json, */*]
13:54:42.067 [DEBUG] [pool-1-thread-140] [o.s.web.client.RestTemplate] - Accept=[text/plain, application/json, application/*+json, */*]
13:54:42.487 [DEBUG] [pool-1-thread-8] [o.s.web.client.RestTemplate] - Response 200 OK
13:54:42.488 [DEBUG] [pool-1-thread-120] [o.s.web.client.RestTemplate] - Response 200 OK
13:54:42.489 [DEBUG] [pool-1-thread-181] [o.s.web.client.RestTemplate] - Response 200 OK
13:54:42.489 [DEBUG] [pool-1-thread-141] [o.s.web.client.RestTemplate] - Response 200 OK
13:54:42.072 [DEBUG] [pool-1-thread-111] [o.s.web.client.RestTemplate] - Accept=[text/plain, application/json, application/*+json, */*]
13:54:42.062 [DEBUG] [pool-1-thread-69] [o.s.web.client.RestTemplate] - Accept=[text/plain, application/json, application/*+json, */*]
13:54:42.490 [DEBUG] [pool-1-thread-89] [o.s.web.client.RestTemplate] - Response 200 OK
13:54:42.490 [DEBUG] [pool-1-thread-158] [o.s.web.client.RestTemplate] - Response 200 OK
13:54:42.072 [DEBUG] [pool-1-thread-164] [o.s.web.client.RestTemplate] - Accept=[text/plain, application/json, application/*+json, */*]
13:54:42.491 [DEBUG] [pool-1-thread-54] [o.s.web.client.RestTemplate] - Response 200 OK
13:54:42.067 [DEBUG] [pool-1-thread-173] [o.s.web.client.RestTemplate] - Accept=[text/plain, application/json, application/*+json, */*]
13:54:42.036 [DEBUG] [pool-1-thread-19] [o.s.web.client.RestTemplate] - Accept=[text/plain, application/json, application/*+json, */*]
13:54:42.068 [DEBUG] [pool-1-thread-39] [o.s.web.client.RestTemplate] - Accept=[text/plain, application/json, application/*+json, */*]
13:54:42.062 [DEBUG] [pool-1-thread-101] [o.s.web.client.RestTemplate] - Accept=[text/plain, application/json, application/*+json, */*]
13:54:42.069 [DEBUG] [pool-1-thread-184] [o.s.web.client.RestTemplate] - Accept=[text/plain, application/json, application/*+json, */*]
13:54:42.062 [DEBUG] [pool-1-thread-136] [o.s.web.client.RestTemplate] - Accept=[text/plain, application/json, application/*+json, */*]
13:54:42.069 [DEBUG] [pool-1-thread-65] [o.s.web.client.RestTemplate] - Accept=[text/plain, application/json, application/*+json, */*]
13:54:42.074 [DEBUG] [pool-1-thread-76] [o.s.web.client.RestTemplate] - Accept=[text/plain, application/json, application/*+json, */*]
13:54:42.065 [DEBUG] [pool-1-thread-52] [o.s.web.client.RestTemplate] - Accept=[text/plain, application/json, application/*+json, */*]
13:54:42.066 [DEBUG] [pool-1-thread-115] [o.s.web.client.RestTemplate] - Accept=[text/plain, application/json, application/*+json, */*]
13:54:42.069 [DEBUG] [pool-1-thread-161] [o.s.web.client.RestTemplate] - Accept=[text/plain, application/json, application/*+json, */*]
13:54:42.036 [DEBUG] [pool-1-thread-30] [o.s.web.client.RestTemplate] - Accept=[text/plain, application/json, application/*+json, */*]
13:54:42.065 [DEBUG] [pool-1-thread-150] [o.s.web.client.RestTemplate] - Accept=[text/plain, application/json, application/*+json, */*]
13:54:42.067 [DEBUG] [pool-1-thread-109] [o.s.web.client.RestTemplate] - Accept=[text/plain, application/json, application/*+json, */*]
13:54:42.062 [DEBUG] [pool-1-thread-24] [o.s.web.client.RestTemplate] - Accept=[text/plain, application/json, application/*+json, */*]
13:54:42.067 [DEBUG] [pool-1-thread-51] [o.s.web.client.RestTemplate] - Accept=[text/plain, application/json, application/*+json, */*]
13:54:42.064 [DEBUG] [pool-1-thread-95] [o.s.web.client.RestTemplate] - Accept=[text/plain, application/json, application/*+json, */*]
13:54:42.036 [DEBUG] [pool-1-thread-38] [o.s.web.client.RestTemplate] - Accept=[text/plain, application/json, application/*+json, */*]
13:54:42.067 [DEBUG] [pool-1-thread-179] [o.s.web.client.RestTemplate] - Accept=[text/plain, application/json, application/*+json, */*]
13:54:42.067 [DEBUG] [pool-1-thread-186] [o.s.web.client.RestTemplate] - Accept=[text/plain, application/json, application/*+json, */*]
13:54:42.040 [DEBUG] [pool-1-thread-114] [o.s.web.client.RestTemplate] - Accept=[text/plain, application/json, application/*+json, */*]
13:54:42.074 [DEBUG] [pool-1-thread-83] [o.s.web.client.RestTemplate] - Accept=[text/plain, application/json, application/*+json, */*]
13:54:42.064 [DEBUG] [pool-1-thread-139] [o.s.web.client.RestTemplate] - Accept=[text/plain, application/json, application/*+json, */*]
13:54:42.066 [DEBUG] [pool-1-thread-17] [o.s.web.client.RestTemplate] - Accept=[text/plain, application/json, application/*+json, */*]
13:54:42.067 [DEBUG] [pool-1-thread-41] [o.s.web.client.RestTemplate] - Accept=[text/plain, application/json, application/*+json, */*]
13:54:42.068 [DEBUG] [pool-1-thread-93] [o.s.web.client.RestTemplate] - Accept=[text/plain, application/json, application/*+json, */*]
13:54:42.067 [DEBUG] [pool-1-thread-23] [o.s.web.client.RestTemplate] - Accept=[text/plain, application/json, application/*+json, */*]
13:54:42.067 [DEBUG] [pool-1-thread-192] [o.s.web.client.RestTemplate] - Accept=[text/plain, application/json, application/*+json, */*]
13:54:42.064 [DEBUG] [pool-1-thread-129] [o.s.web.client.RestTemplate] - Accept=[text/plain, application/json, application/*+json, */*]
13:54:42.062 [DEBUG] [pool-1-thread-123] [o.s.web.client.RestTemplate] - Accept=[text/plain, application/json, application/*+json, */*]
13:54:42.063 [DEBUG] [pool-1-thread-92] [o.s.web.client.RestTemplate] - Accept=[text/plain, application/json, application/*+json, */*]
13:54:42.074 [DEBUG] [pool-1-thread-68] [o.s.web.client.RestTemplate] - Accept=[text/plain, application/json, application/*+json, */*]
13:54:42.066 [DEBUG] [pool-1-thread-28] [o.s.web.client.RestTemplate] - Accept=[text/plain, application/json, application/*+json, */*]
13:54:42.073 [DEBUG] [pool-1-thread-187] [o.s.web.client.RestTemplate] - Accept=[text/plain, application/json, application/*+json, */*]
13:54:42.074 [DEBUG] [pool-1-thread-14] [o.s.web.client.RestTemplate] - Accept=[text/plain, application/json, application/*+json, */*]
13:54:42.062 [DEBUG] [pool-1-thread-165] [o.s.web.client.RestTemplate] - Accept=[text/plain, application/json, application/*+json, */*]
13:54:42.072 [DEBUG] [pool-1-thread-156] [o.s.web.client.RestTemplate] - Accept=[text/plain, application/json, application/*+json, */*]
13:54:42.068 [DEBUG] [pool-1-thread-56] [o.s.web.client.RestTemplate] - Accept=[text/plain, application/json, application/*+json, */*]
13:54:42.070 [DEBUG] [pool-1-thread-106] [o.s.web.client.RestTemplate] - Accept=[text/plain, application/json, application/*+json, */*]
13:54:42.068 [DEBUG] [pool-1-thread-196] [o.s.web.client.RestTemplate] - Accept=[text/plain, application/json, application/*+json, */*]
13:54:42.036 [DEBUG] [pool-1-thread-16] [o.s.web.client.RestTemplate] - Accept=[text/plain, application/json, application/*+json, */*]
13:54:42.039 [DEBUG] [pool-1-thread-197] [o.s.web.client.RestTemplate] - Accept=[text/plain, application/json, application/*+json, */*]
13:54:42.069 [DEBUG] [pool-1-thread-185] [o.s.web.client.RestTemplate] - Accept=[text/plain, application/json, application/*+json, */*]
13:54:42.344 [DEBUG] [pool-1-thread-88] [o.s.web.client.RestTemplate] - Response 200 OK
13:54:42.326 [DEBUG] [pool-1-thread-94] [o.s.web.client.RestTemplate] - Response 200 OK
13:54:42.345 [DEBUG] [pool-1-thread-189] [o.s.web.client.RestTemplate] - Response 200 OK
13:54:42.325 [DEBUG] [pool-1-thread-151] [o.s.web.client.RestTemplate] - Response 200 OK
13:54:42.327 [DEBUG] [pool-1-thread-153] [o.s.web.client.RestTemplate] - Response 200 OK
13:54:42.332 [DEBUG] [pool-1-thread-91] [o.s.web.client.RestTemplate] - Response 200 OK
13:54:42.324 [DEBUG] [pool-1-thread-122] [o.s.web.client.RestTemplate] - Response 200 OK
13:54:42.329 [DEBUG] [pool-1-thread-152] [o.s.web.client.RestTemplate] - Response 200 OK
13:54:42.332 [DEBUG] [pool-1-thread-45] [o.s.web.client.RestTemplate] - Response 200 OK
13:54:42.325 [DEBUG] [pool-1-thread-47] [o.s.web.client.RestTemplate] - Response 200 OK
13:54:42.326 [DEBUG] [pool-1-thread-42] [o.s.web.client.RestTemplate] - Response 200 OK
13:54:42.343 [DEBUG] [pool-1-thread-99] [o.s.web.client.RestTemplate] - Response 200 OK
13:54:42.323 [DEBUG] [pool-1-thread-48] [o.s.web.client.RestTemplate] - Response 200 OK
13:54:42.324 [DEBUG] [pool-1-thread-46] [o.s.web.client.RestTemplate] - Response 200 OK
13:54:42.330 [DEBUG] [pool-1-thread-49] [o.s.web.client.RestTemplate] - Response 200 OK
13:54:42.325 [DEBUG] [pool-1-thread-18] [o.s.web.client.RestTemplate] - Response 200 OK
13:54:42.332 [DEBUG] [pool-1-thread-183] [o.s.web.client.RestTemplate] - Response 200 OK
13:54:42.326 [DEBUG] [pool-1-thread-102] [o.s.web.client.RestTemplate] - Response 200 OK
13:54:42.327 [DEBUG] [pool-1-thread-82] [o.s.web.client.RestTemplate] - Response 200 OK
13:54:42.328 [DEBUG] [pool-1-thread-3] [o.s.web.client.RestTemplate] - Response 200 OK
13:54:42.325 [DEBUG] [pool-1-thread-117] [o.s.web.client.RestTemplate] - Response 200 OK
13:54:42.326 [DEBUG] [pool-1-thread-64] [o.s.web.client.RestTemplate] - Response 200 OK
13:54:42.333 [DEBUG] [pool-1-thread-170] [o.s.web.client.RestTemplate] - Response 200 OK
13:54:42.349 [DEBUG] [pool-1-thread-167] [o.s.web.client.RestTemplate] - Response 200 OK
13:54:42.334 [DEBUG] [pool-1-thread-108] [o.s.web.client.RestTemplate] - Response 200 OK
13:54:42.347 [DEBUG] [pool-1-thread-157] [o.s.web.client.RestTemplate] - Response 200 OK
13:54:42.649 [DEBUG] [pool-1-thread-116] [o.s.web.client.RestTemplate] - Response 200 OK
13:54:42.347 [DEBUG] [pool-1-thread-159] [o.s.web.client.RestTemplate] - Response 200 OK
13:54:42.650 [DEBUG] [pool-1-thread-68] [o.s.web.client.RestTemplate] - Response 200 OK
13:54:42.651 [DEBUG] [pool-1-thread-51] [o.s.web.client.RestTemplate] - Response 200 OK
13:54:42.325 [DEBUG] [pool-1-thread-70] [o.s.web.client.RestTemplate] - Response 200 OK
13:54:42.651 [DEBUG] [pool-1-thread-179] [o.s.web.client.RestTemplate] - Response 200 OK
13:54:42.326 [DEBUG] [pool-1-thread-26] [o.s.web.client.RestTemplate] - Response 200 OK
13:54:42.325 [DEBUG] [pool-1-thread-124] [o.s.web.client.RestTemplate] - Response 200 OK
13:54:42.324 [DEBUG] [pool-1-thread-112] [o.s.web.client.RestTemplate] - Response 200 OK
13:54:42.325 [DEBUG] [pool-1-thread-98] [o.s.web.client.RestTemplate] - Response 200 OK
13:54:42.323 [DEBUG] [pool-1-thread-155] [o.s.web.client.RestTemplate] - Response 200 OK
13:54:42.325 [DEBUG] [pool-1-thread-73] [o.s.web.client.RestTemplate] - Response 200 OK
13:54:42.328 [DEBUG] [pool-1-thread-132] [o.s.web.client.RestTemplate] - Response 200 OK
13:54:42.331 [DEBUG] [pool-1-thread-85] [o.s.web.client.RestTemplate] - Response 200 OK
13:54:42.328 [DEBUG] [pool-1-thread-131] [o.s.web.client.RestTemplate] - Response 200 OK
13:54:42.348 [DEBUG] [pool-1-thread-148] [o.s.web.client.RestTemplate] - Response 200 OK
13:54:42.325 [DEBUG] [pool-1-thread-34] [o.s.web.client.RestTemplate] - Response 200 OK
13:54:42.328 [DEBUG] [pool-1-thread-4] [o.s.web.client.RestTemplate] - Response 200 OK
13:54:42.325 [DEBUG] [pool-1-thread-13] [o.s.web.client.RestTemplate] - Response 200 OK
13:54:42.348 [DEBUG] [pool-1-thread-125] [o.s.web.client.RestTemplate] - Response 200 OK
13:54:42.329 [DEBUG] [pool-1-thread-33] [o.s.web.client.RestTemplate] - Response 200 OK
13:54:42.325 [DEBUG] [pool-1-thread-81] [o.s.web.client.RestTemplate] - Response 200 OK
13:54:42.325 [DEBUG] [pool-1-thread-75] [o.s.web.client.RestTemplate] - Response 200 OK
13:54:42.326 [DEBUG] [pool-1-thread-7] [o.s.web.client.RestTemplate] - Response 200 OK
13:54:42.325 [DEBUG] [pool-1-thread-36] [o.s.web.client.RestTemplate] - Response 200 OK
13:54:42.330 [DEBUG] [pool-1-thread-20] [o.s.web.client.RestTemplate] - Response 200 OK
13:54:42.324 [DEBUG] [pool-1-thread-32] [o.s.web.client.RestTemplate] - Response 200 OK
13:54:42.402 [DEBUG] [pool-1-thread-6] [o.s.web.client.RestTemplate] - Response 200 OK
13:54:42.402 [DEBUG] [pool-1-thread-118] [o.s.web.client.RestTemplate] - Response 200 OK
13:54:42.402 [DEBUG] [pool-1-thread-163] [o.s.web.client.RestTemplate] - Response 200 OK
13:54:42.403 [DEBUG] [pool-1-thread-174] [o.s.web.client.RestTemplate] - Response 200 OK
13:54:42.405 [DEBUG] [pool-1-thread-53] [o.s.web.client.RestTemplate] - Response 200 OK
13:54:42.405 [DEBUG] [pool-1-thread-96] [o.s.web.client.RestTemplate] - Response 200 OK
13:54:42.405 [DEBUG] [pool-1-thread-58] [o.s.web.client.RestTemplate] - Response 200 OK
13:54:42.407 [DEBUG] [pool-1-thread-134] [o.s.web.client.RestTemplate] - Response 200 OK
13:54:42.407 [DEBUG] [pool-1-thread-171] [o.s.web.client.RestTemplate] - Response 200 OK
13:54:42.407 [DEBUG] [pool-1-thread-133] [o.s.web.client.RestTemplate] - Response 200 OK
13:54:42.407 [DEBUG] [pool-1-thread-15] [o.s.web.client.RestTemplate] - Response 200 OK
13:54:42.407 [DEBUG] [pool-1-thread-198] [o.s.web.client.RestTemplate] - Response 200 OK
13:54:42.409 [DEBUG] [pool-1-thread-145] [o.s.web.client.RestTemplate] - Response 200 OK
13:54:42.410 [DEBUG] [pool-1-thread-143] [o.s.web.client.RestTemplate] - Response 200 OK
13:54:42.410 [DEBUG] [pool-1-thread-195] [o.s.web.client.RestTemplate] - Response 200 OK
13:54:42.410 [DEBUG] [pool-1-thread-78] [o.s.web.client.RestTemplate] - Response 200 OK
13:54:42.410 [DEBUG] [pool-1-thread-127] [o.s.web.client.RestTemplate] - Response 200 OK
13:54:42.410 [DEBUG] [pool-1-thread-199] [o.s.web.client.RestTemplate] - Response 200 OK
13:54:42.410 [DEBUG] [pool-1-thread-194] [o.s.web.client.RestTemplate] - Response 200 OK
13:54:42.411 [DEBUG] [pool-1-thread-11] [o.s.web.client.RestTemplate] - Response 200 OK
13:54:42.411 [DEBUG] [pool-1-thread-44] [o.s.web.client.RestTemplate] - Response 200 OK
13:54:42.411 [DEBUG] [pool-1-thread-87] [o.s.web.client.RestTemplate] - Response 200 OK
13:54:42.413 [DEBUG] [pool-1-thread-160] [o.s.web.client.RestTemplate] - Response 200 OK
13:54:42.413 [DEBUG] [pool-1-thread-55] [o.s.web.client.RestTemplate] - Response 200 OK
13:54:42.412 [DEBUG] [pool-1-thread-29] [o.s.web.client.RestTemplate] - Response 200 OK
13:54:42.777 [DEBUG] [pool-1-thread-171] [o.s.web.client.RestTemplate] - Reading to [java.lang.String] as "text/html;charset=utf-8"
13:54:42.412 [DEBUG] [pool-1-thread-77] [o.s.web.client.RestTemplate] - Response 200 OK
13:54:42.412 [DEBUG] [pool-1-thread-180] [o.s.web.client.RestTemplate] - Response 200 OK
13:54:42.412 [DEBUG] [pool-1-thread-67] [o.s.web.client.RestTemplate] - Response 200 OK
13:54:42.461 [DEBUG] [pool-1-thread-149] [o.s.web.client.RestTemplate] - Response 200 OK
13:54:42.461 [DEBUG] [pool-1-thread-40] [o.s.web.client.RestTemplate] - Response 200 OK
13:54:42.461 [DEBUG] [pool-1-thread-59] [o.s.web.client.RestTemplate] - Response 200 OK
13:54:42.462 [DEBUG] [pool-1-thread-71] [o.s.web.client.RestTemplate] - Response 200 OK
13:54:42.462 [DEBUG] [pool-1-thread-146] [o.s.web.client.RestTemplate] - Response 200 OK
13:54:42.462 [DEBUG] [pool-1-thread-144] [o.s.web.client.RestTemplate] - Response 200 OK
13:54:42.462 [DEBUG] [pool-1-thread-119] [o.s.web.client.RestTemplate] - Response 200 OK
13:54:42.462 [DEBUG] [pool-1-thread-63] [o.s.web.client.RestTemplate] - Response 200 OK
13:54:42.462 [DEBUG] [pool-1-thread-66] [o.s.web.client.RestTemplate] - Response 200 OK
13:54:42.462 [DEBUG] [pool-1-thread-5] [o.s.web.client.RestTemplate] - Response 200 OK
13:54:42.462 [DEBUG] [pool-1-thread-172] [o.s.web.client.RestTemplate] - Response 200 OK
13:54:42.464 [DEBUG] [pool-1-thread-182] [o.s.web.client.RestTemplate] - Response 200 OK
13:54:42.464 [DEBUG] [pool-1-thread-27] [o.s.web.client.RestTemplate] - Response 200 OK
13:54:42.464 [DEBUG] [pool-1-thread-31] [o.s.web.client.RestTemplate] - Response 200 OK
13:54:42.466 [DEBUG] [pool-1-thread-74] [o.s.web.client.RestTemplate] - Response 200 OK
13:54:42.464 [DEBUG] [pool-1-thread-121] [o.s.web.client.RestTemplate] - Response 200 OK
13:54:42.470 [DEBUG] [pool-1-thread-166] [o.s.web.client.RestTemplate] - Response 200 OK
13:54:42.473 [DEBUG] [pool-1-thread-22] [o.s.web.client.RestTemplate] - Response 200 OK
13:54:42.486 [DEBUG] [pool-1-thread-12] [o.s.web.client.RestTemplate] - Response 200 OK
13:54:42.487 [DEBUG] [pool-1-thread-62] [o.s.web.client.RestTemplate] - Response 200 OK
13:54:42.488 [DEBUG] [pool-1-thread-169] [o.s.web.client.RestTemplate] - Response 200 OK
13:54:42.489 [DEBUG] [pool-1-thread-37] [o.s.web.client.RestTemplate] - Response 200 OK
13:54:42.490 [DEBUG] [pool-1-thread-80] [o.s.web.client.RestTemplate] - Response 200 OK
13:54:42.491 [DEBUG] [pool-1-thread-175] [o.s.web.client.RestTemplate] - Response 200 OK
13:54:42.491 [DEBUG] [pool-1-thread-86] [o.s.web.client.RestTemplate] - Response 200 OK
13:54:42.801 [DEBUG] [pool-1-thread-140] [o.s.web.client.RestTemplate] - Response 200 OK
13:54:42.514 [DEBUG] [pool-1-thread-107] [o.s.web.client.RestTemplate] - Response 200 OK
13:54:42.514 [DEBUG] [pool-1-thread-79] [o.s.web.client.RestTemplate] - Response 200 OK
13:54:42.514 [DEBUG] [pool-1-thread-188] [o.s.web.client.RestTemplate] - Response 200 OK
13:54:42.514 [DEBUG] [pool-1-thread-84] [o.s.web.client.RestTemplate] - Response 200 OK
13:54:42.823 [DEBUG] [pool-1-thread-86] [o.s.web.client.RestTemplate] - Reading to [java.lang.String] as "text/html;charset=utf-8"
13:54:42.515 [DEBUG] [pool-1-thread-61] [o.s.web.client.RestTemplate] - Response 200 OK
13:54:42.824 [DEBUG] [pool-1-thread-61] [o.s.web.client.RestTemplate] - Reading to [java.lang.String] as "text/html;charset=utf-8"
13:54:42.801 [DEBUG] [pool-1-thread-180] [o.s.web.client.RestTemplate] - Reading to [java.lang.String] as "text/html;charset=utf-8"
13:54:42.801 [DEBUG] [pool-1-thread-77] [o.s.web.client.RestTemplate] - Reading to [java.lang.String] as "text/html;charset=utf-8"
13:54:42.515 [DEBUG] [pool-1-thread-1] [o.s.web.client.RestTemplate] - Response 200 OK
13:54:42.514 [DEBUG] [pool-1-thread-104] [o.s.web.client.RestTemplate] - Response 200 OK
13:54:42.525 [DEBUG] [pool-1-thread-154] [o.s.web.client.RestTemplate] - Response 200 OK
13:54:42.842 [DEBUG] [pool-1-thread-154] [o.s.web.client.RestTemplate] - Reading to [java.lang.String] as "text/html;charset=utf-8"
13:54:42.652 [DEBUG] [pool-1-thread-21] [o.s.web.client.RestTemplate] - Response 200 OK
13:54:42.842 [DEBUG] [pool-1-thread-21] [o.s.web.client.RestTemplate] - Reading to [java.lang.String] as "text/html;charset=utf-8"
13:54:42.655 [DEBUG] [pool-1-thread-91] [o.s.web.client.RestTemplate] - Reading to [java.lang.String] as "text/html;charset=utf-8"
13:54:42.656 [DEBUG] [pool-1-thread-23] [o.s.web.client.RestTemplate] - Response 200 OK
13:54:42.665 [DEBUG] [pool-1-thread-54] [o.s.web.client.RestTemplate] - Reading to [java.lang.String] as "text/html;charset=utf-8"
13:54:42.669 [DEBUG] [pool-1-thread-128] [o.s.web.client.RestTemplate] - Reading to [java.lang.String] as "text/html;charset=utf-8"
13:54:42.670 [DEBUG] [pool-1-thread-138] [o.s.web.client.RestTemplate] - Reading to [java.lang.String] as "text/html;charset=utf-8"
13:54:42.670 [DEBUG] [pool-1-thread-2] [o.s.web.client.RestTemplate] - Reading to [java.lang.String] as "text/html;charset=utf-8"
13:54:42.671 [DEBUG] [pool-1-thread-158] [o.s.web.client.RestTemplate] - Reading to [java.lang.String] as "text/html;charset=utf-8"
13:54:42.671 [DEBUG] [pool-1-thread-151] [o.s.web.client.RestTemplate] - Reading to [java.lang.String] as "text/html;charset=utf-8"
13:54:42.671 [DEBUG] [pool-1-thread-10] [o.s.web.client.RestTemplate] - Reading to [java.lang.String] as "text/html;charset=utf-8"
13:54:42.671 [DEBUG] [pool-1-thread-189] [o.s.web.client.RestTemplate] - Reading to [java.lang.String] as "text/html;charset=utf-8"
13:54:42.674 [DEBUG] [pool-1-thread-89] [o.s.web.client.RestTemplate] - Reading to [java.lang.String] as "text/html;charset=utf-8"
13:54:42.680 [DEBUG] [pool-1-thread-94] [o.s.web.client.RestTemplate] - Reading to [java.lang.String] as "text/html;charset=utf-8"
13:54:42.691 [DEBUG] [pool-1-thread-8] [o.s.web.client.RestTemplate] - Reading to [java.lang.String] as "text/html;charset=utf-8"
13:54:42.701 [DEBUG] [pool-1-thread-122] [o.s.web.client.RestTemplate] - Reading to [java.lang.String] as "text/html;charset=utf-8"
13:54:42.701 [DEBUG] [pool-1-thread-152] [o.s.web.client.RestTemplate] - Reading to [java.lang.String] as "text/html;charset=utf-8"
13:54:42.701 [DEBUG] [pool-1-thread-153] [o.s.web.client.RestTemplate] - Reading to [java.lang.String] as "text/html;charset=utf-8"
13:54:42.701 [DEBUG] [pool-1-thread-45] [o.s.web.client.RestTemplate] - Reading to [java.lang.String] as "text/html;charset=utf-8"
13:54:42.701 [DEBUG] [pool-1-thread-49] [o.s.web.client.RestTemplate] - Reading to [java.lang.String] as "text/html;charset=utf-8"
13:54:42.701 [DEBUG] [pool-1-thread-102] [o.s.web.client.RestTemplate] - Reading to [java.lang.String] as "text/html;charset=utf-8"
13:54:42.701 [DEBUG] [pool-1-thread-18] [o.s.web.client.RestTemplate] - Reading to [java.lang.String] as "text/html;charset=utf-8"
13:54:42.701 [DEBUG] [pool-1-thread-64] [o.s.web.client.RestTemplate] - Reading to [java.lang.String] as "text/html;charset=utf-8"
13:54:42.702 [DEBUG] [pool-1-thread-3] [o.s.web.client.RestTemplate] - Reading to [java.lang.String] as "text/html;charset=utf-8"
13:54:42.703 [DEBUG] [pool-1-thread-47] [o.s.web.client.RestTemplate] - Reading to [java.lang.String] as "text/html;charset=utf-8"
13:54:42.713 [DEBUG] [pool-1-thread-13] [o.s.web.client.RestTemplate] - Reading to [java.lang.String] as "text/html;charset=utf-8"
13:54:42.713 [DEBUG] [pool-1-thread-181] [o.s.web.client.RestTemplate] - Reading to [java.lang.String] as "text/html;charset=utf-8"
13:54:42.729 [DEBUG] [pool-1-thread-36] [o.s.web.client.RestTemplate] - Reading to [java.lang.String] as "text/html;charset=utf-8"
13:54:42.705 [DEBUG] [pool-1-thread-46] [o.s.web.client.RestTemplate] - Reading to [java.lang.String] as "text/html;charset=utf-8"
13:54:42.728 [DEBUG] [pool-1-thread-112] [o.s.web.client.RestTemplate] - Reading to [java.lang.String] as "text/html;charset=utf-8"
13:54:42.729 [DEBUG] [pool-1-thread-70] [o.s.web.client.RestTemplate] - Reading to [java.lang.String] as "text/html;charset=utf-8"
13:54:42.729 [DEBUG] [pool-1-thread-4] [o.s.web.client.RestTemplate] - Reading to [java.lang.String] as "text/html;charset=utf-8"
13:54:42.729 [DEBUG] [pool-1-thread-170] [o.s.web.client.RestTemplate] - Reading to [java.lang.String] as "text/html;charset=utf-8"
13:54:42.729 [DEBUG] [pool-1-thread-33] [o.s.web.client.RestTemplate] - Reading to [java.lang.String] as "text/html;charset=utf-8"
13:54:42.729 [DEBUG] [pool-1-thread-32] [o.s.web.client.RestTemplate] - Reading to [java.lang.String] as "text/html;charset=utf-8"
13:54:42.729 [DEBUG] [pool-1-thread-116] [o.s.web.client.RestTemplate] - Reading to [java.lang.String] as "text/html;charset=utf-8"
13:54:42.716 [DEBUG] [pool-1-thread-198] [o.s.web.client.RestTemplate] - Reading to [java.lang.String] as "text/html;charset=utf-8"
13:54:42.724 [DEBUG] [pool-1-thread-98] [o.s.web.client.RestTemplate] - Reading to [java.lang.String] as "text/html;charset=utf-8"
13:54:42.714 [DEBUG] [pool-1-thread-81] [o.s.web.client.RestTemplate] - Reading to [java.lang.String] as "text/html;charset=utf-8"
13:54:42.712 [DEBUG] [pool-1-thread-179] [o.s.web.client.RestTemplate] - Reading to [java.lang.String] as "text/html;charset=utf-8"
13:54:42.724 [DEBUG] [pool-1-thread-108] [o.s.web.client.RestTemplate] - Reading to [java.lang.String] as "text/html;charset=utf-8"
13:54:42.724 [DEBUG] [pool-1-thread-167] [o.s.web.client.RestTemplate] - Reading to [java.lang.String] as "text/html;charset=utf-8"
13:54:42.717 [DEBUG] [pool-1-thread-157] [o.s.web.client.RestTemplate] - Reading to [java.lang.String] as "text/html;charset=utf-8"
13:54:42.724 [DEBUG] [pool-1-thread-194] [o.s.web.client.RestTemplate] - Reading to [java.lang.String] as "text/html;charset=utf-8"
13:54:42.713 [DEBUG] [pool-1-thread-99] [o.s.web.client.RestTemplate] - Reading to [java.lang.String] as "text/html;charset=utf-8"
13:54:42.715 [DEBUG] [pool-1-thread-11] [o.s.web.client.RestTemplate] - Reading to [java.lang.String] as "text/html;charset=utf-8"
13:54:42.718 [DEBUG] [pool-1-thread-124] [o.s.web.client.RestTemplate] - Reading to [java.lang.String] as "text/html;charset=utf-8"
13:54:42.718 [DEBUG] [pool-1-thread-148] [o.s.web.client.RestTemplate] - Reading to [java.lang.String] as "text/html;charset=utf-8"
13:54:42.729 [DEBUG] [pool-1-thread-105] [o.s.web.client.RestTemplate] - Reading to [java.lang.String] as "text/html;charset=utf-8"
13:54:42.717 [DEBUG] [pool-1-thread-125] [o.s.web.client.RestTemplate] - Reading to [java.lang.String] as "text/html;charset=utf-8"
13:54:42.731 [DEBUG] [pool-1-thread-88] [o.s.web.client.RestTemplate] - Reading to [java.lang.String] as "text/html;charset=utf-8"
13:54:42.727 [DEBUG] [pool-1-thread-78] [o.s.web.client.RestTemplate] - Reading to [java.lang.String] as "text/html;charset=utf-8"
13:54:42.731 [DEBUG] [pool-1-thread-120] [o.s.web.client.RestTemplate] - Reading to [java.lang.String] as "text/html;charset=utf-8"
13:54:42.726 [DEBUG] [pool-1-thread-75] [o.s.web.client.RestTemplate] - Reading to [java.lang.String] as "text/html;charset=utf-8"
13:54:42.716 [DEBUG] [pool-1-thread-174] [o.s.web.client.RestTemplate] - Reading to [java.lang.String] as "text/html;charset=utf-8"
13:54:42.719 [DEBUG] [pool-1-thread-118] [o.s.web.client.RestTemplate] - Reading to [java.lang.String] as "text/html;charset=utf-8"
13:54:42.719 [DEBUG] [pool-1-thread-20] [o.s.web.client.RestTemplate] - Reading to [java.lang.String] as "text/html;charset=utf-8"
13:54:42.720 [DEBUG] [pool-1-thread-51] [o.s.web.client.RestTemplate] - Reading to [java.lang.String] as "text/html;charset=utf-8"
13:54:42.720 [DEBUG] [pool-1-thread-82] [o.s.web.client.RestTemplate] - Reading to [java.lang.String] as "text/html;charset=utf-8"
13:54:42.716 [DEBUG] [pool-1-thread-68] [o.s.web.client.RestTemplate] - Reading to [java.lang.String] as "text/html;charset=utf-8"
13:54:42.713 [DEBUG] [pool-1-thread-44] [o.s.web.client.RestTemplate] - Reading to [java.lang.String] as "text/html;charset=utf-8"
13:54:42.727 [DEBUG] [pool-1-thread-85] [o.s.web.client.RestTemplate] - Reading to [java.lang.String] as "text/html;charset=utf-8"
13:54:42.731 [DEBUG] [pool-1-thread-155] [o.s.web.client.RestTemplate] - Reading to [java.lang.String] as "text/html;charset=utf-8"
13:54:42.727 [DEBUG] [pool-1-thread-143] [o.s.web.client.RestTemplate] - Reading to [java.lang.String] as "text/html;charset=utf-8"
13:54:42.727 [DEBUG] [pool-1-thread-60] [o.s.web.client.RestTemplate] - Reading to [java.lang.String] as "text/html;charset=utf-8"
13:54:42.727 [DEBUG] [pool-1-thread-145] [o.s.web.client.RestTemplate] - Reading to [java.lang.String] as "text/html;charset=utf-8"
13:54:42.727 [DEBUG] [pool-1-thread-127] [o.s.web.client.RestTemplate] - Reading to [java.lang.String] as "text/html;charset=utf-8"
13:54:42.704 [DEBUG] [pool-1-thread-42] [o.s.web.client.RestTemplate] - Reading to [java.lang.String] as "text/html;charset=utf-8"
13:54:42.716 [DEBUG] [pool-1-thread-163] [o.s.web.client.RestTemplate] - Reading to [java.lang.String] as "text/html;charset=utf-8"
13:54:42.718 [DEBUG] [pool-1-thread-131] [o.s.web.client.RestTemplate] - Reading to [java.lang.String] as "text/html;charset=utf-8"
13:54:42.727 [DEBUG] [pool-1-thread-26] [o.s.web.client.RestTemplate] - Reading to [java.lang.String] as "text/html;charset=utf-8"
13:54:42.731 [DEBUG] [pool-1-thread-48] [o.s.web.client.RestTemplate] - Reading to [java.lang.String] as "text/html;charset=utf-8"
13:54:42.717 [DEBUG] [pool-1-thread-199] [o.s.web.client.RestTemplate] - Reading to [java.lang.String] as "text/html;charset=utf-8"
13:54:42.708 [DEBUG] [pool-1-thread-117] [o.s.web.client.RestTemplate] - Reading to [java.lang.String] as "text/html;charset=utf-8"
13:54:42.729 [DEBUG] [pool-1-thread-162] [o.s.web.client.RestTemplate] - Reading to [java.lang.String] as "text/html;charset=utf-8"
13:54:42.717 [DEBUG] [pool-1-thread-34] [o.s.web.client.RestTemplate] - Reading to [java.lang.String] as "text/html;charset=utf-8"
13:54:42.719 [DEBUG] [pool-1-thread-147] [o.s.web.client.RestTemplate] - Reading to [java.lang.String] as "text/html;charset=utf-8"
13:54:42.722 [DEBUG] [pool-1-thread-159] [o.s.web.client.RestTemplate] - Reading to [java.lang.String] as "text/html;charset=utf-8"
13:54:42.777 [DEBUG] [pool-1-thread-58] [o.s.web.client.RestTemplate] - Reading to [java.lang.String] as "text/html;charset=utf-8"
13:54:42.777 [DEBUG] [pool-1-thread-53] [o.s.web.client.RestTemplate] - Reading to [java.lang.String] as "text/html;charset=utf-8"
13:54:42.777 [DEBUG] [pool-1-thread-87] [o.s.web.client.RestTemplate] - Reading to [java.lang.String] as "text/html;charset=utf-8"
13:54:42.777 [DEBUG] [pool-1-thread-134] [o.s.web.client.RestTemplate] - Reading to [java.lang.String] as "text/html;charset=utf-8"
13:54:42.777 [DEBUG] [pool-1-thread-183] [o.s.web.client.RestTemplate] - Reading to [java.lang.String] as "text/html;charset=utf-8"
13:54:42.777 [DEBUG] [pool-1-thread-7] [o.s.web.client.RestTemplate] - Reading to [java.lang.String] as "text/html;charset=utf-8"
13:54:42.777 [DEBUG] [pool-1-thread-96] [o.s.web.client.RestTemplate] - Reading to [java.lang.String] as "text/html;charset=utf-8"
13:54:42.777 [DEBUG] [pool-1-thread-160] [o.s.web.client.RestTemplate] - Reading to [java.lang.String] as "text/html;charset=utf-8"
13:54:42.777 [DEBUG] [pool-1-thread-6] [o.s.web.client.RestTemplate] - Reading to [java.lang.String] as "text/html;charset=utf-8"
13:54:42.719 [DEBUG] [pool-1-thread-73] [o.s.web.client.RestTemplate] - Reading to [java.lang.String] as "text/html;charset=utf-8"
13:54:42.770 [DEBUG] [pool-1-thread-95] [o.s.web.client.RestTemplate] - Response 200 OK
13:54:42.769 [DEBUG] [pool-1-thread-178] [o.s.web.client.RestTemplate] - Response 200 OK
13:54:42.769 [DEBUG] [pool-1-thread-14] [o.s.web.client.RestTemplate] - Response 200 OK
13:54:42.804 [DEBUG] [pool-1-thread-30] [o.s.web.client.RestTemplate] - Response 200 OK
13:54:42.769 [DEBUG] [pool-1-thread-109] [o.s.web.client.RestTemplate] - Response 200 OK
13:54:42.769 [DEBUG] [pool-1-thread-176] [o.s.web.client.RestTemplate] - Response 200 OK
13:54:42.805 [DEBUG] [pool-1-thread-43] [o.s.web.client.RestTemplate] - Response 200 OK
13:54:42.769 [DEBUG] [pool-1-thread-93] [o.s.web.client.RestTemplate] - Response 200 OK
13:54:42.770 [DEBUG] [pool-1-thread-101] [o.s.web.client.RestTemplate] - Response 200 OK
13:54:42.768 [DEBUG] [pool-1-thread-57] [o.s.web.client.RestTemplate] - Response 200 OK
13:54:42.768 [DEBUG] [pool-1-thread-92] [o.s.web.client.RestTemplate] - Response 200 OK
13:54:42.768 [DEBUG] [pool-1-thread-192] [o.s.web.client.RestTemplate] - Response 200 OK
13:54:42.767 [DEBUG] [pool-1-thread-97] [o.s.web.client.RestTemplate] - Response 200 OK
13:54:42.767 [DEBUG] [pool-1-thread-126] [o.s.web.client.RestTemplate] - Response 200 OK
13:54:42.767 [DEBUG] [pool-1-thread-150] [o.s.web.client.RestTemplate] - Response 200 OK
13:54:42.767 [DEBUG] [pool-1-thread-186] [o.s.web.client.RestTemplate] - Response 200 OK
13:54:42.766 [DEBUG] [pool-1-thread-123] [o.s.web.client.RestTemplate] - Response 200 OK
13:54:42.766 [DEBUG] [pool-1-thread-28] [o.s.web.client.RestTemplate] - Response 200 OK
13:54:42.765 [DEBUG] [pool-1-thread-129] [o.s.web.client.RestTemplate] - Response 200 OK
13:54:42.765 [DEBUG] [pool-1-thread-200] [o.s.web.client.RestTemplate] - Response 200 OK
13:54:42.766 [DEBUG] [pool-1-thread-165] [o.s.web.client.RestTemplate] - Response 200 OK
13:54:42.804 [DEBUG] [pool-1-thread-164] [o.s.web.client.RestTemplate] - Response 200 OK
13:54:42.804 [DEBUG] [pool-1-thread-76] [o.s.web.client.RestTemplate] - Response 200 OK
13:54:42.802 [DEBUG] [pool-1-thread-69] [o.s.web.client.RestTemplate] - Response 200 OK
13:54:42.802 [DEBUG] [pool-1-thread-103] [o.s.web.client.RestTemplate] - Response 200 OK
13:54:42.802 [DEBUG] [pool-1-thread-25] [o.s.web.client.RestTemplate] - Response 200 OK
13:54:42.800 [DEBUG] [pool-1-thread-29] [o.s.web.client.RestTemplate] - Reading to [java.lang.String] as "text/html;charset=utf-8"
13:54:42.828 [DEBUG] [pool-1-thread-84] [o.s.web.client.RestTemplate] - Reading to [java.lang.String] as "text/html;charset=utf-8"
13:54:42.799 [DEBUG] [pool-1-thread-184] [o.s.web.client.RestTemplate] - Response 200 OK
13:54:42.799 [DEBUG] [pool-1-thread-35] [o.s.web.client.RestTemplate] - Response 200 OK
13:54:42.799 [DEBUG] [pool-1-thread-65] [o.s.web.client.RestTemplate] - Response 200 OK
13:54:42.797 [DEBUG] [pool-1-thread-133] [o.s.web.client.RestTemplate] - Reading to [java.lang.String] as "text/html;charset=utf-8"
13:54:42.796 [DEBUG] [pool-1-thread-55] [o.s.web.client.RestTemplate] - Reading to [java.lang.String] as "text/html;charset=utf-8"
13:54:42.793 [DEBUG] [pool-1-thread-168] [o.s.web.client.RestTemplate] - Response 200 OK
13:54:42.792 [DEBUG] [pool-1-thread-173] [o.s.web.client.RestTemplate] - Response 200 OK
13:54:42.792 [DEBUG] [pool-1-thread-141] [o.s.web.client.RestTemplate] - Reading to [java.lang.String] as "text/html;charset=utf-8"
13:54:42.791 [DEBUG] [pool-1-thread-193] [o.s.web.client.RestTemplate] - Reading to [java.lang.String] as "text/html;charset=utf-8"
13:54:42.791 [DEBUG] [pool-1-thread-135] [o.s.web.client.RestTemplate] - Reading to [java.lang.String] as "text/html;charset=utf-8"
13:54:42.787 [DEBUG] [pool-1-thread-38] [o.s.web.client.RestTemplate] - Response 200 OK
13:54:42.786 [DEBUG] [pool-1-thread-106] [o.s.web.client.RestTemplate] - Response 200 OK
13:54:42.786 [DEBUG] [pool-1-thread-191] [o.s.web.client.RestTemplate] - Response 200 OK
13:54:42.786 [DEBUG] [pool-1-thread-177] [o.s.web.client.RestTemplate] - Response 200 OK
13:54:42.786 [DEBUG] [pool-1-thread-41] [o.s.web.client.RestTemplate] - Response 200 OK
13:54:42.786 [DEBUG] [pool-1-thread-72] [o.s.web.client.RestTemplate] - Response 200 OK
13:54:42.786 [DEBUG] [pool-1-thread-187] [o.s.web.client.RestTemplate] - Response 200 OK
13:54:42.786 [DEBUG] [pool-1-thread-190] [o.s.web.client.RestTemplate] - Response 200 OK
13:54:42.786 [DEBUG] [pool-1-thread-19] [o.s.web.client.RestTemplate] - Response 200 OK
13:54:42.785 [DEBUG] [pool-1-thread-83] [o.s.web.client.RestTemplate] - Response 200 OK
13:54:42.785 [DEBUG] [pool-1-thread-137] [o.s.web.client.RestTemplate] - Response 200 OK
13:54:42.785 [DEBUG] [pool-1-thread-130] [o.s.web.client.RestTemplate] - Response 200 OK
13:54:42.784 [DEBUG] [pool-1-thread-114] [o.s.web.client.RestTemplate] - Response 200 OK
13:54:42.783 [DEBUG] [pool-1-thread-100] [o.s.web.client.RestTemplate] - Response 200 OK
13:54:42.783 [DEBUG] [pool-1-thread-156] [o.s.web.client.RestTemplate] - Response 200 OK
13:54:42.783 [DEBUG] [pool-1-thread-9] [o.s.web.client.RestTemplate] - Response 200 OK
13:54:42.783 [DEBUG] [pool-1-thread-90] [o.s.web.client.RestTemplate] - Response 200 OK
13:54:42.783 [DEBUG] [pool-1-thread-16] [o.s.web.client.RestTemplate] - Response 200 OK
13:54:42.783 [DEBUG] [pool-1-thread-24] [o.s.web.client.RestTemplate] - Response 200 OK
13:54:42.783 [DEBUG] [pool-1-thread-111] [o.s.web.client.RestTemplate] - Response 200 OK
13:54:42.782 [DEBUG] [pool-1-thread-56] [o.s.web.client.RestTemplate] - Response 200 OK
13:54:42.782 [DEBUG] [pool-1-thread-161] [o.s.web.client.RestTemplate] - Response 200 OK
13:54:42.782 [DEBUG] [pool-1-thread-17] [o.s.web.client.RestTemplate] - Response 200 OK
13:54:42.782 [DEBUG] [pool-1-thread-39] [o.s.web.client.RestTemplate] - Response 200 OK
13:54:42.782 [DEBUG] [pool-1-thread-196] [o.s.web.client.RestTemplate] - Response 200 OK
13:54:42.782 [DEBUG] [pool-1-thread-50] [o.s.web.client.RestTemplate] - Response 200 OK
13:54:42.782 [DEBUG] [pool-1-thread-197] [o.s.web.client.RestTemplate] - Response 200 OK
13:54:42.782 [DEBUG] [pool-1-thread-110] [o.s.web.client.RestTemplate] - Response 200 OK
13:54:42.781 [DEBUG] [pool-1-thread-139] [o.s.web.client.RestTemplate] - Response 200 OK
13:54:42.781 [DEBUG] [pool-1-thread-185] [o.s.web.client.RestTemplate] - Response 200 OK
13:54:42.778 [DEBUG] [pool-1-thread-132] [o.s.web.client.RestTemplate] - Reading to [java.lang.String] as "text/html;charset=utf-8"
13:54:42.778 [DEBUG] [pool-1-thread-195] [o.s.web.client.RestTemplate] - Reading to [java.lang.String] as "text/html;charset=utf-8"
13:54:42.778 [DEBUG] [pool-1-thread-15] [o.s.web.client.RestTemplate] - Reading to [java.lang.String] as "text/html;charset=utf-8"
13:54:42.825 [DEBUG] [pool-1-thread-79] [o.s.web.client.RestTemplate] - Reading to [java.lang.String] as "text/html;charset=utf-8"
13:54:42.823 [DEBUG] [pool-1-thread-188] [o.s.web.client.RestTemplate] - Reading to [java.lang.String] as "text/html;charset=utf-8"
13:54:42.823 [DEBUG] [pool-1-thread-140] [o.s.web.client.RestTemplate] - Reading to [java.lang.String] as "text/html;charset=utf-8"
13:54:42.823 [DEBUG] [pool-1-thread-107] [o.s.web.client.RestTemplate] - Reading to [java.lang.String] as "text/html;charset=utf-8"
13:54:42.822 [DEBUG] [pool-1-thread-175] [o.s.web.client.RestTemplate] - Reading to [java.lang.String] as "text/html;charset=utf-8"
13:54:42.822 [DEBUG] [pool-1-thread-80] [o.s.web.client.RestTemplate] - Reading to [java.lang.String] as "text/html;charset=utf-8"
13:54:42.822 [DEBUG] [pool-1-thread-63] [o.s.web.client.RestTemplate] - Reading to [java.lang.String] as "text/html;charset=utf-8"
13:54:42.822 [DEBUG] [pool-1-thread-37] [o.s.web.client.RestTemplate] - Reading to [java.lang.String] as "text/html;charset=utf-8"
13:54:42.822 [DEBUG] [pool-1-thread-66] [o.s.web.client.RestTemplate] - Reading to [java.lang.String] as "text/html;charset=utf-8"
13:54:42.822 [DEBUG] [pool-1-thread-59] [o.s.web.client.RestTemplate] - Reading to [java.lang.String] as "text/html;charset=utf-8"
13:54:42.821 [DEBUG] [pool-1-thread-169] [o.s.web.client.RestTemplate] - Reading to [java.lang.String] as "text/html;charset=utf-8"
13:54:42.821 [DEBUG] [pool-1-thread-62] [o.s.web.client.RestTemplate] - Reading to [java.lang.String] as "text/html;charset=utf-8"
13:54:42.821 [DEBUG] [pool-1-thread-5] [o.s.web.client.RestTemplate] - Reading to [java.lang.String] as "text/html;charset=utf-8"
13:54:42.821 [DEBUG] [pool-1-thread-22] [o.s.web.client.RestTemplate] - Reading to [java.lang.String] as "text/html;charset=utf-8"
13:54:42.821 [DEBUG] [pool-1-thread-12] [o.s.web.client.RestTemplate] - Reading to [java.lang.String] as "text/html;charset=utf-8"
13:54:42.821 [DEBUG] [pool-1-thread-144] [o.s.web.client.RestTemplate] - Reading to [java.lang.String] as "text/html;charset=utf-8"
13:54:42.821 [DEBUG] [pool-1-thread-166] [o.s.web.client.RestTemplate] - Reading to [java.lang.String] as "text/html;charset=utf-8"
13:54:42.821 [DEBUG] [pool-1-thread-121] [o.s.web.client.RestTemplate] - Reading to [java.lang.String] as "text/html;charset=utf-8"
13:54:42.820 [DEBUG] [pool-1-thread-40] [o.s.web.client.RestTemplate] - Reading to [java.lang.String] as "text/html;charset=utf-8"
13:54:42.820 [DEBUG] [pool-1-thread-74] [o.s.web.client.RestTemplate] - Reading to [java.lang.String] as "text/html;charset=utf-8"
13:54:42.820 [DEBUG] [pool-1-thread-31] [o.s.web.client.RestTemplate] - Reading to [java.lang.String] as "text/html;charset=utf-8"
13:54:42.820 [DEBUG] [pool-1-thread-146] [o.s.web.client.RestTemplate] - Reading to [java.lang.String] as "text/html;charset=utf-8"
13:54:42.820 [DEBUG] [pool-1-thread-27] [o.s.web.client.RestTemplate] - Reading to [java.lang.String] as "text/html;charset=utf-8"
13:54:42.820 [DEBUG] [pool-1-thread-182] [o.s.web.client.RestTemplate] - Reading to [java.lang.String] as "text/html;charset=utf-8"
13:54:42.819 [DEBUG] [pool-1-thread-71] [o.s.web.client.RestTemplate] - Reading to [java.lang.String] as "text/html;charset=utf-8"
13:54:42.819 [DEBUG] [pool-1-thread-172] [o.s.web.client.RestTemplate] - Reading to [java.lang.String] as "text/html;charset=utf-8"
13:54:42.819 [DEBUG] [pool-1-thread-119] [o.s.web.client.RestTemplate] - Reading to [java.lang.String] as "text/html;charset=utf-8"
13:54:42.815 [DEBUG] [pool-1-thread-115] [o.s.web.client.RestTemplate] - Response 200 OK
13:54:42.815 [DEBUG] [pool-1-thread-113] [o.s.web.client.RestTemplate] - Response 200 OK
13:54:42.814 [DEBUG] [pool-1-thread-149] [o.s.web.client.RestTemplate] - Reading to [java.lang.String] as "text/html;charset=utf-8"
13:54:42.814 [DEBUG] [pool-1-thread-67] [o.s.web.client.RestTemplate] - Reading to [java.lang.String] as "text/html;charset=utf-8"
13:54:42.813 [DEBUG] [pool-1-thread-142] [o.s.web.client.RestTemplate] - Response 200 OK
13:54:42.813 [DEBUG] [pool-1-thread-136] [o.s.web.client.RestTemplate] - Response 200 OK
13:54:42.808 [DEBUG] [pool-1-thread-52] [o.s.web.client.RestTemplate] - Response 200 OK
13:54:42.841 [DEBUG] [pool-1-thread-1] [o.s.web.client.RestTemplate] - Reading to [java.lang.String] as "text/html;charset=utf-8"
13:54:42.841 [DEBUG] [pool-1-thread-104] [o.s.web.client.RestTemplate] - Reading to [java.lang.String] as "text/html;charset=utf-8"
13:54:42.864 [DEBUG] [pool-1-thread-23] [o.s.web.client.RestTemplate] - Reading to [java.lang.String] as "text/html;charset=utf-8"
13:54:42.934 [DEBUG] [pool-1-thread-43] [o.s.web.client.RestTemplate] - Reading to [java.lang.String] as "text/html;charset=utf-8"
13:54:42.956 [DEBUG] [pool-1-thread-38] [o.s.web.client.RestTemplate] - Reading to [java.lang.String] as "text/html;charset=utf-8"
13:54:42.956 [DEBUG] [pool-1-thread-106] [o.s.web.client.RestTemplate] - Reading to [java.lang.String] as "text/html;charset=utf-8"
13:54:42.956 [DEBUG] [pool-1-thread-69] [o.s.web.client.RestTemplate] - Reading to [java.lang.String] as "text/html;charset=utf-8"
13:54:42.955 [DEBUG] [pool-1-thread-115] [o.s.web.client.RestTemplate] - Reading to [java.lang.String] as "text/html;charset=utf-8"
13:54:42.955 [DEBUG] [pool-1-thread-178] [o.s.web.client.RestTemplate] - Reading to [java.lang.String] as "text/html;charset=utf-8"
13:54:42.952 [DEBUG] [pool-1-thread-126] [o.s.web.client.RestTemplate] - Reading to [java.lang.String] as "text/html;charset=utf-8"
13:54:42.951 [DEBUG] [pool-1-thread-186] [o.s.web.client.RestTemplate] - Reading to [java.lang.String] as "text/html;charset=utf-8"
13:54:42.951 [DEBUG] [pool-1-thread-123] [o.s.web.client.RestTemplate] - Reading to [java.lang.String] as "text/html;charset=utf-8"
13:54:42.951 [DEBUG] [pool-1-thread-93] [o.s.web.client.RestTemplate] - Reading to [java.lang.String] as "text/html;charset=utf-8"
13:54:42.950 [DEBUG] [pool-1-thread-150] [o.s.web.client.RestTemplate] - Reading to [java.lang.String] as "text/html;charset=utf-8"
13:54:42.942 [DEBUG] [pool-1-thread-52] [o.s.web.client.RestTemplate] - Reading to [java.lang.String] as "text/html;charset=utf-8"
13:54:42.942 [DEBUG] [pool-1-thread-136] [o.s.web.client.RestTemplate] - Reading to [java.lang.String] as "text/html;charset=utf-8"
13:54:42.942 [DEBUG] [pool-1-thread-142] [o.s.web.client.RestTemplate] - Reading to [java.lang.String] as "text/html;charset=utf-8"
13:54:42.942 [DEBUG] [pool-1-thread-113] [o.s.web.client.RestTemplate] - Reading to [java.lang.String] as "text/html;charset=utf-8"
13:54:42.942 [DEBUG] [pool-1-thread-57] [o.s.web.client.RestTemplate] - Reading to [java.lang.String] as "text/html;charset=utf-8"
13:54:42.956 [DEBUG] [pool-1-thread-190] [o.s.web.client.RestTemplate] - Reading to [java.lang.String] as "text/html;charset=utf-8"
13:54:42.942 [DEBUG] [pool-1-thread-14] [o.s.web.client.RestTemplate] - Reading to [java.lang.String] as "text/html;charset=utf-8"
13:54:42.941 [DEBUG] [pool-1-thread-185] [o.s.web.client.RestTemplate] - Reading to [java.lang.String] as "text/html;charset=utf-8"
13:54:42.939 [DEBUG] [pool-1-thread-90] [o.s.web.client.RestTemplate] - Reading to [java.lang.String] as "text/html;charset=utf-8"
13:54:42.939 [DEBUG] [pool-1-thread-35] [o.s.web.client.RestTemplate] - Reading to [java.lang.String] as "text/html;charset=utf-8"
13:54:42.937 [DEBUG] [pool-1-thread-111] [o.s.web.client.RestTemplate] - Reading to [java.lang.String] as "text/html;charset=utf-8"
13:54:42.956 [DEBUG] [pool-1-thread-130] [o.s.web.client.RestTemplate] - Reading to [java.lang.String] as "text/html;charset=utf-8"
13:54:42.937 [DEBUG] [pool-1-thread-139] [o.s.web.client.RestTemplate] - Reading to [java.lang.String] as "text/html;charset=utf-8"
13:54:42.937 [DEBUG] [pool-1-thread-16] [o.s.web.client.RestTemplate] - Reading to [java.lang.String] as "text/html;charset=utf-8"
13:54:42.937 [DEBUG] [pool-1-thread-110] [o.s.web.client.RestTemplate] - Reading to [java.lang.String] as "text/html;charset=utf-8"
13:54:42.937 [DEBUG] [pool-1-thread-197] [o.s.web.client.RestTemplate] - Reading to [java.lang.String] as "text/html;charset=utf-8"
13:54:42.936 [DEBUG] [pool-1-thread-24] [o.s.web.client.RestTemplate] - Reading to [java.lang.String] as "text/html;charset=utf-8"
13:54:42.956 [DEBUG] [pool-1-thread-19] [o.s.web.client.RestTemplate] - Reading to [java.lang.String] as "text/html;charset=utf-8"
13:54:42.936 [DEBUG] [pool-1-thread-50] [o.s.web.client.RestTemplate] - Reading to [java.lang.String] as "text/html;charset=utf-8"
13:54:42.936 [DEBUG] [pool-1-thread-39] [o.s.web.client.RestTemplate] - Reading to [java.lang.String] as "text/html;charset=utf-8"
13:54:42.936 [DEBUG] [pool-1-thread-56] [o.s.web.client.RestTemplate] - Reading to [java.lang.String] as "text/html;charset=utf-8"
13:54:42.936 [DEBUG] [pool-1-thread-17] [o.s.web.client.RestTemplate] - Reading to [java.lang.String] as "text/html;charset=utf-8"
13:54:42.936 [DEBUG] [pool-1-thread-161] [o.s.web.client.RestTemplate] - Reading to [java.lang.String] as "text/html;charset=utf-8"
13:54:42.936 [DEBUG] [pool-1-thread-65] [o.s.web.client.RestTemplate] - Reading to [java.lang.String] as "text/html;charset=utf-8"
13:54:42.936 [DEBUG] [pool-1-thread-9] [o.s.web.client.RestTemplate] - Reading to [java.lang.String] as "text/html;charset=utf-8"
13:54:42.936 [DEBUG] [pool-1-thread-184] [o.s.web.client.RestTemplate] - Reading to [java.lang.String] as "text/html;charset=utf-8"
13:54:42.936 [DEBUG] [pool-1-thread-156] [o.s.web.client.RestTemplate] - Reading to [java.lang.String] as "text/html;charset=utf-8"
13:54:42.936 [DEBUG] [pool-1-thread-100] [o.s.web.client.RestTemplate] - Reading to [java.lang.String] as "text/html;charset=utf-8"
13:54:42.936 [DEBUG] [pool-1-thread-114] [o.s.web.client.RestTemplate] - Reading to [java.lang.String] as "text/html;charset=utf-8"
13:54:42.936 [DEBUG] [pool-1-thread-137] [o.s.web.client.RestTemplate] - Reading to [java.lang.String] as "text/html;charset=utf-8"
13:54:42.956 [DEBUG] [pool-1-thread-72] [o.s.web.client.RestTemplate] - Reading to [java.lang.String] as "text/html;charset=utf-8"
13:54:42.936 [DEBUG] [pool-1-thread-83] [o.s.web.client.RestTemplate] - Reading to [java.lang.String] as "text/html;charset=utf-8"
13:54:42.936 [DEBUG] [pool-1-thread-101] [o.s.web.client.RestTemplate] - Reading to [java.lang.String] as "text/html;charset=utf-8"
13:54:42.936 [DEBUG] [pool-1-thread-92] [o.s.web.client.RestTemplate] - Reading to [java.lang.String] as "text/html;charset=utf-8"
13:54:42.935 [DEBUG] [pool-1-thread-168] [o.s.web.client.RestTemplate] - Reading to [java.lang.String] as "text/html;charset=utf-8"
13:54:42.935 [DEBUG] [pool-1-thread-173] [o.s.web.client.RestTemplate] - Reading to [java.lang.String] as "text/html;charset=utf-8"
13:54:42.935 [DEBUG] [pool-1-thread-30] [o.s.web.client.RestTemplate] - Reading to [java.lang.String] as "text/html;charset=utf-8"
13:54:42.935 [DEBUG] [pool-1-thread-109] [o.s.web.client.RestTemplate] - Reading to [java.lang.String] as "text/html;charset=utf-8"
13:54:42.934 [DEBUG] [pool-1-thread-95] [o.s.web.client.RestTemplate] - Reading to [java.lang.String] as "text/html;charset=utf-8"
13:54:42.934 [DEBUG] [pool-1-thread-103] [o.s.web.client.RestTemplate] - Reading to [java.lang.String] as "text/html;charset=utf-8"
13:54:42.934 [DEBUG] [pool-1-thread-25] [o.s.web.client.RestTemplate] - Reading to [java.lang.String] as "text/html;charset=utf-8"
13:54:42.934 [DEBUG] [pool-1-thread-76] [o.s.web.client.RestTemplate] - Reading to [java.lang.String] as "text/html;charset=utf-8"
13:54:42.956 [DEBUG] [pool-1-thread-187] [o.s.web.client.RestTemplate] - Reading to [java.lang.String] as "text/html;charset=utf-8"
13:54:42.934 [DEBUG] [pool-1-thread-164] [o.s.web.client.RestTemplate] - Reading to [java.lang.String] as "text/html;charset=utf-8"
13:54:42.934 [DEBUG] [pool-1-thread-165] [o.s.web.client.RestTemplate] - Reading to [java.lang.String] as "text/html;charset=utf-8"
13:54:42.934 [DEBUG] [pool-1-thread-200] [o.s.web.client.RestTemplate] - Reading to [java.lang.String] as "text/html;charset=utf-8"
13:54:42.934 [DEBUG] [pool-1-thread-28] [o.s.web.client.RestTemplate] - Reading to [java.lang.String] as "text/html;charset=utf-8"
13:54:42.934 [DEBUG] [pool-1-thread-176] [o.s.web.client.RestTemplate] - Reading to [java.lang.String] as "text/html;charset=utf-8"
13:54:42.934 [DEBUG] [pool-1-thread-97] [o.s.web.client.RestTemplate] - Reading to [java.lang.String] as "text/html;charset=utf-8"
13:54:42.957 [DEBUG] [pool-1-thread-41] [o.s.web.client.RestTemplate] - Reading to [java.lang.String] as "text/html;charset=utf-8"
13:54:42.934 [DEBUG] [pool-1-thread-192] [o.s.web.client.RestTemplate] - Reading to [java.lang.String] as "text/html;charset=utf-8"
13:54:42.968 [DEBUG] [pool-1-thread-177] [o.s.web.client.RestTemplate] - Reading to [java.lang.String] as "text/html;charset=utf-8"
13:54:42.969 [DEBUG] [pool-1-thread-77] [o.s.web.client.RestTemplate] - HTTP GET http://localhost:8080/index.html
13:54:42.970 [DEBUG] [pool-1-thread-129] [o.s.web.client.RestTemplate] - Reading to [java.lang.String] as "text/html;charset=utf-8"
13:54:42.971 [DEBUG] [pool-1-thread-196] [o.s.web.client.RestTemplate] - Reading to [java.lang.String] as "text/html;charset=utf-8"
13:54:42.975 [DEBUG] [pool-1-thread-191] [o.s.web.client.RestTemplate] - Reading to [java.lang.String] as "text/html;charset=utf-8"
13:54:42.978 [DEBUG] [pool-1-thread-98] [o.s.web.client.RestTemplate] - HTTP GET http://localhost:8080/index.html
13:54:42.978 [DEBUG] [pool-1-thread-122] [o.s.web.client.RestTemplate] - HTTP GET http://localhost:8080/index.html
13:54:42.987 [DEBUG] [pool-1-thread-145] [o.s.web.client.RestTemplate] - HTTP GET http://localhost:8080/index.html
13:54:42.988 [DEBUG] [pool-1-thread-88] [o.s.web.client.RestTemplate] - HTTP GET http://localhost:8080/index.html
13:54:42.988 [DEBUG] [pool-1-thread-40] [o.s.web.client.RestTemplate] - HTTP GET http://localhost:8080/index.html
13:54:42.989 [DEBUG] [pool-1-thread-158] [o.s.web.client.RestTemplate] - HTTP GET http://localhost:8080/index.html
13:54:42.989 [DEBUG] [pool-1-thread-91] [o.s.web.client.RestTemplate] - HTTP GET http://localhost:8080/index.html
13:54:42.989 [DEBUG] [pool-1-thread-94] [o.s.web.client.RestTemplate] - HTTP GET http://localhost:8080/index.html
13:54:42.989 [DEBUG] [pool-1-thread-46] [o.s.web.client.RestTemplate] - HTTP GET http://localhost:8080/index.html
13:54:42.989 [DEBUG] [pool-1-thread-174] [o.s.web.client.RestTemplate] - HTTP GET http://localhost:8080/index.html
13:54:42.989 [DEBUG] [pool-1-thread-151] [o.s.web.client.RestTemplate] - HTTP GET http://localhost:8080/index.html
13:54:42.990 [DEBUG] [pool-1-thread-119] [o.s.web.client.RestTemplate] - HTTP GET http://localhost:8080/index.html
13:54:42.990 [DEBUG] [pool-1-thread-27] [o.s.web.client.RestTemplate] - HTTP GET http://localhost:8080/index.html
13:54:42.991 [DEBUG] [pool-1-thread-60] [o.s.web.client.RestTemplate] - HTTP GET http://localhost:8080/index.html
13:54:42.992 [DEBUG] [pool-1-thread-62] [o.s.web.client.RestTemplate] - HTTP GET http://localhost:8080/index.html
13:54:42.993 [DEBUG] [pool-1-thread-13] [o.s.web.client.RestTemplate] - HTTP GET http://localhost:8080/index.html
13:54:42.994 [DEBUG] [pool-1-thread-18] [o.s.web.client.RestTemplate] - HTTP GET http://localhost:8080/index.html
13:54:42.994 [DEBUG] [pool-1-thread-89] [o.s.web.client.RestTemplate] - HTTP GET http://localhost:8080/index.html
13:54:42.994 [DEBUG] [pool-1-thread-138] [o.s.web.client.RestTemplate] - HTTP GET http://localhost:8080/index.html
13:54:42.994 [DEBUG] [pool-1-thread-117] [o.s.web.client.RestTemplate] - HTTP GET http://localhost:8080/index.html
13:54:42.994 [DEBUG] [pool-1-thread-33] [o.s.web.client.RestTemplate] - HTTP GET http://localhost:8080/index.html
13:54:42.994 [DEBUG] [pool-1-thread-102] [o.s.web.client.RestTemplate] - HTTP GET http://localhost:8080/index.html
13:54:42.994 [DEBUG] [pool-1-thread-159] [o.s.web.client.RestTemplate] - HTTP GET http://localhost:8080/index.html
13:54:42.994 [DEBUG] [pool-1-thread-108] [o.s.web.client.RestTemplate] - HTTP GET http://localhost:8080/index.html
13:54:42.994 [DEBUG] [pool-1-thread-10] [o.s.web.client.RestTemplate] - HTTP GET http://localhost:8080/index.html
13:54:42.994 [DEBUG] [pool-1-thread-2] [o.s.web.client.RestTemplate] - HTTP GET http://localhost:8080/index.html
13:54:42.994 [DEBUG] [pool-1-thread-61] [o.s.web.client.RestTemplate] - HTTP GET http://localhost:8080/index.html
13:54:42.995 [DEBUG] [pool-1-thread-118] [o.s.web.client.RestTemplate] - HTTP GET http://localhost:8080/index.html
13:54:42.995 [DEBUG] [pool-1-thread-11] [o.s.web.client.RestTemplate] - HTTP GET http://localhost:8080/index.html
13:54:42.995 [DEBUG] [pool-1-thread-154] [o.s.web.client.RestTemplate] - HTTP GET http://localhost:8080/index.html
13:54:42.995 [DEBUG] [pool-1-thread-48] [o.s.web.client.RestTemplate] - HTTP GET http://localhost:8080/index.html
13:54:42.996 [DEBUG] [pool-1-thread-51] [o.s.web.client.RestTemplate] - HTTP GET http://localhost:8080/index.html
13:54:42.996 [DEBUG] [pool-1-thread-199] [o.s.web.client.RestTemplate] - HTTP GET http://localhost:8080/index.html
13:54:42.996 [DEBUG] [pool-1-thread-152] [o.s.web.client.RestTemplate] - HTTP GET http://localhost:8080/index.html
13:54:43.061 [DEBUG] [pool-1-thread-26] [o.s.web.client.RestTemplate] - HTTP GET http://localhost:8080/index.html
13:54:43.081 [DEBUG] [pool-1-thread-170] [o.s.web.client.RestTemplate] - HTTP GET http://localhost:8080/index.html
13:54:43.080 [DEBUG] [pool-1-thread-21] [o.s.web.client.RestTemplate] - HTTP GET http://localhost:8080/index.html
13:54:43.080 [DEBUG] [pool-1-thread-120] [o.s.web.client.RestTemplate] - HTTP GET http://localhost:8080/index.html
13:54:43.078 [DEBUG] [pool-1-thread-160] [o.s.web.client.RestTemplate] - HTTP GET http://localhost:8080/index.html
13:54:43.075 [DEBUG] [pool-1-thread-3] [o.s.web.client.RestTemplate] - HTTP GET http://localhost:8080/index.html
13:54:43.075 [DEBUG] [pool-1-thread-188] [o.s.web.client.RestTemplate] - HTTP GET http://localhost:8080/index.html
13:54:43.074 [DEBUG] [pool-1-thread-81] [o.s.web.client.RestTemplate] - HTTP GET http://localhost:8080/index.html
13:54:43.073 [DEBUG] [pool-1-thread-84] [o.s.web.client.RestTemplate] - HTTP GET http://localhost:8080/index.html
13:54:43.073 [DEBUG] [pool-1-thread-121] [o.s.web.client.RestTemplate] - HTTP GET http://localhost:8080/index.html
13:54:43.073 [DEBUG] [pool-1-thread-141] [o.s.web.client.RestTemplate] - HTTP GET http://localhost:8080/index.html
13:54:43.072 [DEBUG] [pool-1-thread-64] [o.s.web.client.RestTemplate] - HTTP GET http://localhost:8080/index.html
13:54:43.068 [DEBUG] [pool-1-thread-8] [o.s.web.client.RestTemplate] - HTTP GET http://localhost:8080/index.html
13:54:43.068 [DEBUG] [pool-1-thread-45] [o.s.web.client.RestTemplate] - HTTP GET http://localhost:8080/index.html
13:54:43.067 [DEBUG] [pool-1-thread-67] [o.s.web.client.RestTemplate] - HTTP GET http://localhost:8080/index.html
13:54:43.067 [DEBUG] [pool-1-thread-112] [o.s.web.client.RestTemplate] - HTTP GET http://localhost:8080/index.html
13:54:43.067 [DEBUG] [pool-1-thread-140] [o.s.web.client.RestTemplate] - HTTP GET http://localhost:8080/index.html
13:54:43.067 [DEBUG] [pool-1-thread-49] [o.s.web.client.RestTemplate] - HTTP GET http://localhost:8080/index.html
13:54:43.066 [DEBUG] [pool-1-thread-132] [o.s.web.client.RestTemplate] - HTTP GET http://localhost:8080/index.html
13:54:43.066 [DEBUG] [pool-1-thread-166] [o.s.web.client.RestTemplate] - HTTP GET http://localhost:8080/index.html
13:54:43.067 [DEBUG] [pool-1-thread-22] [o.s.web.client.RestTemplate] - HTTP GET http://localhost:8080/index.html
13:54:43.066 [DEBUG] [pool-1-thread-73] [o.s.web.client.RestTemplate] - HTTP GET http://localhost:8080/index.html
13:54:43.066 [DEBUG] [pool-1-thread-70] [o.s.web.client.RestTemplate] - HTTP GET http://localhost:8080/index.html
13:54:43.066 [DEBUG] [pool-1-thread-63] [o.s.web.client.RestTemplate] - HTTP GET http://localhost:8080/index.html
13:54:43.066 [DEBUG] [pool-1-thread-172] [o.s.web.client.RestTemplate] - HTTP GET http://localhost:8080/index.html
13:54:43.066 [DEBUG] [pool-1-thread-42] [o.s.web.client.RestTemplate] - HTTP GET http://localhost:8080/index.html
13:54:43.066 [DEBUG] [pool-1-thread-134] [o.s.web.client.RestTemplate] - HTTP GET http://localhost:8080/index.html
13:54:43.065 [DEBUG] [pool-1-thread-53] [o.s.web.client.RestTemplate] - HTTP GET http://localhost:8080/index.html
13:54:43.065 [DEBUG] [pool-1-thread-167] [o.s.web.client.RestTemplate] - HTTP GET http://localhost:8080/index.html
13:54:43.065 [DEBUG] [pool-1-thread-80] [o.s.web.client.RestTemplate] - HTTP GET http://localhost:8080/index.html
13:54:43.064 [DEBUG] [pool-1-thread-87] [o.s.web.client.RestTemplate] - HTTP GET http://localhost:8080/index.html
13:54:43.064 [DEBUG] [pool-1-thread-105] [o.s.web.client.RestTemplate] - HTTP GET http://localhost:8080/index.html
13:54:43.062 [DEBUG] [pool-1-thread-131] [o.s.web.client.RestTemplate] - HTTP GET http://localhost:8080/index.html
13:54:43.062 [DEBUG] [pool-1-thread-55] [o.s.web.client.RestTemplate] - HTTP GET http://localhost:8080/index.html
13:54:43.112 [DEBUG] [pool-1-thread-159] [o.s.web.client.RestTemplate] - Accept=[text/plain, application/json, application/*+json, */*]
13:54:43.111 [DEBUG] [pool-1-thread-98] [o.s.web.client.RestTemplate] - Accept=[text/plain, application/json, application/*+json, */*]
13:54:43.111 [DEBUG] [pool-1-thread-145] [o.s.web.client.RestTemplate] - Accept=[text/plain, application/json, application/*+json, */*]
13:54:43.108 [DEBUG] [pool-1-thread-77] [o.s.web.client.RestTemplate] - Accept=[text/plain, application/json, application/*+json, */*]
13:54:43.108 [DEBUG] [pool-1-thread-152] [o.s.web.client.RestTemplate] - Accept=[text/plain, application/json, application/*+json, */*]
13:54:43.105 [DEBUG] [pool-1-thread-174] [o.s.web.client.RestTemplate] - Accept=[text/plain, application/json, application/*+json, */*]
13:54:43.105 [DEBUG] [pool-1-thread-151] [o.s.web.client.RestTemplate] - Accept=[text/plain, application/json, application/*+json, */*]
13:54:43.104 [DEBUG] [pool-1-thread-26] [o.s.web.client.RestTemplate] - Accept=[text/plain, application/json, application/*+json, */*]
13:54:43.099 [DEBUG] [pool-1-thread-60] [o.s.web.client.RestTemplate] - Accept=[text/plain, application/json, application/*+json, */*]
13:54:43.098 [DEBUG] [pool-1-thread-108] [o.s.web.client.RestTemplate] - Accept=[text/plain, application/json, application/*+json, */*]
13:54:43.097 [DEBUG] [pool-1-thread-13] [o.s.web.client.RestTemplate] - Accept=[text/plain, application/json, application/*+json, */*]
13:54:43.096 [DEBUG] [pool-1-thread-27] [o.s.web.client.RestTemplate] - Accept=[text/plain, application/json, application/*+json, */*]
13:54:43.090 [DEBUG] [pool-1-thread-171] [o.s.web.client.RestTemplate] - HTTP GET http://localhost:8080/index.html
13:54:43.088 [DEBUG] [pool-1-thread-146] [o.s.web.client.RestTemplate] - HTTP GET http://localhost:8080/index.html
13:54:43.087 [DEBUG] [pool-1-thread-189] [o.s.web.client.RestTemplate] - HTTP GET http://localhost:8080/index.html
13:54:43.088 [DEBUG] [pool-1-thread-96] [o.s.web.client.RestTemplate] - HTTP GET http://localhost:8080/index.html
13:54:43.087 [DEBUG] [pool-1-thread-157] [o.s.web.client.RestTemplate] - HTTP GET http://localhost:8080/index.html
13:54:43.087 [DEBUG] [pool-1-thread-181] [o.s.web.client.RestTemplate] - HTTP GET http://localhost:8080/index.html
13:54:43.087 [DEBUG] [pool-1-thread-107] [o.s.web.client.RestTemplate] - HTTP GET http://localhost:8080/index.html
13:54:43.087 [DEBUG] [pool-1-thread-32] [o.s.web.client.RestTemplate] - HTTP GET http://localhost:8080/index.html
13:54:43.084 [DEBUG] [pool-1-thread-194] [o.s.web.client.RestTemplate] - HTTP GET http://localhost:8080/index.html
13:54:43.084 [DEBUG] [pool-1-thread-128] [o.s.web.client.RestTemplate] - HTTP GET http://localhost:8080/index.html
13:54:43.083 [DEBUG] [pool-1-thread-148] [o.s.web.client.RestTemplate] - HTTP GET http://localhost:8080/index.html
13:54:43.083 [DEBUG] [pool-1-thread-147] [o.s.web.client.RestTemplate] - HTTP GET http://localhost:8080/index.html
13:54:43.083 [DEBUG] [pool-1-thread-153] [o.s.web.client.RestTemplate] - HTTP GET http://localhost:8080/index.html
13:54:43.083 [DEBUG] [pool-1-thread-86] [o.s.web.client.RestTemplate] - HTTP GET http://localhost:8080/index.html
13:54:43.083 [DEBUG] [pool-1-thread-180] [o.s.web.client.RestTemplate] - HTTP GET http://localhost:8080/index.html
13:54:43.082 [DEBUG] [pool-1-thread-29] [o.s.web.client.RestTemplate] - HTTP GET http://localhost:8080/index.html
13:54:43.082 [DEBUG] [pool-1-thread-183] [o.s.web.client.RestTemplate] - HTTP GET http://localhost:8080/index.html
13:54:43.081 [DEBUG] [pool-1-thread-193] [o.s.web.client.RestTemplate] - HTTP GET http://localhost:8080/index.html
13:54:43.081 [DEBUG] [pool-1-thread-36] [o.s.web.client.RestTemplate] - HTTP GET http://localhost:8080/index.html
13:54:43.123 [DEBUG] [pool-1-thread-11] [o.s.web.client.RestTemplate] - Accept=[text/plain, application/json, application/*+json, */*]
13:54:43.124 [DEBUG] [pool-1-thread-33] [o.s.web.client.RestTemplate] - Accept=[text/plain, application/json, application/*+json, */*]
13:54:43.124 [DEBUG] [pool-1-thread-88] [o.s.web.client.RestTemplate] - Accept=[text/plain, application/json, application/*+json, */*]
13:54:43.127 [DEBUG] [pool-1-thread-18] [o.s.web.client.RestTemplate] - Accept=[text/plain, application/json, application/*+json, */*]
13:54:43.127 [DEBUG] [pool-1-thread-62] [o.s.web.client.RestTemplate] - Accept=[text/plain, application/json, application/*+json, */*]
13:54:43.127 [DEBUG] [pool-1-thread-10] [o.s.web.client.RestTemplate] - Accept=[text/plain, application/json, application/*+json, */*]
13:54:43.127 [DEBUG] [pool-1-thread-94] [o.s.web.client.RestTemplate] - Accept=[text/plain, application/json, application/*+json, */*]
13:54:43.127 [DEBUG] [pool-1-thread-199] [o.s.web.client.RestTemplate] - Accept=[text/plain, application/json, application/*+json, */*]
13:54:43.127 [DEBUG] [pool-1-thread-2] [o.s.web.client.RestTemplate] - Accept=[text/plain, application/json, application/*+json, */*]
13:54:43.127 [DEBUG] [pool-1-thread-61] [o.s.web.client.RestTemplate] - Accept=[text/plain, application/json, application/*+json, */*]
13:54:43.127 [DEBUG] [pool-1-thread-117] [o.s.web.client.RestTemplate] - Accept=[text/plain, application/json, application/*+json, */*]
13:54:43.129 [DEBUG] [pool-1-thread-82] [o.s.web.client.RestTemplate] - HTTP GET http://localhost:8080/index.html
13:54:43.130 [DEBUG] [pool-1-thread-74] [o.s.web.client.RestTemplate] - HTTP GET http://localhost:8080/index.html
13:54:43.129 [DEBUG] [pool-1-thread-162] [o.s.web.client.RestTemplate] - HTTP GET http://localhost:8080/index.html
13:54:43.130 [DEBUG] [pool-1-thread-47] [o.s.web.client.RestTemplate] - HTTP GET http://localhost:8080/index.html
13:54:43.130 [DEBUG] [pool-1-thread-116] [o.s.web.client.RestTemplate] - HTTP GET http://localhost:8080/index.html
13:54:43.130 [DEBUG] [pool-1-thread-89] [o.s.web.client.RestTemplate] - Accept=[text/plain, application/json, application/*+json, */*]
13:54:43.131 [DEBUG] [pool-1-thread-48] [o.s.web.client.RestTemplate] - Accept=[text/plain, application/json, application/*+json, */*]
13:54:43.131 [DEBUG] [pool-1-thread-195] [o.s.web.client.RestTemplate] - HTTP GET http://localhost:8080/index.html
13:54:43.132 [DEBUG] [pool-1-thread-5] [o.s.web.client.RestTemplate] - HTTP GET http://localhost:8080/index.html
13:54:43.142 [DEBUG] [pool-1-thread-54] [o.s.web.client.RestTemplate] - HTTP GET http://localhost:8080/index.html
13:54:43.142 [DEBUG] [pool-1-thread-133] [o.s.web.client.RestTemplate] - HTTP GET http://localhost:8080/index.html
13:54:43.142 [DEBUG] [pool-1-thread-125] [o.s.web.client.RestTemplate] - HTTP GET http://localhost:8080/index.html
13:54:43.143 [DEBUG] [pool-1-thread-124] [o.s.web.client.RestTemplate] - HTTP GET http://localhost:8080/index.html
13:54:43.147 [DEBUG] [pool-1-thread-31] [o.s.web.client.RestTemplate] - HTTP GET http://localhost:8080/index.html
13:54:43.147 [DEBUG] [pool-1-thread-34] [o.s.web.client.RestTemplate] - HTTP GET http://localhost:8080/index.html
13:54:43.149 [DEBUG] [pool-1-thread-144] [o.s.web.client.RestTemplate] - HTTP GET http://localhost:8080/index.html
13:54:43.151 [DEBUG] [pool-1-thread-6] [o.s.web.client.RestTemplate] - HTTP GET http://localhost:8080/index.html
13:54:43.155 [DEBUG] [pool-1-thread-7] [o.s.web.client.RestTemplate] - HTTP GET http://localhost:8080/index.html
13:54:43.155 [DEBUG] [pool-1-thread-198] [o.s.web.client.RestTemplate] - HTTP GET http://localhost:8080/index.html
13:54:43.156 [DEBUG] [pool-1-thread-99] [o.s.web.client.RestTemplate] - HTTP GET http://localhost:8080/index.html
13:54:43.156 [DEBUG] [pool-1-thread-179] [o.s.web.client.RestTemplate] - HTTP GET http://localhost:8080/index.html
13:54:43.157 [DEBUG] [pool-1-thread-85] [o.s.web.client.RestTemplate] - HTTP GET http://localhost:8080/index.html
13:54:43.158 [DEBUG] [pool-1-thread-58] [o.s.web.client.RestTemplate] - HTTP GET http://localhost:8080/index.html
13:54:43.159 [DEBUG] [pool-1-thread-20] [o.s.web.client.RestTemplate] - HTTP GET http://localhost:8080/index.html
13:54:43.162 [DEBUG] [pool-1-thread-143] [o.s.web.client.RestTemplate] - HTTP GET http://localhost:8080/index.html
13:54:43.165 [DEBUG] [pool-1-thread-138] [o.s.web.client.RestTemplate] - Accept=[text/plain, application/json, application/*+json, */*]
13:54:43.165 [DEBUG] [pool-1-thread-172] [o.s.web.client.RestTemplate] - Accept=[text/plain, application/json, application/*+json, */*]
13:54:43.165 [DEBUG] [pool-1-thread-195] [o.s.web.client.RestTemplate] - Accept=[text/plain, application/json, application/*+json, */*]
13:54:43.166 [DEBUG] [pool-1-thread-193] [o.s.web.client.RestTemplate] - Accept=[text/plain, application/json, application/*+json, */*]
13:54:43.166 [DEBUG] [pool-1-thread-183] [o.s.web.client.RestTemplate] - Accept=[text/plain, application/json, application/*+json, */*]
13:54:43.166 [DEBUG] [pool-1-thread-153] [o.s.web.client.RestTemplate] - Accept=[text/plain, application/json, application/*+json, */*]
13:54:43.166 [DEBUG] [pool-1-thread-86] [o.s.web.client.RestTemplate] - Accept=[text/plain, application/json, application/*+json, */*]
13:54:43.166 [DEBUG] [pool-1-thread-116] [o.s.web.client.RestTemplate] - Accept=[text/plain, application/json, application/*+json, */*]
13:54:43.167 [DEBUG] [pool-1-thread-119] [o.s.web.client.RestTemplate] - Accept=[text/plain, application/json, application/*+json, */*]
13:54:43.167 [DEBUG] [pool-1-thread-140] [o.s.web.client.RestTemplate] - Accept=[text/plain, application/json, application/*+json, */*]
13:54:43.168 [DEBUG] [pool-1-thread-180] [o.s.web.client.RestTemplate] - Accept=[text/plain, application/json, application/*+json, */*]
13:54:43.168 [DEBUG] [pool-1-thread-46] [o.s.web.client.RestTemplate] - Accept=[text/plain, application/json, application/*+json, */*]
13:54:43.168 [DEBUG] [pool-1-thread-5] [o.s.web.client.RestTemplate] - Accept=[text/plain, application/json, application/*+json, */*]
13:54:43.168 [DEBUG] [pool-1-thread-91] [o.s.web.client.RestTemplate] - Accept=[text/plain, application/json, application/*+json, */*]
13:54:43.172 [DEBUG] [pool-1-thread-175] [o.s.web.client.RestTemplate] - HTTP GET http://localhost:8080/index.html
13:54:43.177 [DEBUG] [pool-1-thread-87] [o.s.web.client.RestTemplate] - Accept=[text/plain, application/json, application/*+json, */*]
13:54:43.188 [DEBUG] [pool-1-thread-74] [o.s.web.client.RestTemplate] - Accept=[text/plain, application/json, application/*+json, */*]
13:54:43.293 [DEBUG] [pool-1-thread-14] [o.s.web.client.RestTemplate] - HTTP GET http://localhost:8080/index.html
13:54:43.293 [DEBUG] [pool-1-thread-65] [o.s.web.client.RestTemplate] - HTTP GET http://localhost:8080/index.html
13:54:43.293 [DEBUG] [pool-1-thread-12] [o.s.web.client.RestTemplate] - HTTP GET http://localhost:8080/index.html
13:54:43.186 [DEBUG] [pool-1-thread-36] [o.s.web.client.RestTemplate] - Accept=[text/plain, application/json, application/*+json, */*]
13:54:43.182 [DEBUG] [pool-1-thread-132] [o.s.web.client.RestTemplate] - Accept=[text/plain, application/json, application/*+json, */*]
13:54:43.181 [DEBUG] [pool-1-thread-49] [o.s.web.client.RestTemplate] - Accept=[text/plain, application/json, application/*+json, */*]
13:54:43.181 [DEBUG] [pool-1-thread-22] [o.s.web.client.RestTemplate] - Accept=[text/plain, application/json, application/*+json, */*]
13:54:43.179 [DEBUG] [pool-1-thread-71] [o.s.web.client.RestTemplate] - HTTP GET http://localhost:8080/index.html
13:54:43.178 [DEBUG] [pool-1-thread-154] [o.s.web.client.RestTemplate] - Accept=[text/plain, application/json, application/*+json, */*]
13:54:43.178 [DEBUG] [pool-1-thread-158] [o.s.web.client.RestTemplate] - Accept=[text/plain, application/json, application/*+json, */*]
13:54:43.177 [DEBUG] [pool-1-thread-122] [o.s.web.client.RestTemplate] - Accept=[text/plain, application/json, application/*+json, */*]
13:54:43.296 [DEBUG] [pool-1-thread-37] [o.s.web.client.RestTemplate] - HTTP GET http://localhost:8080/index.html
13:54:43.295 [DEBUG] [pool-1-thread-103] [o.s.web.client.RestTemplate] - HTTP GET http://localhost:8080/index.html
13:54:43.294 [DEBUG] [pool-1-thread-30] [o.s.web.client.RestTemplate] - HTTP GET http://localhost:8080/index.html
13:54:43.294 [DEBUG] [pool-1-thread-78] [o.s.web.client.RestTemplate] - HTTP GET http://localhost:8080/index.html
13:54:43.294 [DEBUG] [pool-1-thread-111] [o.s.web.client.RestTemplate] - HTTP GET http://localhost:8080/index.html
13:54:43.293 [DEBUG] [pool-1-thread-156] [o.s.web.client.RestTemplate] - HTTP GET http://localhost:8080/index.html
13:54:43.293 [DEBUG] [pool-1-thread-139] [o.s.web.client.RestTemplate] - HTTP GET http://localhost:8080/index.html
13:54:43.293 [DEBUG] [pool-1-thread-15] [o.s.web.client.RestTemplate] - HTTP GET http://localhost:8080/index.html
13:54:43.289 [DEBUG] [pool-1-thread-109] [o.s.web.client.RestTemplate] - HTTP GET http://localhost:8080/index.html
13:54:43.288 [DEBUG] [pool-1-thread-184] [o.s.web.client.RestTemplate] - HTTP GET http://localhost:8080/index.html
13:54:43.284 [DEBUG] [pool-1-thread-44] [o.s.web.client.RestTemplate] - HTTP GET http://localhost:8080/index.html
13:54:43.256 [DEBUG] [pool-1-thread-96] [o.s.web.client.RestTemplate] - Accept=[text/plain, application/json, application/*+json, */*]
13:54:43.194 [DEBUG] [pool-1-thread-146] [o.s.web.client.RestTemplate] - Accept=[text/plain, application/json, application/*+json, */*]
13:54:43.200 [DEBUG] [pool-1-thread-51] [o.s.web.client.RestTemplate] - Accept=[text/plain, application/json, application/*+json, */*]
13:54:43.194 [DEBUG] [pool-1-thread-40] [o.s.web.client.RestTemplate] - Accept=[text/plain, application/json, application/*+json, */*]
13:54:43.193 [DEBUG] [pool-1-thread-170] [o.s.web.client.RestTemplate] - Accept=[text/plain, application/json, application/*+json, */*]
13:54:43.189 [DEBUG] [pool-1-thread-141] [o.s.web.client.RestTemplate] - Accept=[text/plain, application/json, application/*+json, */*]
13:54:43.205 [DEBUG] [pool-1-thread-118] [o.s.web.client.RestTemplate] - Accept=[text/plain, application/json, application/*+json, */*]
13:54:43.192 [DEBUG] [pool-1-thread-102] [o.s.web.client.RestTemplate] - Accept=[text/plain, application/json, application/*+json, */*]
13:54:43.294 [DEBUG] [pool-1-thread-28] [o.s.web.client.RestTemplate] - HTTP GET http://localhost:8080/index.html
13:54:43.294 [DEBUG] [pool-1-thread-136] [o.s.web.client.RestTemplate] - HTTP GET http://localhost:8080/index.html
13:54:43.293 [DEBUG] [pool-1-thread-17] [o.s.web.client.RestTemplate] - HTTP GET http://localhost:8080/index.html
13:54:43.304 [DEBUG] [pool-1-thread-16] [o.s.web.client.RestTemplate] - HTTP GET http://localhost:8080/index.html
13:54:43.304 [DEBUG] [pool-1-thread-39] [o.s.web.client.RestTemplate] - HTTP GET http://localhost:8080/index.html
13:54:43.304 [DEBUG] [pool-1-thread-69] [o.s.web.client.RestTemplate] - HTTP GET http://localhost:8080/index.html
13:54:43.304 [DEBUG] [pool-1-thread-137] [o.s.web.client.RestTemplate] - HTTP GET http://localhost:8080/index.html
13:54:43.305 [DEBUG] [pool-1-thread-196] [o.s.web.client.RestTemplate] - HTTP GET http://localhost:8080/index.html
13:54:43.307 [DEBUG] [pool-1-thread-66] [o.s.web.client.RestTemplate] - HTTP GET http://localhost:8080/index.html
13:54:43.308 [DEBUG] [pool-1-thread-186] [o.s.web.client.RestTemplate] - HTTP GET http://localhost:8080/index.html
13:54:43.308 [DEBUG] [pool-1-thread-1] [o.s.web.client.RestTemplate] - HTTP GET http://localhost:8080/index.html
13:54:43.314 [DEBUG] [pool-1-thread-155] [o.s.web.client.RestTemplate] - HTTP GET http://localhost:8080/index.html
13:54:43.318 [DEBUG] [pool-1-thread-101] [o.s.web.client.RestTemplate] - HTTP GET http://localhost:8080/index.html
13:54:43.320 [DEBUG] [pool-1-thread-135] [o.s.web.client.RestTemplate] - HTTP GET http://localhost:8080/index.html
13:54:43.323 [DEBUG] [pool-1-thread-182] [o.s.web.client.RestTemplate] - HTTP GET http://localhost:8080/index.html
13:54:43.332 [DEBUG] [pool-1-thread-48] [o.s.web.client.RestTemplate] - Response 200 OK
13:54:43.332 [DEBUG] [pool-1-thread-119] [o.s.web.client.RestTemplate] - Response 200 OK
13:54:43.332 [DEBUG] [pool-1-thread-190] [o.s.web.client.RestTemplate] - HTTP GET http://localhost:8080/index.html
13:54:43.332 [DEBUG] [pool-1-thread-183] [o.s.web.client.RestTemplate] - Response 200 OK
13:54:43.339 [DEBUG] [pool-1-thread-199] [o.s.web.client.RestTemplate] - Response 200 OK
13:54:43.339 [DEBUG] [pool-1-thread-61] [o.s.web.client.RestTemplate] - Response 200 OK
13:54:43.339 [DEBUG] [pool-1-thread-159] [o.s.web.client.RestTemplate] - Response 200 OK
13:54:43.339 [DEBUG] [pool-1-thread-138] [o.s.web.client.RestTemplate] - Response 200 OK
13:54:43.369 [DEBUG] [pool-1-thread-75] [o.s.web.client.RestTemplate] - HTTP GET http://localhost:8080/index.html
13:54:43.369 [DEBUG] [pool-1-thread-93] [o.s.web.client.RestTemplate] - HTTP GET http://localhost:8080/index.html
13:54:43.370 [DEBUG] [pool-1-thread-129] [o.s.web.client.RestTemplate] - HTTP GET http://localhost:8080/index.html
13:54:43.370 [DEBUG] [pool-1-thread-72] [o.s.web.client.RestTemplate] - HTTP GET http://localhost:8080/index.html
13:54:43.370 [DEBUG] [pool-1-thread-165] [o.s.web.client.RestTemplate] - HTTP GET http://localhost:8080/index.html
13:54:43.371 [DEBUG] [pool-1-thread-187] [o.s.web.client.RestTemplate] - HTTP GET http://localhost:8080/index.html
13:54:43.371 [DEBUG] [pool-1-thread-76] [o.s.web.client.RestTemplate] - HTTP GET http://localhost:8080/index.html
13:54:43.371 [DEBUG] [pool-1-thread-106] [o.s.web.client.RestTemplate] - HTTP GET http://localhost:8080/index.html
13:54:43.372 [DEBUG] [pool-1-thread-123] [o.s.web.client.RestTemplate] - HTTP GET http://localhost:8080/index.html
13:54:43.372 [DEBUG] [pool-1-thread-38] [o.s.web.client.RestTemplate] - HTTP GET http://localhost:8080/index.html
13:54:43.373 [DEBUG] [pool-1-thread-19] [o.s.web.client.RestTemplate] - HTTP GET http://localhost:8080/index.html
13:54:43.373 [DEBUG] [pool-1-thread-79] [o.s.web.client.RestTemplate] - HTTP GET http://localhost:8080/index.html
13:54:43.373 [DEBUG] [pool-1-thread-150] [o.s.web.client.RestTemplate] - HTTP GET http://localhost:8080/index.html
13:54:43.373 [DEBUG] [pool-1-thread-68] [o.s.web.client.RestTemplate] - HTTP GET http://localhost:8080/index.html
13:54:43.373 [DEBUG] [pool-1-thread-149] [o.s.web.client.RestTemplate] - HTTP GET http://localhost:8080/index.html
13:54:43.373 [DEBUG] [pool-1-thread-104] [o.s.web.client.RestTemplate] - HTTP GET http://localhost:8080/index.html
13:54:43.374 [DEBUG] [pool-1-thread-164] [o.s.web.client.RestTemplate] - HTTP GET http://localhost:8080/index.html
13:54:43.374 [DEBUG] [pool-1-thread-25] [o.s.web.client.RestTemplate] - HTTP GET http://localhost:8080/index.html
13:54:43.375 [DEBUG] [pool-1-thread-163] [o.s.web.client.RestTemplate] - HTTP GET http://localhost:8080/index.html
13:54:43.375 [DEBUG] [pool-1-thread-90] [o.s.web.client.RestTemplate] - HTTP GET http://localhost:8080/index.html
13:54:43.375 [DEBUG] [pool-1-thread-161] [o.s.web.client.RestTemplate] - HTTP GET http://localhost:8080/index.html
13:54:43.377 [DEBUG] [pool-1-thread-35] [o.s.web.client.RestTemplate] - HTTP GET http://localhost:8080/index.html
13:54:43.378 [DEBUG] [pool-1-thread-92] [o.s.web.client.RestTemplate] - HTTP GET http://localhost:8080/index.html
13:54:43.379 [DEBUG] [pool-1-thread-127] [o.s.web.client.RestTemplate] - HTTP GET http://localhost:8080/index.html
13:54:43.379 [DEBUG] [pool-1-thread-59] [o.s.web.client.RestTemplate] - HTTP GET http://localhost:8080/index.html
13:54:43.379 [DEBUG] [pool-1-thread-23] [o.s.web.client.RestTemplate] - HTTP GET http://localhost:8080/index.html
13:54:43.379 [DEBUG] [pool-1-thread-4] [o.s.web.client.RestTemplate] - HTTP GET http://localhost:8080/index.html
13:54:43.379 [DEBUG] [pool-1-thread-192] [o.s.web.client.RestTemplate] - HTTP GET http://localhost:8080/index.html
13:54:43.381 [DEBUG] [pool-1-thread-169] [o.s.web.client.RestTemplate] - HTTP GET http://localhost:8080/index.html
13:54:43.381 [DEBUG] [pool-1-thread-50] [o.s.web.client.RestTemplate] - HTTP GET http://localhost:8080/index.html
13:54:43.381 [DEBUG] [pool-1-thread-168] [o.s.web.client.RestTemplate] - HTTP GET http://localhost:8080/index.html
13:54:43.381 [DEBUG] [pool-1-thread-100] [o.s.web.client.RestTemplate] - HTTP GET http://localhost:8080/index.html
13:54:43.381 [DEBUG] [pool-1-thread-142] [o.s.web.client.RestTemplate] - HTTP GET http://localhost:8080/index.html
13:54:43.434 [DEBUG] [pool-1-thread-178] [o.s.web.client.RestTemplate] - HTTP GET http://localhost:8080/index.html
13:54:43.439 [DEBUG] [pool-1-thread-83] [o.s.web.client.RestTemplate] - HTTP GET http://localhost:8080/index.html
13:54:43.440 [DEBUG] [pool-1-thread-130] [o.s.web.client.RestTemplate] - HTTP GET http://localhost:8080/index.html
13:54:43.448 [DEBUG] [pool-1-thread-97] [o.s.web.client.RestTemplate] - HTTP GET http://localhost:8080/index.html
13:54:43.452 [DEBUG] [pool-1-thread-176] [o.s.web.client.RestTemplate] - HTTP GET http://localhost:8080/index.html
13:54:43.459 [DEBUG] [pool-1-thread-60] [o.s.web.client.RestTemplate] - Response 200 OK
13:54:43.459 [DEBUG] [pool-1-thread-62] [o.s.web.client.RestTemplate] - Response 200 OK
13:54:43.460 [DEBUG] [pool-1-thread-40] [o.s.web.client.RestTemplate] - Response 200 OK
13:54:43.461 [DEBUG] [pool-1-thread-152] [o.s.web.client.RestTemplate] - Response 200 OK
13:54:43.461 [DEBUG] [pool-1-thread-87] [o.s.web.client.RestTemplate] - Response 200 OK
13:54:43.462 [DEBUG] [pool-1-thread-193] [o.s.web.client.RestTemplate] - Response 200 OK
13:54:43.463 [DEBUG] [pool-1-thread-89] [o.s.web.client.RestTemplate] - Response 200 OK
13:54:43.464 [DEBUG] [pool-1-thread-132] [o.s.web.client.RestTemplate] - Response 200 OK
13:54:43.465 [DEBUG] [pool-1-thread-170] [o.s.web.client.RestTemplate] - Response 200 OK
13:54:43.466 [DEBUG] [pool-1-thread-180] [o.s.web.client.RestTemplate] - Response 200 OK
13:54:43.466 [DEBUG] [pool-1-thread-102] [o.s.web.client.RestTemplate] - Response 200 OK
13:54:43.466 [DEBUG] [pool-1-thread-94] [o.s.web.client.RestTemplate] - Response 200 OK
13:54:43.467 [DEBUG] [pool-1-thread-154] [o.s.web.client.RestTemplate] - Response 200 OK
13:54:43.476 [DEBUG] [pool-1-thread-24] [o.s.web.client.RestTemplate] - HTTP GET http://localhost:8080/index.html
13:54:43.477 [DEBUG] [pool-1-thread-110] [o.s.web.client.RestTemplate] - HTTP GET http://localhost:8080/index.html
13:54:43.480 [DEBUG] [pool-1-thread-153] [o.s.web.client.RestTemplate] - Response 200 OK
13:54:43.480 [DEBUG] [pool-1-thread-197] [o.s.web.client.RestTemplate] - HTTP GET http://localhost:8080/index.html
13:54:43.509 [DEBUG] [pool-1-thread-122] [o.s.web.client.RestTemplate] - Response 200 OK
13:54:43.509 [DEBUG] [pool-1-thread-74] [o.s.web.client.RestTemplate] - Response 200 OK
13:54:43.509 [DEBUG] [pool-1-thread-140] [o.s.web.client.RestTemplate] - Response 200 OK
13:54:43.510 [DEBUG] [pool-1-thread-13] [o.s.web.client.RestTemplate] - Response 200 OK
13:54:43.511 [DEBUG] [pool-1-thread-36] [o.s.web.client.RestTemplate] - Response 200 OK
13:54:43.509 [DEBUG] [pool-1-thread-96] [o.s.web.client.RestTemplate] - Response 200 OK
13:54:43.511 [DEBUG] [pool-1-thread-174] [o.s.web.client.RestTemplate] - Response 200 OK
13:54:43.509 [DEBUG] [pool-1-thread-18] [o.s.web.client.RestTemplate] - Response 200 OK
13:54:43.512 [DEBUG] [pool-1-thread-2] [o.s.web.client.RestTemplate] - Response 200 OK
13:54:43.513 [DEBUG] [pool-1-thread-108] [o.s.web.client.RestTemplate] - Response 200 OK
13:54:43.513 [DEBUG] [pool-1-thread-11] [o.s.web.client.RestTemplate] - Response 200 OK
13:54:43.514 [DEBUG] [pool-1-thread-33] [o.s.web.client.RestTemplate] - Response 200 OK
13:54:43.514 [DEBUG] [pool-1-thread-116] [o.s.web.client.RestTemplate] - Response 200 OK
13:54:43.514 [DEBUG] [pool-1-thread-117] [o.s.web.client.RestTemplate] - Response 200 OK
13:54:43.514 [DEBUG] [pool-1-thread-49] [o.s.web.client.RestTemplate] - Response 200 OK
13:54:43.515 [DEBUG] [pool-1-thread-51] [o.s.web.client.RestTemplate] - Response 200 OK
13:54:43.515 [DEBUG] [pool-1-thread-91] [o.s.web.client.RestTemplate] - Response 200 OK
13:54:43.515 [DEBUG] [pool-1-thread-195] [o.s.web.client.RestTemplate] - Response 200 OK
13:54:43.515 [DEBUG] [pool-1-thread-88] [o.s.web.client.RestTemplate] - Response 200 OK
13:54:43.515 [DEBUG] [pool-1-thread-141] [o.s.web.client.RestTemplate] - Response 200 OK
13:54:43.516 [DEBUG] [pool-1-thread-145] [o.s.web.client.RestTemplate] - Response 200 OK
13:54:43.516 [DEBUG] [pool-1-thread-151] [o.s.web.client.RestTemplate] - Response 200 OK
13:54:43.516 [DEBUG] [pool-1-thread-77] [o.s.web.client.RestTemplate] - Response 200 OK
13:54:43.516 [DEBUG] [pool-1-thread-158] [o.s.web.client.RestTemplate] - Response 200 OK
13:54:43.516 [DEBUG] [pool-1-thread-118] [o.s.web.client.RestTemplate] - Response 200 OK
13:54:43.516 [DEBUG] [pool-1-thread-86] [o.s.web.client.RestTemplate] - Response 200 OK
13:54:43.516 [DEBUG] [pool-1-thread-22] [o.s.web.client.RestTemplate] - Response 200 OK
13:54:43.516 [DEBUG] [pool-1-thread-146] [o.s.web.client.RestTemplate] - Response 200 OK
13:54:43.518 [DEBUG] [pool-1-thread-98] [o.s.web.client.RestTemplate] - Response 200 OK
13:54:43.518 [DEBUG] [pool-1-thread-10] [o.s.web.client.RestTemplate] - Response 200 OK
13:54:43.518 [DEBUG] [pool-1-thread-27] [o.s.web.client.RestTemplate] - Response 200 OK
13:54:43.519 [DEBUG] [pool-1-thread-26] [o.s.web.client.RestTemplate] - Response 200 OK
13:54:43.519 [DEBUG] [pool-1-thread-172] [o.s.web.client.RestTemplate] - Response 200 OK
13:54:43.552 [DEBUG] [pool-1-thread-59] [o.s.web.client.RestTemplate] - Accept=[text/plain, application/json, application/*+json, */*]
13:54:43.564 [DEBUG] [pool-1-thread-65] [o.s.web.client.RestTemplate] - Accept=[text/plain, application/json, application/*+json, */*]
13:54:43.520 [DEBUG] [pool-1-thread-5] [o.s.web.client.RestTemplate] - Response 200 OK
13:54:43.553 [DEBUG] [pool-1-thread-44] [o.s.web.client.RestTemplate] - Accept=[text/plain, application/json, application/*+json, */*]
13:54:43.553 [DEBUG] [pool-1-thread-97] [o.s.web.client.RestTemplate] - Accept=[text/plain, application/json, application/*+json, */*]
13:54:43.552 [DEBUG] [pool-1-thread-16] [o.s.web.client.RestTemplate] - Accept=[text/plain, application/json, application/*+json, */*]
13:54:43.553 [DEBUG] [pool-1-thread-84] [o.s.web.client.RestTemplate] - Accept=[text/plain, application/json, application/*+json, */*]
13:54:43.554 [DEBUG] [pool-1-thread-6] [o.s.web.client.RestTemplate] - Accept=[text/plain, application/json, application/*+json, */*]
13:54:43.554 [DEBUG] [pool-1-thread-29] [o.s.web.client.RestTemplate] - Accept=[text/plain, application/json, application/*+json, */*]
13:54:43.554 [DEBUG] [pool-1-thread-1] [o.s.web.client.RestTemplate] - Accept=[text/plain, application/json, application/*+json, */*]
13:54:43.554 [DEBUG] [pool-1-thread-165] [o.s.web.client.RestTemplate] - Accept=[text/plain, application/json, application/*+json, */*]
13:54:43.554 [DEBUG] [pool-1-thread-186] [o.s.web.client.RestTemplate] - Accept=[text/plain, application/json, application/*+json, */*]
13:54:43.554 [DEBUG] [pool-1-thread-72] [o.s.web.client.RestTemplate] - Accept=[text/plain, application/json, application/*+json, */*]
13:54:43.554 [DEBUG] [pool-1-thread-176] [o.s.web.client.RestTemplate] - Accept=[text/plain, application/json, application/*+json, */*]
13:54:43.554 [DEBUG] [pool-1-thread-166] [o.s.web.client.RestTemplate] - Accept=[text/plain, application/json, application/*+json, */*]
13:54:43.554 [DEBUG] [pool-1-thread-23] [o.s.web.client.RestTemplate] - Accept=[text/plain, application/json, application/*+json, */*]
13:54:43.554 [DEBUG] [pool-1-thread-80] [o.s.web.client.RestTemplate] - Accept=[text/plain, application/json, application/*+json, */*]
13:54:43.554 [DEBUG] [pool-1-thread-167] [o.s.web.client.RestTemplate] - Accept=[text/plain, application/json, application/*+json, */*]
13:54:43.554 [DEBUG] [pool-1-thread-128] [o.s.web.client.RestTemplate] - Accept=[text/plain, application/json, application/*+json, */*]
13:54:43.554 [DEBUG] [pool-1-thread-20] [o.s.web.client.RestTemplate] - Accept=[text/plain, application/json, application/*+json, */*]
13:54:43.554 [DEBUG] [pool-1-thread-24] [o.s.web.client.RestTemplate] - Accept=[text/plain, application/json, application/*+json, */*]
13:54:43.554 [DEBUG] [pool-1-thread-123] [o.s.web.client.RestTemplate] - Accept=[text/plain, application/json, application/*+json, */*]
13:54:43.554 [DEBUG] [pool-1-thread-101] [o.s.web.client.RestTemplate] - Accept=[text/plain, application/json, application/*+json, */*]
13:54:43.555 [DEBUG] [pool-1-thread-107] [o.s.web.client.RestTemplate] - Accept=[text/plain, application/json, application/*+json, */*]
13:54:43.555 [DEBUG] [pool-1-thread-143] [o.s.web.client.RestTemplate] - Accept=[text/plain, application/json, application/*+json, */*]
13:54:43.555 [DEBUG] [pool-1-thread-110] [o.s.web.client.RestTemplate] - Accept=[text/plain, application/json, application/*+json, */*]
13:54:43.555 [DEBUG] [pool-1-thread-85] [o.s.web.client.RestTemplate] - Accept=[text/plain, application/json, application/*+json, */*]
13:54:43.555 [DEBUG] [pool-1-thread-109] [o.s.web.client.RestTemplate] - Accept=[text/plain, application/json, application/*+json, */*]
13:54:43.555 [DEBUG] [pool-1-thread-83] [o.s.web.client.RestTemplate] - Accept=[text/plain, application/json, application/*+json, */*]
13:54:43.555 [DEBUG] [pool-1-thread-192] [o.s.web.client.RestTemplate] - Accept=[text/plain, application/json, application/*+json, */*]
13:54:43.555 [DEBUG] [pool-1-thread-28] [o.s.web.client.RestTemplate] - Accept=[text/plain, application/json, application/*+json, */*]
13:54:43.556 [DEBUG] [pool-1-thread-64] [o.s.web.client.RestTemplate] - Accept=[text/plain, application/json, application/*+json, */*]
13:54:43.555 [DEBUG] [pool-1-thread-121] [o.s.web.client.RestTemplate] - Accept=[text/plain, application/json, application/*+json, */*]
13:54:43.556 [DEBUG] [pool-1-thread-136] [o.s.web.client.RestTemplate] - Accept=[text/plain, application/json, application/*+json, */*]
13:54:43.556 [DEBUG] [pool-1-thread-188] [o.s.web.client.RestTemplate] - Accept=[text/plain, application/json, application/*+json, */*]
13:54:43.556 [DEBUG] [pool-1-thread-19] [o.s.web.client.RestTemplate] - Accept=[text/plain, application/json, application/*+json, */*]
13:54:43.556 [DEBUG] [pool-1-thread-30] [o.s.web.client.RestTemplate] - Accept=[text/plain, application/json, application/*+json, */*]
13:54:43.556 [DEBUG] [pool-1-thread-133] [o.s.web.client.RestTemplate] - Accept=[text/plain, application/json, application/*+json, */*]
13:54:43.556 [DEBUG] [pool-1-thread-124] [o.s.web.client.RestTemplate] - Accept=[text/plain, application/json, application/*+json, */*]
13:54:43.556 [DEBUG] [pool-1-thread-181] [o.s.web.client.RestTemplate] - Accept=[text/plain, application/json, application/*+json, */*]
13:54:43.556 [DEBUG] [pool-1-thread-142] [o.s.web.client.RestTemplate] - Accept=[text/plain, application/json, application/*+json, */*]
13:54:43.556 [DEBUG] [pool-1-thread-76] [o.s.web.client.RestTemplate] - Accept=[text/plain, application/json, application/*+json, */*]
13:54:43.557 [DEBUG] [pool-1-thread-189] [o.s.web.client.RestTemplate] - Accept=[text/plain, application/json, application/*+json, */*]
13:54:43.557 [DEBUG] [pool-1-thread-69] [o.s.web.client.RestTemplate] - Accept=[text/plain, application/json, application/*+json, */*]
13:54:43.556 [DEBUG] [pool-1-thread-171] [o.s.web.client.RestTemplate] - Accept=[text/plain, application/json, application/*+json, */*]
13:54:43.557 [DEBUG] [pool-1-thread-182] [o.s.web.client.RestTemplate] - Accept=[text/plain, application/json, application/*+json, */*]
13:54:43.557 [DEBUG] [pool-1-thread-135] [o.s.web.client.RestTemplate] - Accept=[text/plain, application/json, application/*+json, */*]
13:54:43.557 [DEBUG] [pool-1-thread-149] [o.s.web.client.RestTemplate] - Accept=[text/plain, application/json, application/*+json, */*]
13:54:43.557 [DEBUG] [pool-1-thread-137] [o.s.web.client.RestTemplate] - Accept=[text/plain, application/json, application/*+json, */*]
13:54:43.557 [DEBUG] [pool-1-thread-73] [o.s.web.client.RestTemplate] - Accept=[text/plain, application/json, application/*+json, */*]
13:54:43.557 [DEBUG] [pool-1-thread-79] [o.s.web.client.RestTemplate] - Accept=[text/plain, application/json, application/*+json, */*]
13:54:43.557 [DEBUG] [pool-1-thread-53] [o.s.web.client.RestTemplate] - Accept=[text/plain, application/json, application/*+json, */*]
13:54:43.557 [DEBUG] [pool-1-thread-112] [o.s.web.client.RestTemplate] - Accept=[text/plain, application/json, application/*+json, */*]
13:54:43.557 [DEBUG] [pool-1-thread-198] [o.s.web.client.RestTemplate] - Accept=[text/plain, application/json, application/*+json, */*]
13:54:43.557 [DEBUG] [pool-1-thread-58] [o.s.web.client.RestTemplate] - Accept=[text/plain, application/json, application/*+json, */*]
13:54:43.557 [DEBUG] [pool-1-thread-150] [o.s.web.client.RestTemplate] - Accept=[text/plain, application/json, application/*+json, */*]
13:54:43.557 [DEBUG] [pool-1-thread-63] [o.s.web.client.RestTemplate] - Accept=[text/plain, application/json, application/*+json, */*]
13:54:43.557 [DEBUG] [pool-1-thread-155] [o.s.web.client.RestTemplate] - Accept=[text/plain, application/json, application/*+json, */*]
13:54:43.557 [DEBUG] [pool-1-thread-7] [o.s.web.client.RestTemplate] - Accept=[text/plain, application/json, application/*+json, */*]
13:54:43.557 [DEBUG] [pool-1-thread-168] [o.s.web.client.RestTemplate] - Accept=[text/plain, application/json, application/*+json, */*]
13:54:43.557 [DEBUG] [pool-1-thread-66] [o.s.web.client.RestTemplate] - Accept=[text/plain, application/json, application/*+json, */*]
13:54:43.557 [DEBUG] [pool-1-thread-148] [o.s.web.client.RestTemplate] - Accept=[text/plain, application/json, application/*+json, */*]
13:54:43.557 [DEBUG] [pool-1-thread-105] [o.s.web.client.RestTemplate] - Accept=[text/plain, application/json, application/*+json, */*]
13:54:43.557 [DEBUG] [pool-1-thread-196] [o.s.web.client.RestTemplate] - Accept=[text/plain, application/json, application/*+json, */*]
13:54:43.557 [DEBUG] [pool-1-thread-21] [o.s.web.client.RestTemplate] - Accept=[text/plain, application/json, application/*+json, */*]
13:54:43.557 [DEBUG] [pool-1-thread-164] [o.s.web.client.RestTemplate] - Accept=[text/plain, application/json, application/*+json, */*]
13:54:43.558 [DEBUG] [pool-1-thread-47] [o.s.web.client.RestTemplate] - Accept=[text/plain, application/json, application/*+json, */*]
13:54:43.558 [DEBUG] [pool-1-thread-32] [o.s.web.client.RestTemplate] - Accept=[text/plain, application/json, application/*+json, */*]
13:54:43.558 [DEBUG] [pool-1-thread-71] [o.s.web.client.RestTemplate] - Accept=[text/plain, application/json, application/*+json, */*]
13:54:43.558 [DEBUG] [pool-1-thread-15] [o.s.web.client.RestTemplate] - Accept=[text/plain, application/json, application/*+json, */*]
13:54:43.558 [DEBUG] [pool-1-thread-100] [o.s.web.client.RestTemplate] - Accept=[text/plain, application/json, application/*+json, */*]
13:54:43.558 [DEBUG] [pool-1-thread-156] [o.s.web.client.RestTemplate] - Accept=[text/plain, application/json, application/*+json, */*]
13:54:43.558 [DEBUG] [pool-1-thread-187] [o.s.web.client.RestTemplate] - Accept=[text/plain, application/json, application/*+json, */*]
13:54:43.558 [DEBUG] [pool-1-thread-93] [o.s.web.client.RestTemplate] - Accept=[text/plain, application/json, application/*+json, */*]
13:54:43.559 [DEBUG] [pool-1-thread-104] [o.s.web.client.RestTemplate] - Accept=[text/plain, application/json, application/*+json, */*]
13:54:43.559 [DEBUG] [pool-1-thread-12] [o.s.web.client.RestTemplate] - Accept=[text/plain, application/json, application/*+json, */*]
13:54:43.559 [DEBUG] [pool-1-thread-179] [o.s.web.client.RestTemplate] - Accept=[text/plain, application/json, application/*+json, */*]
13:54:43.559 [DEBUG] [pool-1-thread-99] [o.s.web.client.RestTemplate] - Accept=[text/plain, application/json, application/*+json, */*]
13:54:43.559 [DEBUG] [pool-1-thread-175] [o.s.web.client.RestTemplate] - Accept=[text/plain, application/json, application/*+json, */*]
13:54:43.559 [DEBUG] [pool-1-thread-130] [o.s.web.client.RestTemplate] - Accept=[text/plain, application/json, application/*+json, */*]
13:54:43.559 [DEBUG] [pool-1-thread-111] [o.s.web.client.RestTemplate] - Accept=[text/plain, application/json, application/*+json, */*]
13:54:43.559 [DEBUG] [pool-1-thread-3] [o.s.web.client.RestTemplate] - Accept=[text/plain, application/json, application/*+json, */*]
13:54:43.559 [DEBUG] [pool-1-thread-37] [o.s.web.client.RestTemplate] - Accept=[text/plain, application/json, application/*+json, */*]
13:54:43.560 [DEBUG] [pool-1-thread-75] [o.s.web.client.RestTemplate] - Accept=[text/plain, application/json, application/*+json, */*]
13:54:43.560 [DEBUG] [pool-1-thread-90] [o.s.web.client.RestTemplate] - Accept=[text/plain, application/json, application/*+json, */*]
13:54:43.560 [DEBUG] [pool-1-thread-125] [o.s.web.client.RestTemplate] - Accept=[text/plain, application/json, application/*+json, */*]
13:54:43.560 [DEBUG] [pool-1-thread-106] [o.s.web.client.RestTemplate] - Accept=[text/plain, application/json, application/*+json, */*]
13:54:43.560 [DEBUG] [pool-1-thread-55] [o.s.web.client.RestTemplate] - Accept=[text/plain, application/json, application/*+json, */*]
13:54:43.560 [DEBUG] [pool-1-thread-50] [o.s.web.client.RestTemplate] - Accept=[text/plain, application/json, application/*+json, */*]
13:54:43.560 [DEBUG] [pool-1-thread-184] [o.s.web.client.RestTemplate] - Accept=[text/plain, application/json, application/*+json, */*]
13:54:43.560 [DEBUG] [pool-1-thread-157] [o.s.web.client.RestTemplate] - Accept=[text/plain, application/json, application/*+json, */*]
13:54:43.580 [DEBUG] [pool-1-thread-46] [o.s.web.client.RestTemplate] - Response 200 OK
13:54:43.561 [DEBUG] [pool-1-thread-67] [o.s.web.client.RestTemplate] - Accept=[text/plain, application/json, application/*+json, */*]
13:54:43.561 [DEBUG] [pool-1-thread-4] [o.s.web.client.RestTemplate] - Accept=[text/plain, application/json, application/*+json, */*]
13:54:43.561 [DEBUG] [pool-1-thread-131] [o.s.web.client.RestTemplate] - Accept=[text/plain, application/json, application/*+json, */*]
13:54:43.561 [DEBUG] [pool-1-thread-190] [o.s.web.client.RestTemplate] - Accept=[text/plain, application/json, application/*+json, */*]
13:54:43.561 [DEBUG] [pool-1-thread-14] [o.s.web.client.RestTemplate] - Accept=[text/plain, application/json, application/*+json, */*]
13:54:43.561 [DEBUG] [pool-1-thread-81] [o.s.web.client.RestTemplate] - Accept=[text/plain, application/json, application/*+json, */*]
13:54:43.561 [DEBUG] [pool-1-thread-78] [o.s.web.client.RestTemplate] - Accept=[text/plain, application/json, application/*+json, */*]
13:54:43.562 [DEBUG] [pool-1-thread-38] [o.s.web.client.RestTemplate] - Accept=[text/plain, application/json, application/*+json, */*]
13:54:43.568 [DEBUG] [pool-1-thread-42] [o.s.web.client.RestTemplate] - Accept=[text/plain, application/json, application/*+json, */*]
13:54:43.565 [DEBUG] [pool-1-thread-70] [o.s.web.client.RestTemplate] - Accept=[text/plain, application/json, application/*+json, */*]
13:54:43.563 [DEBUG] [pool-1-thread-68] [o.s.web.client.RestTemplate] - Accept=[text/plain, application/json, application/*+json, */*]
13:54:43.562 [DEBUG] [pool-1-thread-103] [o.s.web.client.RestTemplate] - Accept=[text/plain, application/json, application/*+json, */*]
13:54:43.570 [DEBUG] [pool-1-thread-197] [o.s.web.client.RestTemplate] - Accept=[text/plain, application/json, application/*+json, */*]
13:54:43.571 [DEBUG] [pool-1-thread-144] [o.s.web.client.RestTemplate] - Accept=[text/plain, application/json, application/*+json, */*]
13:54:43.564 [DEBUG] [pool-1-thread-39] [o.s.web.client.RestTemplate] - Accept=[text/plain, application/json, application/*+json, */*]
13:54:43.565 [DEBUG] [pool-1-thread-160] [o.s.web.client.RestTemplate] - Accept=[text/plain, application/json, application/*+json, */*]
13:54:43.576 [DEBUG] [pool-1-thread-92] [o.s.web.client.RestTemplate] - Accept=[text/plain, application/json, application/*+json, */*]
13:54:43.563 [DEBUG] [pool-1-thread-163] [o.s.web.client.RestTemplate] - Accept=[text/plain, application/json, application/*+json, */*]
13:54:43.570 [DEBUG] [pool-1-thread-134] [o.s.web.client.RestTemplate] - Accept=[text/plain, application/json, application/*+json, */*]
13:54:43.570 [DEBUG] [pool-1-thread-35] [o.s.web.client.RestTemplate] - Accept=[text/plain, application/json, application/*+json, */*]
13:54:43.563 [DEBUG] [pool-1-thread-45] [o.s.web.client.RestTemplate] - Accept=[text/plain, application/json, application/*+json, */*]
13:54:43.562 [DEBUG] [pool-1-thread-169] [o.s.web.client.RestTemplate] - Accept=[text/plain, application/json, application/*+json, */*]
13:54:43.566 [DEBUG] [pool-1-thread-17] [o.s.web.client.RestTemplate] - Accept=[text/plain, application/json, application/*+json, */*]
13:54:43.566 [DEBUG] [pool-1-thread-31] [o.s.web.client.RestTemplate] - Accept=[text/plain, application/json, application/*+json, */*]
13:54:43.564 [DEBUG] [pool-1-thread-178] [o.s.web.client.RestTemplate] - Accept=[text/plain, application/json, application/*+json, */*]
13:54:43.566 [DEBUG] [pool-1-thread-162] [o.s.web.client.RestTemplate] - Accept=[text/plain, application/json, application/*+json, */*]
13:54:43.562 [DEBUG] [pool-1-thread-139] [o.s.web.client.RestTemplate] - Accept=[text/plain, application/json, application/*+json, */*]
13:54:43.566 [DEBUG] [pool-1-thread-161] [o.s.web.client.RestTemplate] - Accept=[text/plain, application/json, application/*+json, */*]
13:54:43.565 [DEBUG] [pool-1-thread-129] [o.s.web.client.RestTemplate] - Accept=[text/plain, application/json, application/*+json, */*]
13:54:43.566 [DEBUG] [pool-1-thread-82] [o.s.web.client.RestTemplate] - Accept=[text/plain, application/json, application/*+json, */*]
13:54:43.566 [DEBUG] [pool-1-thread-25] [o.s.web.client.RestTemplate] - Accept=[text/plain, application/json, application/*+json, */*]
13:54:43.563 [DEBUG] [pool-1-thread-34] [o.s.web.client.RestTemplate] - Accept=[text/plain, application/json, application/*+json, */*]
13:54:43.563 [DEBUG] [pool-1-thread-54] [o.s.web.client.RestTemplate] - Accept=[text/plain, application/json, application/*+json, */*]
13:54:43.565 [DEBUG] [pool-1-thread-120] [o.s.web.client.RestTemplate] - Accept=[text/plain, application/json, application/*+json, */*]
13:54:43.568 [DEBUG] [pool-1-thread-147] [o.s.web.client.RestTemplate] - Accept=[text/plain, application/json, application/*+json, */*]
13:54:43.566 [DEBUG] [pool-1-thread-127] [o.s.web.client.RestTemplate] - Accept=[text/plain, application/json, application/*+json, */*]
13:54:43.563 [DEBUG] [pool-1-thread-8] [o.s.web.client.RestTemplate] - Accept=[text/plain, application/json, application/*+json, */*]
13:54:43.563 [DEBUG] [pool-1-thread-194] [o.s.web.client.RestTemplate] - Accept=[text/plain, application/json, application/*+json, */*]
13:54:43.766 [DEBUG] [pool-1-thread-74] [o.s.web.client.RestTemplate] - Reading to [java.lang.String] as "text/html;charset=utf-8"
13:54:43.767 [DEBUG] [pool-1-thread-122] [o.s.web.client.RestTemplate] - Reading to [java.lang.String] as "text/html;charset=utf-8"
13:54:43.769 [DEBUG] [pool-1-thread-94] [o.s.web.client.RestTemplate] - Reading to [java.lang.String] as "text/html;charset=utf-8"
13:54:43.770 [DEBUG] [pool-1-thread-140] [o.s.web.client.RestTemplate] - Reading to [java.lang.String] as "text/html;charset=utf-8"
13:54:43.771 [DEBUG] [pool-1-thread-145] [o.s.web.client.RestTemplate] - Reading to [java.lang.String] as "text/html;charset=utf-8"
13:54:43.774 [DEBUG] [pool-1-thread-88] [o.s.web.client.RestTemplate] - Reading to [java.lang.String] as "text/html;charset=utf-8"
13:54:43.776 [DEBUG] [pool-1-thread-26] [o.s.web.client.RestTemplate] - Reading to [java.lang.String] as "text/html;charset=utf-8"
13:54:43.776 [DEBUG] [pool-1-thread-183] [o.s.web.client.RestTemplate] - Reading to [java.lang.String] as "text/html;charset=utf-8"
13:54:43.776 [DEBUG] [pool-1-thread-170] [o.s.web.client.RestTemplate] - Reading to [java.lang.String] as "text/html;charset=utf-8"
13:54:43.777 [DEBUG] [pool-1-thread-10] [o.s.web.client.RestTemplate] - Reading to [java.lang.String] as "text/html;charset=utf-8"
13:54:43.777 [DEBUG] [pool-1-thread-11] [o.s.web.client.RestTemplate] - Reading to [java.lang.String] as "text/html;charset=utf-8"
13:54:43.777 [DEBUG] [pool-1-thread-108] [o.s.web.client.RestTemplate] - Reading to [java.lang.String] as "text/html;charset=utf-8"
13:54:43.777 [DEBUG] [pool-1-thread-33] [o.s.web.client.RestTemplate] - Reading to [java.lang.String] as "text/html;charset=utf-8"
13:54:43.778 [DEBUG] [pool-1-thread-152] [o.s.web.client.RestTemplate] - Reading to [java.lang.String] as "text/html;charset=utf-8"
13:54:43.778 [DEBUG] [pool-1-thread-91] [o.s.web.client.RestTemplate] - Reading to [java.lang.String] as "text/html;charset=utf-8"
13:54:43.778 [DEBUG] [pool-1-thread-62] [o.s.web.client.RestTemplate] - Reading to [java.lang.String] as "text/html;charset=utf-8"
13:54:43.778 [DEBUG] [pool-1-thread-5] [o.s.web.client.RestTemplate] - Reading to [java.lang.String] as "text/html;charset=utf-8"
13:54:43.779 [DEBUG] [pool-1-thread-102] [o.s.web.client.RestTemplate] - Reading to [java.lang.String] as "text/html;charset=utf-8"
13:54:43.778 [DEBUG] [pool-1-thread-153] [o.s.web.client.RestTemplate] - Reading to [java.lang.String] as "text/html;charset=utf-8"
13:54:43.780 [DEBUG] [pool-1-thread-154] [o.s.web.client.RestTemplate] - Reading to [java.lang.String] as "text/html;charset=utf-8"
13:54:43.781 [DEBUG] [pool-1-thread-159] [o.s.web.client.RestTemplate] - Reading to [java.lang.String] as "text/html;charset=utf-8"
13:54:43.781 [DEBUG] [pool-1-thread-27] [o.s.web.client.RestTemplate] - Reading to [java.lang.String] as "text/html;charset=utf-8"
13:54:43.781 [DEBUG] [pool-1-thread-158] [o.s.web.client.RestTemplate] - Reading to [java.lang.String] as "text/html;charset=utf-8"
13:54:43.781 [DEBUG] [pool-1-thread-61] [o.s.web.client.RestTemplate] - Reading to [java.lang.String] as "text/html;charset=utf-8"
13:54:43.780 [DEBUG] [pool-1-thread-86] [o.s.web.client.RestTemplate] - Reading to [java.lang.String] as "text/html;charset=utf-8"
13:54:43.781 [DEBUG] [pool-1-thread-118] [o.s.web.client.RestTemplate] - Reading to [java.lang.String] as "text/html;charset=utf-8"
13:54:43.781 [DEBUG] [pool-1-thread-119] [o.s.web.client.RestTemplate] - Reading to [java.lang.String] as "text/html;charset=utf-8"
13:54:43.785 [DEBUG] [pool-1-thread-132] [o.s.web.client.RestTemplate] - Reading to [java.lang.String] as "text/html;charset=utf-8"
13:54:43.784 [DEBUG] [pool-1-thread-199] [o.s.web.client.RestTemplate] - Reading to [java.lang.String] as "text/html;charset=utf-8"
13:54:43.781 [DEBUG] [pool-1-thread-2] [o.s.web.client.RestTemplate] - Reading to [java.lang.String] as "text/html;charset=utf-8"
13:54:43.785 [DEBUG] [pool-1-thread-174] [o.s.web.client.RestTemplate] - Reading to [java.lang.String] as "text/html;charset=utf-8"
13:54:43.785 [DEBUG] [pool-1-thread-116] [o.s.web.client.RestTemplate] - Reading to [java.lang.String] as "text/html;charset=utf-8"
13:54:43.785 [DEBUG] [pool-1-thread-22] [o.s.web.client.RestTemplate] - Reading to [java.lang.String] as "text/html;charset=utf-8"
13:54:43.786 [DEBUG] [pool-1-thread-96] [o.s.web.client.RestTemplate] - Reading to [java.lang.String] as "text/html;charset=utf-8"
13:54:43.786 [DEBUG] [pool-1-thread-36] [o.s.web.client.RestTemplate] - Reading to [java.lang.String] as "text/html;charset=utf-8"
13:54:43.786 [DEBUG] [pool-1-thread-146] [o.s.web.client.RestTemplate] - Reading to [java.lang.String] as "text/html;charset=utf-8"
13:54:43.786 [DEBUG] [pool-1-thread-117] [o.s.web.client.RestTemplate] - Reading to [java.lang.String] as "text/html;charset=utf-8"
13:54:43.786 [DEBUG] [pool-1-thread-51] [o.s.web.client.RestTemplate] - Reading to [java.lang.String] as "text/html;charset=utf-8"
13:54:43.786 [DEBUG] [pool-1-thread-13] [o.s.web.client.RestTemplate] - Reading to [java.lang.String] as "text/html;charset=utf-8"
13:54:43.786 [DEBUG] [pool-1-thread-89] [o.s.web.client.RestTemplate] - Reading to [java.lang.String] as "text/html;charset=utf-8"
13:54:43.791 [DEBUG] [pool-1-thread-172] [o.s.web.client.RestTemplate] - Reading to [java.lang.String] as "text/html;charset=utf-8"
13:54:43.791 [DEBUG] [pool-1-thread-49] [o.s.web.client.RestTemplate] - Reading to [java.lang.String] as "text/html;charset=utf-8"
13:54:43.791 [DEBUG] [pool-1-thread-98] [o.s.web.client.RestTemplate] - Reading to [java.lang.String] as "text/html;charset=utf-8"
13:54:43.790 [DEBUG] [pool-1-thread-195] [o.s.web.client.RestTemplate] - Reading to [java.lang.String] as "text/html;charset=utf-8"
13:54:43.791 [DEBUG] [pool-1-thread-180] [o.s.web.client.RestTemplate] - Reading to [java.lang.String] as "text/html;charset=utf-8"
13:54:43.791 [DEBUG] [pool-1-thread-77] [o.s.web.client.RestTemplate] - Reading to [java.lang.String] as "text/html;charset=utf-8"
13:54:43.792 [DEBUG] [pool-1-thread-193] [o.s.web.client.RestTemplate] - Reading to [java.lang.String] as "text/html;charset=utf-8"
13:54:43.792 [DEBUG] [pool-1-thread-138] [o.s.web.client.RestTemplate] - Reading to [java.lang.String] as "text/html;charset=utf-8"
13:54:43.793 [DEBUG] [pool-1-thread-141] [o.s.web.client.RestTemplate] - Reading to [java.lang.String] as "text/html;charset=utf-8"
13:54:43.793 [DEBUG] [pool-1-thread-46] [o.s.web.client.RestTemplate] - Reading to [java.lang.String] as "text/html;charset=utf-8"
13:54:43.793 [DEBUG] [pool-1-thread-48] [o.s.web.client.RestTemplate] - Reading to [java.lang.String] as "text/html;charset=utf-8"
13:54:43.793 [DEBUG] [pool-1-thread-18] [o.s.web.client.RestTemplate] - Reading to [java.lang.String] as "text/html;charset=utf-8"
13:54:43.794 [DEBUG] [pool-1-thread-40] [o.s.web.client.RestTemplate] - Reading to [java.lang.String] as "text/html;charset=utf-8"
13:54:43.794 [DEBUG] [pool-1-thread-60] [o.s.web.client.RestTemplate] - Reading to [java.lang.String] as "text/html;charset=utf-8"
13:54:43.794 [DEBUG] [pool-1-thread-87] [o.s.web.client.RestTemplate] - Reading to [java.lang.String] as "text/html;charset=utf-8"
13:54:43.795 [DEBUG] [pool-1-thread-151] [o.s.web.client.RestTemplate] - Reading to [java.lang.String] as "text/html;charset=utf-8"
13:54:44.048 [DEBUG] [pool-1-thread-41] [o.s.web.client.RestTemplate] - HTTP GET http://localhost:8080/index.html
13:54:44.058 [DEBUG] [pool-1-thread-114] [o.s.web.client.RestTemplate] - HTTP GET http://localhost:8080/index.html
13:54:44.057 [DEBUG] [pool-1-thread-173] [o.s.web.client.RestTemplate] - HTTP GET http://localhost:8080/index.html
13:54:44.060 [DEBUG] [pool-1-thread-200] [o.s.web.client.RestTemplate] - HTTP GET http://localhost:8080/index.html
13:54:44.048 [DEBUG] [pool-1-thread-95] [o.s.web.client.RestTemplate] - HTTP GET http://localhost:8080/index.html
13:54:44.050 [DEBUG] [pool-1-thread-57] [o.s.web.client.RestTemplate] - HTTP GET http://localhost:8080/index.html
13:54:44.050 [DEBUG] [pool-1-thread-191] [o.s.web.client.RestTemplate] - HTTP GET http://localhost:8080/index.html
13:54:44.058 [DEBUG] [pool-1-thread-52] [o.s.web.client.RestTemplate] - HTTP GET http://localhost:8080/index.html
13:54:44.063 [DEBUG] [pool-1-thread-177] [o.s.web.client.RestTemplate] - HTTP GET http://localhost:8080/index.html
13:54:44.051 [DEBUG] [pool-1-thread-115] [o.s.web.client.RestTemplate] - HTTP GET http://localhost:8080/index.html
13:54:44.048 [DEBUG] [pool-1-thread-9] [o.s.web.client.RestTemplate] - HTTP GET http://localhost:8080/index.html
13:54:44.047 [DEBUG] [pool-1-thread-185] [o.s.web.client.RestTemplate] - HTTP GET http://localhost:8080/index.html
13:54:44.048 [DEBUG] [pool-1-thread-126] [o.s.web.client.RestTemplate] - HTTP GET http://localhost:8080/index.html
13:54:44.048 [DEBUG] [pool-1-thread-43] [o.s.web.client.RestTemplate] - HTTP GET http://localhost:8080/index.html
13:54:44.072 [DEBUG] [pool-1-thread-105] [o.s.web.client.RestTemplate] - Response 200 OK
13:54:44.072 [DEBUG] [pool-1-thread-90] [o.s.web.client.RestTemplate] - Response 200 OK
13:54:44.072 [DEBUG] [pool-1-thread-167] [o.s.web.client.RestTemplate] - Response 200 OK
13:54:44.072 [DEBUG] [pool-1-thread-194] [o.s.web.client.RestTemplate] - Response 200 OK
13:54:44.072 [DEBUG] [pool-1-thread-21] [o.s.web.client.RestTemplate] - Response 200 OK
13:54:44.072 [DEBUG] [pool-1-thread-80] [o.s.web.client.RestTemplate] - Response 200 OK
13:54:44.049 [DEBUG] [pool-1-thread-56] [o.s.web.client.RestTemplate] - HTTP GET http://localhost:8080/index.html
13:54:44.049 [DEBUG] [pool-1-thread-113] [o.s.web.client.RestTemplate] - HTTP GET http://localhost:8080/index.html
13:54:44.101 [DEBUG] [pool-1-thread-41] [o.s.web.client.RestTemplate] - Accept=[text/plain, application/json, application/*+json, */*]
13:54:44.104 [DEBUG] [pool-1-thread-95] [o.s.web.client.RestTemplate] - Accept=[text/plain, application/json, application/*+json, */*]
13:54:44.104 [DEBUG] [pool-1-thread-56] [o.s.web.client.RestTemplate] - Accept=[text/plain, application/json, application/*+json, */*]
13:54:44.104 [DEBUG] [pool-1-thread-191] [o.s.web.client.RestTemplate] - Accept=[text/plain, application/json, application/*+json, */*]
13:54:44.104 [DEBUG] [pool-1-thread-200] [o.s.web.client.RestTemplate] - Accept=[text/plain, application/json, application/*+json, */*]
13:54:44.104 [DEBUG] [pool-1-thread-113] [o.s.web.client.RestTemplate] - Accept=[text/plain, application/json, application/*+json, */*]
13:54:44.104 [DEBUG] [pool-1-thread-43] [o.s.web.client.RestTemplate] - Accept=[text/plain, application/json, application/*+json, */*]
13:54:44.104 [DEBUG] [pool-1-thread-57] [o.s.web.client.RestTemplate] - Accept=[text/plain, application/json, application/*+json, */*]
13:54:44.104 [DEBUG] [pool-1-thread-114] [o.s.web.client.RestTemplate] - Accept=[text/plain, application/json, application/*+json, */*]
13:54:44.104 [DEBUG] [pool-1-thread-185] [o.s.web.client.RestTemplate] - Accept=[text/plain, application/json, application/*+json, */*]
13:54:44.104 [DEBUG] [pool-1-thread-173] [o.s.web.client.RestTemplate] - Accept=[text/plain, application/json, application/*+json, */*]
13:54:44.105 [DEBUG] [pool-1-thread-115] [o.s.web.client.RestTemplate] - Accept=[text/plain, application/json, application/*+json, */*]
13:54:44.105 [DEBUG] [pool-1-thread-52] [o.s.web.client.RestTemplate] - Accept=[text/plain, application/json, application/*+json, */*]
13:54:44.109 [DEBUG] [pool-1-thread-177] [o.s.web.client.RestTemplate] - Accept=[text/plain, application/json, application/*+json, */*]
13:54:44.111 [DEBUG] [pool-1-thread-9] [o.s.web.client.RestTemplate] - Accept=[text/plain, application/json, application/*+json, */*]
13:54:44.111 [DEBUG] [pool-1-thread-126] [o.s.web.client.RestTemplate] - Accept=[text/plain, application/json, application/*+json, */*]
13:54:44.133 [DEBUG] [pool-1-thread-111] [o.s.web.client.RestTemplate] - Response 200 OK
13:54:44.135 [DEBUG] [pool-1-thread-79] [o.s.web.client.RestTemplate] - Response 200 OK
13:54:44.132 [DEBUG] [pool-1-thread-165] [o.s.web.client.RestTemplate] - Response 200 OK
13:54:44.135 [DEBUG] [pool-1-thread-149] [o.s.web.client.RestTemplate] - Response 200 OK
13:54:44.136 [DEBUG] [pool-1-thread-155] [o.s.web.client.RestTemplate] - Response 200 OK
13:54:44.136 [DEBUG] [pool-1-thread-73] [o.s.web.client.RestTemplate] - Response 200 OK
13:54:44.137 [DEBUG] [pool-1-thread-181] [o.s.web.client.RestTemplate] - Response 200 OK
13:54:44.137 [DEBUG] [pool-1-thread-125] [o.s.web.client.RestTemplate] - Response 200 OK
13:54:44.138 [DEBUG] [pool-1-thread-63] [o.s.web.client.RestTemplate] - Response 200 OK
13:54:44.138 [DEBUG] [pool-1-thread-75] [o.s.web.client.RestTemplate] - Response 200 OK
13:54:44.139 [DEBUG] [pool-1-thread-81] [o.s.web.client.RestTemplate] - Response 200 OK
13:54:44.139 [DEBUG] [pool-1-thread-148] [o.s.web.client.RestTemplate] - Response 200 OK
13:54:44.140 [DEBUG] [pool-1-thread-128] [o.s.web.client.RestTemplate] - Response 200 OK
13:54:44.140 [DEBUG] [pool-1-thread-24] [o.s.web.client.RestTemplate] - Response 200 OK
13:54:44.140 [DEBUG] [pool-1-thread-12] [o.s.web.client.RestTemplate] - Response 200 OK
13:54:44.140 [DEBUG] [pool-1-thread-39] [o.s.web.client.RestTemplate] - Response 200 OK
13:54:44.140 [DEBUG] [pool-1-thread-14] [o.s.web.client.RestTemplate] - Response 200 OK
13:54:44.140 [DEBUG] [pool-1-thread-37] [o.s.web.client.RestTemplate] - Response 200 OK
13:54:44.141 [DEBUG] [pool-1-thread-164] [o.s.web.client.RestTemplate] - Response 200 OK
13:54:44.142 [DEBUG] [pool-1-thread-127] [o.s.web.client.RestTemplate] - Response 200 OK
13:54:44.142 [DEBUG] [pool-1-thread-97] [o.s.web.client.RestTemplate] - Response 200 OK
13:54:44.143 [DEBUG] [pool-1-thread-147] [o.s.web.client.RestTemplate] - Response 200 OK
13:54:44.144 [DEBUG] [pool-1-thread-168] [o.s.web.client.RestTemplate] - Response 200 OK
13:54:44.144 [DEBUG] [pool-1-thread-150] [o.s.web.client.RestTemplate] - Response 200 OK
13:54:44.144 [DEBUG] [pool-1-thread-1] [o.s.web.client.RestTemplate] - Response 200 OK
13:54:44.145 [DEBUG] [pool-1-thread-44] [o.s.web.client.RestTemplate] - Response 200 OK
13:54:44.145 [DEBUG] [pool-1-thread-78] [o.s.web.client.RestTemplate] - Response 200 OK
13:54:44.146 [DEBUG] [pool-1-thread-53] [o.s.web.client.RestTemplate] - Response 200 OK
13:54:44.146 [DEBUG] [pool-1-thread-101] [o.s.web.client.RestTemplate] - Response 200 OK
13:54:44.146 [DEBUG] [pool-1-thread-137] [o.s.web.client.RestTemplate] - Response 200 OK
13:54:44.147 [DEBUG] [pool-1-thread-54] [o.s.web.client.RestTemplate] - Response 200 OK
13:54:44.147 [DEBUG] [pool-1-thread-31] [o.s.web.client.RestTemplate] - Response 200 OK
13:54:44.147 [DEBUG] [pool-1-thread-109] [o.s.web.client.RestTemplate] - Response 200 OK
13:54:44.147 [DEBUG] [pool-1-thread-17] [o.s.web.client.RestTemplate] - Response 200 OK
13:54:44.147 [DEBUG] [pool-1-thread-143] [o.s.web.client.RestTemplate] - Response 200 OK
13:54:44.148 [DEBUG] [pool-1-thread-69] [o.s.web.client.RestTemplate] - Response 200 OK
13:54:44.148 [DEBUG] [pool-1-thread-6] [o.s.web.client.RestTemplate] - Response 200 OK
13:54:44.149 [DEBUG] [pool-1-thread-50] [o.s.web.client.RestTemplate] - Response 200 OK
13:54:44.149 [DEBUG] [pool-1-thread-189] [o.s.web.client.RestTemplate] - Response 200 OK
13:54:44.150 [DEBUG] [pool-1-thread-107] [o.s.web.client.RestTemplate] - Response 200 OK
13:54:44.150 [DEBUG] [pool-1-thread-3] [o.s.web.client.RestTemplate] - Response 200 OK
13:54:44.150 [DEBUG] [pool-1-thread-144] [o.s.web.client.RestTemplate] - Response 200 OK
13:54:44.150 [DEBUG] [pool-1-thread-15] [o.s.web.client.RestTemplate] - Response 200 OK
13:54:44.150 [DEBUG] [pool-1-thread-112] [o.s.web.client.RestTemplate] - Response 200 OK
13:54:44.151 [DEBUG] [pool-1-thread-136] [o.s.web.client.RestTemplate] - Response 200 OK
13:54:44.151 [DEBUG] [pool-1-thread-34] [o.s.web.client.RestTemplate] - Response 200 OK
13:54:44.151 [DEBUG] [pool-1-thread-134] [o.s.web.client.RestTemplate] - Response 200 OK
13:54:44.151 [DEBUG] [pool-1-thread-175] [o.s.web.client.RestTemplate] - Response 200 OK
13:54:44.152 [DEBUG] [pool-1-thread-32] [o.s.web.client.RestTemplate] - Response 200 OK
13:54:44.152 [DEBUG] [pool-1-thread-55] [o.s.web.client.RestTemplate] - Response 200 OK
13:54:44.152 [DEBUG] [pool-1-thread-82] [o.s.web.client.RestTemplate] - Response 200 OK
13:54:44.152 [DEBUG] [pool-1-thread-124] [o.s.web.client.RestTemplate] - Response 200 OK
13:54:44.152 [DEBUG] [pool-1-thread-104] [o.s.web.client.RestTemplate] - Response 200 OK
13:54:44.152 [DEBUG] [pool-1-thread-42] [o.s.web.client.RestTemplate] - Response 200 OK
13:54:44.152 [DEBUG] [pool-1-thread-182] [o.s.web.client.RestTemplate] - Response 200 OK
13:54:44.153 [DEBUG] [pool-1-thread-76] [o.s.web.client.RestTemplate] - Response 200 OK
13:54:44.153 [DEBUG] [pool-1-thread-176] [o.s.web.client.RestTemplate] - Response 200 OK
13:54:44.154 [DEBUG] [pool-1-thread-130] [o.s.web.client.RestTemplate] - Response 200 OK
13:54:44.154 [DEBUG] [pool-1-thread-92] [o.s.web.client.RestTemplate] - Response 200 OK
13:54:44.154 [DEBUG] [pool-1-thread-142] [o.s.web.client.RestTemplate] - Response 200 OK
13:54:44.154 [DEBUG] [pool-1-thread-64] [o.s.web.client.RestTemplate] - Response 200 OK
13:54:44.155 [DEBUG] [pool-1-thread-85] [o.s.web.client.RestTemplate] - Response 200 OK
13:54:44.155 [DEBUG] [pool-1-thread-178] [o.s.web.client.RestTemplate] - Response 200 OK
13:54:44.155 [DEBUG] [pool-1-thread-190] [o.s.web.client.RestTemplate] - Response 200 OK
13:54:44.155 [DEBUG] [pool-1-thread-139] [o.s.web.client.RestTemplate] - Response 200 OK
13:54:44.155 [DEBUG] [pool-1-thread-196] [o.s.web.client.RestTemplate] - Response 200 OK
13:54:44.155 [DEBUG] [pool-1-thread-192] [o.s.web.client.RestTemplate] - Response 200 OK
13:54:44.155 [DEBUG] [pool-1-thread-83] [o.s.web.client.RestTemplate] - Response 200 OK
13:54:44.156 [DEBUG] [pool-1-thread-103] [o.s.web.client.RestTemplate] - Response 200 OK
13:54:44.156 [DEBUG] [pool-1-thread-65] [o.s.web.client.RestTemplate] - Response 200 OK
13:54:44.156 [DEBUG] [pool-1-thread-135] [o.s.web.client.RestTemplate] - Response 200 OK
13:54:44.156 [DEBUG] [pool-1-thread-156] [o.s.web.client.RestTemplate] - Response 200 OK
13:54:44.156 [DEBUG] [pool-1-thread-131] [o.s.web.client.RestTemplate] - Response 200 OK
13:54:44.156 [DEBUG] [pool-1-thread-25] [o.s.web.client.RestTemplate] - Response 200 OK
13:54:44.156 [DEBUG] [pool-1-thread-100] [o.s.web.client.RestTemplate] - Response 200 OK
13:54:44.156 [DEBUG] [pool-1-thread-166] [o.s.web.client.RestTemplate] - Response 200 OK
13:54:44.156 [DEBUG] [pool-1-thread-99] [o.s.web.client.RestTemplate] - Response 200 OK
13:54:44.156 [DEBUG] [pool-1-thread-7] [o.s.web.client.RestTemplate] - Response 200 OK
13:54:44.156 [DEBUG] [pool-1-thread-121] [o.s.web.client.RestTemplate] - Response 200 OK
13:54:44.156 [DEBUG] [pool-1-thread-197] [o.s.web.client.RestTemplate] - Response 200 OK
13:54:44.156 [DEBUG] [pool-1-thread-129] [o.s.web.client.RestTemplate] - Response 200 OK
13:54:44.157 [DEBUG] [pool-1-thread-67] [o.s.web.client.RestTemplate] - Response 200 OK
13:54:44.157 [DEBUG] [pool-1-thread-16] [o.s.web.client.RestTemplate] - Response 200 OK
13:54:44.157 [DEBUG] [pool-1-thread-161] [o.s.web.client.RestTemplate] - Response 200 OK
13:54:44.157 [DEBUG] [pool-1-thread-23] [o.s.web.client.RestTemplate] - Response 200 OK
13:54:44.157 [DEBUG] [pool-1-thread-187] [o.s.web.client.RestTemplate] - Response 200 OK
13:54:44.157 [DEBUG] [pool-1-thread-30] [o.s.web.client.RestTemplate] - Response 200 OK
13:54:44.159 [DEBUG] [pool-1-thread-8] [o.s.web.client.RestTemplate] - Response 200 OK
13:54:44.160 [DEBUG] [pool-1-thread-186] [o.s.web.client.RestTemplate] - Response 200 OK
13:54:44.154 [DEBUG] [pool-1-thread-184] [o.s.web.client.RestTemplate] - Response 200 OK
13:54:44.146 [DEBUG] [pool-1-thread-123] [o.s.web.client.RestTemplate] - Response 200 OK
13:54:44.160 [DEBUG] [pool-1-thread-93] [o.s.web.client.RestTemplate] - Response 200 OK
13:54:44.160 [DEBUG] [pool-1-thread-70] [o.s.web.client.RestTemplate] - Response 200 OK
13:54:44.160 [DEBUG] [pool-1-thread-110] [o.s.web.client.RestTemplate] - Response 200 OK
13:54:44.161 [DEBUG] [pool-1-thread-19] [o.s.web.client.RestTemplate] - Response 200 OK
13:54:44.161 [DEBUG] [pool-1-thread-28] [o.s.web.client.RestTemplate] - Response 200 OK
13:54:44.161 [DEBUG] [pool-1-thread-66] [o.s.web.client.RestTemplate] - Response 200 OK
13:54:44.161 [DEBUG] [pool-1-thread-157] [o.s.web.client.RestTemplate] - Response 200 OK
13:54:44.161 [DEBUG] [pool-1-thread-59] [o.s.web.client.RestTemplate] - Response 200 OK
13:54:44.161 [DEBUG] [pool-1-thread-29] [o.s.web.client.RestTemplate] - Response 200 OK
13:54:44.163 [DEBUG] [pool-1-thread-72] [o.s.web.client.RestTemplate] - Response 200 OK
13:54:44.164 [DEBUG] [pool-1-thread-133] [o.s.web.client.RestTemplate] - Response 200 OK
13:54:44.164 [DEBUG] [pool-1-thread-106] [o.s.web.client.RestTemplate] - Response 200 OK
13:54:44.164 [DEBUG] [pool-1-thread-47] [o.s.web.client.RestTemplate] - Response 200 OK
13:54:44.164 [DEBUG] [pool-1-thread-71] [o.s.web.client.RestTemplate] - Response 200 OK
13:54:44.164 [DEBUG] [pool-1-thread-163] [o.s.web.client.RestTemplate] - Response 200 OK
13:54:44.164 [DEBUG] [pool-1-thread-58] [o.s.web.client.RestTemplate] - Response 200 OK
13:54:44.165 [DEBUG] [pool-1-thread-171] [o.s.web.client.RestTemplate] - Response 200 OK
13:54:44.165 [DEBUG] [pool-1-thread-35] [o.s.web.client.RestTemplate] - Response 200 OK
13:54:44.165 [DEBUG] [pool-1-thread-179] [o.s.web.client.RestTemplate] - Response 200 OK
13:54:44.165 [DEBUG] [pool-1-thread-68] [o.s.web.client.RestTemplate] - Response 200 OK
13:54:44.165 [DEBUG] [pool-1-thread-38] [o.s.web.client.RestTemplate] - Response 200 OK
13:54:44.165 [DEBUG] [pool-1-thread-20] [o.s.web.client.RestTemplate] - Response 200 OK
13:54:44.165 [DEBUG] [pool-1-thread-188] [o.s.web.client.RestTemplate] - Response 200 OK
13:54:44.166 [DEBUG] [pool-1-thread-162] [o.s.web.client.RestTemplate] - Response 200 OK
13:54:44.166 [DEBUG] [pool-1-thread-120] [o.s.web.client.RestTemplate] - Response 200 OK
13:54:44.166 [DEBUG] [pool-1-thread-169] [o.s.web.client.RestTemplate] - Response 200 OK
13:54:44.167 [DEBUG] [pool-1-thread-198] [o.s.web.client.RestTemplate] - Response 200 OK
13:54:44.167 [DEBUG] [pool-1-thread-84] [o.s.web.client.RestTemplate] - Response 200 OK
13:54:44.167 [DEBUG] [pool-1-thread-4] [o.s.web.client.RestTemplate] - Response 200 OK
13:54:44.168 [DEBUG] [pool-1-thread-160] [o.s.web.client.RestTemplate] - Response 200 OK
13:54:44.168 [DEBUG] [pool-1-thread-45] [o.s.web.client.RestTemplate] - Response 200 OK
13:54:44.218 [DEBUG] [pool-1-thread-82] [o.s.web.client.RestTemplate] - Reading to [java.lang.String] as "text/html;charset=utf-8"
13:54:44.218 [DEBUG] [pool-1-thread-104] [o.s.web.client.RestTemplate] - Reading to [java.lang.String] as "text/html;charset=utf-8"
13:54:44.218 [DEBUG] [pool-1-thread-127] [o.s.web.client.RestTemplate] - Reading to [java.lang.String] as "text/html;charset=utf-8"
13:54:44.219 [DEBUG] [pool-1-thread-189] [o.s.web.client.RestTemplate] - Reading to [java.lang.String] as "text/html;charset=utf-8"
13:54:44.219 [DEBUG] [pool-1-thread-121] [o.s.web.client.RestTemplate] - Reading to [java.lang.String] as "text/html;charset=utf-8"
13:54:44.220 [DEBUG] [pool-1-thread-39] [o.s.web.client.RestTemplate] - Reading to [java.lang.String] as "text/html;charset=utf-8"
13:54:44.220 [DEBUG] [pool-1-thread-190] [o.s.web.client.RestTemplate] - Reading to [java.lang.String] as "text/html;charset=utf-8"
13:54:44.220 [DEBUG] [pool-1-thread-155] [o.s.web.client.RestTemplate] - Reading to [java.lang.String] as "text/html;charset=utf-8"
13:54:44.220 [DEBUG] [pool-1-thread-187] [o.s.web.client.RestTemplate] - Reading to [java.lang.String] as "text/html;charset=utf-8"
13:54:44.220 [DEBUG] [pool-1-thread-161] [o.s.web.client.RestTemplate] - Reading to [java.lang.String] as "text/html;charset=utf-8"
13:54:44.220 [DEBUG] [pool-1-thread-106] [o.s.web.client.RestTemplate] - Reading to [java.lang.String] as "text/html;charset=utf-8"
13:54:44.221 [DEBUG] [pool-1-thread-196] [o.s.web.client.RestTemplate] - Reading to [java.lang.String] as "text/html;charset=utf-8"
13:54:44.221 [DEBUG] [pool-1-thread-131] [o.s.web.client.RestTemplate] - Reading to [java.lang.String] as "text/html;charset=utf-8"
13:54:44.221 [DEBUG] [pool-1-thread-144] [o.s.web.client.RestTemplate] - Reading to [java.lang.String] as "text/html;charset=utf-8"
13:54:44.221 [DEBUG] [pool-1-thread-38] [o.s.web.client.RestTemplate] - Reading to [java.lang.String] as "text/html;charset=utf-8"
13:54:44.221 [DEBUG] [pool-1-thread-150] [o.s.web.client.RestTemplate] - Reading to [java.lang.String] as "text/html;charset=utf-8"
13:54:44.221 [DEBUG] [pool-1-thread-142] [o.s.web.client.RestTemplate] - Reading to [java.lang.String] as "text/html;charset=utf-8"
13:54:44.221 [DEBUG] [pool-1-thread-12] [o.s.web.client.RestTemplate] - Reading to [java.lang.String] as "text/html;charset=utf-8"
13:54:44.222 [DEBUG] [pool-1-thread-24] [o.s.web.client.RestTemplate] - Reading to [java.lang.String] as "text/html;charset=utf-8"
13:54:44.222 [DEBUG] [pool-1-thread-156] [o.s.web.client.RestTemplate] - Reading to [java.lang.String] as "text/html;charset=utf-8"
13:54:44.222 [DEBUG] [pool-1-thread-64] [o.s.web.client.RestTemplate] - Reading to [java.lang.String] as "text/html;charset=utf-8"
13:54:44.222 [DEBUG] [pool-1-thread-14] [o.s.web.client.RestTemplate] - Reading to [java.lang.String] as "text/html;charset=utf-8"
13:54:44.222 [DEBUG] [pool-1-thread-181] [o.s.web.client.RestTemplate] - Reading to [java.lang.String] as "text/html;charset=utf-8"
13:54:44.222 [DEBUG] [pool-1-thread-111] [o.s.web.client.RestTemplate] - Reading to [java.lang.String] as "text/html;charset=utf-8"
13:54:44.222 [DEBUG] [pool-1-thread-112] [o.s.web.client.RestTemplate] - Reading to [java.lang.String] as "text/html;charset=utf-8"
13:54:44.223 [DEBUG] [pool-1-thread-23] [o.s.web.client.RestTemplate] - Reading to [java.lang.String] as "text/html;charset=utf-8"
13:54:44.223 [DEBUG] [pool-1-thread-165] [o.s.web.client.RestTemplate] - Reading to [java.lang.String] as "text/html;charset=utf-8"
13:54:44.223 [DEBUG] [pool-1-thread-80] [o.s.web.client.RestTemplate] - Reading to [java.lang.String] as "text/html;charset=utf-8"
13:54:44.223 [DEBUG] [pool-1-thread-76] [o.s.web.client.RestTemplate] - Reading to [java.lang.String] as "text/html;charset=utf-8"
13:54:44.224 [DEBUG] [pool-1-thread-128] [o.s.web.client.RestTemplate] - Reading to [java.lang.String] as "text/html;charset=utf-8"
13:54:44.224 [DEBUG] [pool-1-thread-63] [o.s.web.client.RestTemplate] - Reading to [java.lang.String] as "text/html;charset=utf-8"
13:54:44.224 [DEBUG] [pool-1-thread-8] [o.s.web.client.RestTemplate] - Reading to [java.lang.String] as "text/html;charset=utf-8"
13:54:44.224 [DEBUG] [pool-1-thread-97] [o.s.web.client.RestTemplate] - Reading to [java.lang.String] as "text/html;charset=utf-8"
13:54:44.224 [DEBUG] [pool-1-thread-139] [o.s.web.client.RestTemplate] - Reading to [java.lang.String] as "text/html;charset=utf-8"
13:54:44.225 [DEBUG] [pool-1-thread-120] [o.s.web.client.RestTemplate] - Reading to [java.lang.String] as "text/html;charset=utf-8"
13:54:44.225 [DEBUG] [pool-1-thread-30] [o.s.web.client.RestTemplate] - Reading to [java.lang.String] as "text/html;charset=utf-8"
13:54:44.225 [DEBUG] [pool-1-thread-124] [o.s.web.client.RestTemplate] - Reading to [java.lang.String] as "text/html;charset=utf-8"
13:54:44.225 [DEBUG] [pool-1-thread-69] [o.s.web.client.RestTemplate] - Reading to [java.lang.String] as "text/html;charset=utf-8"
13:54:44.226 [DEBUG] [pool-1-thread-143] [o.s.web.client.RestTemplate] - Reading to [java.lang.String] as "text/html;charset=utf-8"
13:54:44.226 [DEBUG] [pool-1-thread-186] [o.s.web.client.RestTemplate] - Reading to [java.lang.String] as "text/html;charset=utf-8"
13:54:44.226 [DEBUG] [pool-1-thread-32] [o.s.web.client.RestTemplate] - Reading to [java.lang.String] as "text/html;charset=utf-8"
13:54:44.226 [DEBUG] [pool-1-thread-3] [o.s.web.client.RestTemplate] - Reading to [java.lang.String] as "text/html;charset=utf-8"
13:54:44.226 [DEBUG] [pool-1-thread-129] [o.s.web.client.RestTemplate] - Reading to [java.lang.String] as "text/html;charset=utf-8"
13:54:44.226 [DEBUG] [pool-1-thread-175] [o.s.web.client.RestTemplate] - Reading to [java.lang.String] as "text/html;charset=utf-8"
13:54:44.227 [DEBUG] [pool-1-thread-149] [o.s.web.client.RestTemplate] - Reading to [java.lang.String] as "text/html;charset=utf-8"
13:54:44.227 [DEBUG] [pool-1-thread-134] [o.s.web.client.RestTemplate] - Reading to [java.lang.String] as "text/html;charset=utf-8"
13:54:44.228 [DEBUG] [pool-1-thread-53] [o.s.web.client.RestTemplate] - Reading to [java.lang.String] as "text/html;charset=utf-8"
13:54:44.228 [DEBUG] [pool-1-thread-70] [o.s.web.client.RestTemplate] - Reading to [java.lang.String] as "text/html;charset=utf-8"
13:54:44.228 [DEBUG] [pool-1-thread-194] [o.s.web.client.RestTemplate] - Reading to [java.lang.String] as "text/html;charset=utf-8"
13:54:44.228 [DEBUG] [pool-1-thread-55] [o.s.web.client.RestTemplate] - Reading to [java.lang.String] as "text/html;charset=utf-8"
13:54:44.228 [DEBUG] [pool-1-thread-17] [o.s.web.client.RestTemplate] - Reading to [java.lang.String] as "text/html;charset=utf-8"
13:54:44.228 [DEBUG] [pool-1-thread-147] [o.s.web.client.RestTemplate] - Reading to [java.lang.String] as "text/html;charset=utf-8"
13:54:44.229 [DEBUG] [pool-1-thread-7] [o.s.web.client.RestTemplate] - Reading to [java.lang.String] as "text/html;charset=utf-8"
13:54:44.229 [DEBUG] [pool-1-thread-188] [o.s.web.client.RestTemplate] - Reading to [java.lang.String] as "text/html;charset=utf-8"
13:54:44.229 [DEBUG] [pool-1-thread-6] [o.s.web.client.RestTemplate] - Reading to [java.lang.String] as "text/html;charset=utf-8"
13:54:44.229 [DEBUG] [pool-1-thread-29] [o.s.web.client.RestTemplate] - Reading to [java.lang.String] as "text/html;charset=utf-8"
13:54:44.229 [DEBUG] [pool-1-thread-73] [o.s.web.client.RestTemplate] - Reading to [java.lang.String] as "text/html;charset=utf-8"
13:54:44.229 [DEBUG] [pool-1-thread-164] [o.s.web.client.RestTemplate] - Reading to [java.lang.String] as "text/html;charset=utf-8"
13:54:44.230 [DEBUG] [pool-1-thread-85] [o.s.web.client.RestTemplate] - Reading to [java.lang.String] as "text/html;charset=utf-8"
13:54:44.230 [DEBUG] [pool-1-thread-25] [o.s.web.client.RestTemplate] - Reading to [java.lang.String] as "text/html;charset=utf-8"
13:54:44.230 [DEBUG] [pool-1-thread-71] [o.s.web.client.RestTemplate] - Reading to [java.lang.String] as "text/html;charset=utf-8"
13:54:44.230 [DEBUG] [pool-1-thread-66] [o.s.web.client.RestTemplate] - Reading to [java.lang.String] as "text/html;charset=utf-8"
13:54:44.230 [DEBUG] [pool-1-thread-135] [o.s.web.client.RestTemplate] - Reading to [java.lang.String] as "text/html;charset=utf-8"
13:54:44.231 [DEBUG] [pool-1-thread-47] [o.s.web.client.RestTemplate] - Reading to [java.lang.String] as "text/html;charset=utf-8"
13:54:44.230 [DEBUG] [pool-1-thread-44] [o.s.web.client.RestTemplate] - Reading to [java.lang.String] as "text/html;charset=utf-8"
13:54:44.230 [DEBUG] [pool-1-thread-125] [o.s.web.client.RestTemplate] - Reading to [java.lang.String] as "text/html;charset=utf-8"
13:54:44.231 [DEBUG] [pool-1-thread-168] [o.s.web.client.RestTemplate] - Reading to [java.lang.String] as "text/html;charset=utf-8"
13:54:44.231 [DEBUG] [pool-1-thread-34] [o.s.web.client.RestTemplate] - Reading to [java.lang.String] as "text/html;charset=utf-8"
13:54:44.231 [DEBUG] [pool-1-thread-93] [o.s.web.client.RestTemplate] - Reading to [java.lang.String] as "text/html;charset=utf-8"
13:54:44.231 [DEBUG] [pool-1-thread-16] [o.s.web.client.RestTemplate] - Reading to [java.lang.String] as "text/html;charset=utf-8"
13:54:44.231 [DEBUG] [pool-1-thread-67] [o.s.web.client.RestTemplate] - Reading to [java.lang.String] as "text/html;charset=utf-8"
13:54:44.231 [DEBUG] [pool-1-thread-83] [o.s.web.client.RestTemplate] - Reading to [java.lang.String] as "text/html;charset=utf-8"
13:54:44.231 [DEBUG] [pool-1-thread-1] [o.s.web.client.RestTemplate] - Reading to [java.lang.String] as "text/html;charset=utf-8"
13:54:44.231 [DEBUG] [pool-1-thread-109] [o.s.web.client.RestTemplate] - Reading to [java.lang.String] as "text/html;charset=utf-8"
13:54:44.231 [DEBUG] [pool-1-thread-107] [o.s.web.client.RestTemplate] - Reading to [java.lang.String] as "text/html;charset=utf-8"
13:54:44.231 [DEBUG] [pool-1-thread-184] [o.s.web.client.RestTemplate] - Reading to [java.lang.String] as "text/html;charset=utf-8"
13:54:44.231 [DEBUG] [pool-1-thread-101] [o.s.web.client.RestTemplate] - Reading to [java.lang.String] as "text/html;charset=utf-8"
13:54:44.231 [DEBUG] [pool-1-thread-110] [o.s.web.client.RestTemplate] - Reading to [java.lang.String] as "text/html;charset=utf-8"
13:54:44.231 [DEBUG] [pool-1-thread-169] [o.s.web.client.RestTemplate] - Reading to [java.lang.String] as "text/html;charset=utf-8"
13:54:44.231 [DEBUG] [pool-1-thread-65] [o.s.web.client.RestTemplate] - Reading to [java.lang.String] as "text/html;charset=utf-8"
13:54:44.231 [DEBUG] [pool-1-thread-42] [o.s.web.client.RestTemplate] - Reading to [java.lang.String] as "text/html;charset=utf-8"
13:54:44.232 [DEBUG] [pool-1-thread-37] [o.s.web.client.RestTemplate] - Reading to [java.lang.String] as "text/html;charset=utf-8"
13:54:44.232 [DEBUG] [pool-1-thread-162] [o.s.web.client.RestTemplate] - Reading to [java.lang.String] as "text/html;charset=utf-8"
13:54:44.232 [DEBUG] [pool-1-thread-133] [o.s.web.client.RestTemplate] - Reading to [java.lang.String] as "text/html;charset=utf-8"
13:54:44.232 [DEBUG] [pool-1-thread-192] [o.s.web.client.RestTemplate] - Reading to [java.lang.String] as "text/html;charset=utf-8"
13:54:44.232 [DEBUG] [pool-1-thread-68] [o.s.web.client.RestTemplate] - Reading to [java.lang.String] as "text/html;charset=utf-8"
13:54:44.232 [DEBUG] [pool-1-thread-79] [o.s.web.client.RestTemplate] - Reading to [java.lang.String] as "text/html;charset=utf-8"
13:54:44.232 [DEBUG] [pool-1-thread-182] [o.s.web.client.RestTemplate] - Reading to [java.lang.String] as "text/html;charset=utf-8"
13:54:44.232 [DEBUG] [pool-1-thread-198] [o.s.web.client.RestTemplate] - Reading to [java.lang.String] as "text/html;charset=utf-8"
13:54:44.232 [DEBUG] [pool-1-thread-197] [o.s.web.client.RestTemplate] - Reading to [java.lang.String] as "text/html;charset=utf-8"
13:54:44.232 [DEBUG] [pool-1-thread-99] [o.s.web.client.RestTemplate] - Reading to [java.lang.String] as "text/html;charset=utf-8"
13:54:44.232 [DEBUG] [pool-1-thread-160] [o.s.web.client.RestTemplate] - Reading to [java.lang.String] as "text/html;charset=utf-8"
13:54:44.233 [DEBUG] [pool-1-thread-50] [o.s.web.client.RestTemplate] - Reading to [java.lang.String] as "text/html;charset=utf-8"
13:54:44.233 [DEBUG] [pool-1-thread-123] [o.s.web.client.RestTemplate] - Reading to [java.lang.String] as "text/html;charset=utf-8"
13:54:44.233 [DEBUG] [pool-1-thread-78] [o.s.web.client.RestTemplate] - Reading to [java.lang.String] as "text/html;charset=utf-8"
13:54:44.233 [DEBUG] [pool-1-thread-163] [o.s.web.client.RestTemplate] - Reading to [java.lang.String] as "text/html;charset=utf-8"
13:54:44.233 [DEBUG] [pool-1-thread-105] [o.s.web.client.RestTemplate] - Reading to [java.lang.String] as "text/html;charset=utf-8"
13:54:44.233 [DEBUG] [pool-1-thread-15] [o.s.web.client.RestTemplate] - Reading to [java.lang.String] as "text/html;charset=utf-8"
13:54:44.233 [DEBUG] [pool-1-thread-178] [o.s.web.client.RestTemplate] - Reading to [java.lang.String] as "text/html;charset=utf-8"
13:54:44.233 [DEBUG] [pool-1-thread-84] [o.s.web.client.RestTemplate] - Reading to [java.lang.String] as "text/html;charset=utf-8"
13:54:44.233 [DEBUG] [pool-1-thread-81] [o.s.web.client.RestTemplate] - Reading to [java.lang.String] as "text/html;charset=utf-8"
13:54:44.233 [DEBUG] [pool-1-thread-72] [o.s.web.client.RestTemplate] - Reading to [java.lang.String] as "text/html;charset=utf-8"
13:54:44.233 [DEBUG] [pool-1-thread-28] [o.s.web.client.RestTemplate] - Reading to [java.lang.String] as "text/html;charset=utf-8"
13:54:44.234 [DEBUG] [pool-1-thread-176] [o.s.web.client.RestTemplate] - Reading to [java.lang.String] as "text/html;charset=utf-8"
13:54:44.234 [DEBUG] [pool-1-thread-103] [o.s.web.client.RestTemplate] - Reading to [java.lang.String] as "text/html;charset=utf-8"
13:54:44.234 [DEBUG] [pool-1-thread-148] [o.s.web.client.RestTemplate] - Reading to [java.lang.String] as "text/html;charset=utf-8"
13:54:44.234 [DEBUG] [pool-1-thread-179] [o.s.web.client.RestTemplate] - Reading to [java.lang.String] as "text/html;charset=utf-8"
13:54:44.234 [DEBUG] [pool-1-thread-19] [o.s.web.client.RestTemplate] - Reading to [java.lang.String] as "text/html;charset=utf-8"
13:54:44.234 [DEBUG] [pool-1-thread-20] [o.s.web.client.RestTemplate] - Reading to [java.lang.String] as "text/html;charset=utf-8"
13:54:44.234 [DEBUG] [pool-1-thread-4] [o.s.web.client.RestTemplate] - Reading to [java.lang.String] as "text/html;charset=utf-8"
13:54:44.234 [DEBUG] [pool-1-thread-100] [o.s.web.client.RestTemplate] - Reading to [java.lang.String] as "text/html;charset=utf-8"
13:54:44.235 [DEBUG] [pool-1-thread-90] [o.s.web.client.RestTemplate] - Reading to [java.lang.String] as "text/html;charset=utf-8"
13:54:44.235 [DEBUG] [pool-1-thread-58] [o.s.web.client.RestTemplate] - Reading to [java.lang.String] as "text/html;charset=utf-8"
13:54:44.235 [DEBUG] [pool-1-thread-157] [o.s.web.client.RestTemplate] - Reading to [java.lang.String] as "text/html;charset=utf-8"
13:54:44.235 [DEBUG] [pool-1-thread-167] [o.s.web.client.RestTemplate] - Reading to [java.lang.String] as "text/html;charset=utf-8"
13:54:44.236 [DEBUG] [pool-1-thread-21] [o.s.web.client.RestTemplate] - Reading to [java.lang.String] as "text/html;charset=utf-8"
13:54:44.236 [DEBUG] [pool-1-thread-31] [o.s.web.client.RestTemplate] - Reading to [java.lang.String] as "text/html;charset=utf-8"
13:54:44.236 [DEBUG] [pool-1-thread-75] [o.s.web.client.RestTemplate] - Reading to [java.lang.String] as "text/html;charset=utf-8"
13:54:44.236 [DEBUG] [pool-1-thread-92] [o.s.web.client.RestTemplate] - Reading to [java.lang.String] as "text/html;charset=utf-8"
13:54:44.236 [DEBUG] [pool-1-thread-59] [o.s.web.client.RestTemplate] - Reading to [java.lang.String] as "text/html;charset=utf-8"
13:54:44.236 [DEBUG] [pool-1-thread-130] [o.s.web.client.RestTemplate] - Reading to [java.lang.String] as "text/html;charset=utf-8"
13:54:44.236 [DEBUG] [pool-1-thread-54] [o.s.web.client.RestTemplate] - Reading to [java.lang.String] as "text/html;charset=utf-8"
13:54:44.236 [DEBUG] [pool-1-thread-137] [o.s.web.client.RestTemplate] - Reading to [java.lang.String] as "text/html;charset=utf-8"
13:54:44.237 [DEBUG] [pool-1-thread-35] [o.s.web.client.RestTemplate] - Reading to [java.lang.String] as "text/html;charset=utf-8"
13:54:44.239 [DEBUG] [pool-1-thread-45] [o.s.web.client.RestTemplate] - Reading to [java.lang.String] as "text/html;charset=utf-8"
13:54:44.239 [DEBUG] [pool-1-thread-171] [o.s.web.client.RestTemplate] - Reading to [java.lang.String] as "text/html;charset=utf-8"
13:54:44.240 [DEBUG] [pool-1-thread-136] [o.s.web.client.RestTemplate] - Reading to [java.lang.String] as "text/html;charset=utf-8"
13:54:44.247 [DEBUG] [pool-1-thread-166] [o.s.web.client.RestTemplate] - Reading to [java.lang.String] as "text/html;charset=utf-8"
13:54:44.449 [DEBUG] [pool-1-thread-57] [o.s.web.client.RestTemplate] - Response 200 OK
13:54:44.449 [DEBUG] [pool-1-thread-43] [o.s.web.client.RestTemplate] - Response 200 OK
13:54:44.449 [DEBUG] [pool-1-thread-115] [o.s.web.client.RestTemplate] - Response 200 OK
13:54:44.449 [DEBUG] [pool-1-thread-113] [o.s.web.client.RestTemplate] - Response 200 OK
13:54:44.450 [DEBUG] [pool-1-thread-56] [o.s.web.client.RestTemplate] - Response 200 OK
13:54:44.449 [DEBUG] [pool-1-thread-177] [o.s.web.client.RestTemplate] - Response 200 OK
13:54:44.449 [DEBUG] [pool-1-thread-52] [o.s.web.client.RestTemplate] - Response 200 OK
13:54:44.449 [DEBUG] [pool-1-thread-95] [o.s.web.client.RestTemplate] - Response 200 OK
13:54:44.449 [DEBUG] [pool-1-thread-173] [o.s.web.client.RestTemplate] - Response 200 OK
13:54:44.448 [DEBUG] [pool-1-thread-114] [o.s.web.client.RestTemplate] - Response 200 OK
13:54:44.449 [DEBUG] [pool-1-thread-41] [o.s.web.client.RestTemplate] - Response 200 OK
13:54:44.450 [DEBUG] [pool-1-thread-185] [o.s.web.client.RestTemplate] - Response 200 OK
13:54:44.450 [DEBUG] [pool-1-thread-9] [o.s.web.client.RestTemplate] - Response 200 OK
13:54:44.451 [DEBUG] [pool-1-thread-200] [o.s.web.client.RestTemplate] - Response 200 OK
13:54:44.450 [DEBUG] [pool-1-thread-191] [o.s.web.client.RestTemplate] - Response 200 OK
13:54:44.449 [DEBUG] [pool-1-thread-126] [o.s.web.client.RestTemplate] - Response 200 OK
13:54:44.460 [DEBUG] [pool-1-thread-115] [o.s.web.client.RestTemplate] - Reading to [java.lang.String] as "text/html;charset=utf-8"
13:54:44.460 [DEBUG] [pool-1-thread-52] [o.s.web.client.RestTemplate] - Reading to [java.lang.String] as "text/html;charset=utf-8"
13:54:44.460 [DEBUG] [pool-1-thread-57] [o.s.web.client.RestTemplate] - Reading to [java.lang.String] as "text/html;charset=utf-8"
13:54:44.460 [DEBUG] [pool-1-thread-126] [o.s.web.client.RestTemplate] - Reading to [java.lang.String] as "text/html;charset=utf-8"
13:54:44.460 [DEBUG] [pool-1-thread-200] [o.s.web.client.RestTemplate] - Reading to [java.lang.String] as "text/html;charset=utf-8"
13:54:44.461 [DEBUG] [pool-1-thread-185] [o.s.web.client.RestTemplate] - Reading to [java.lang.String] as "text/html;charset=utf-8"
13:54:44.460 [DEBUG] [pool-1-thread-95] [o.s.web.client.RestTemplate] - Reading to [java.lang.String] as "text/html;charset=utf-8"
13:54:44.461 [DEBUG] [pool-1-thread-56] [o.s.web.client.RestTemplate] - Reading to [java.lang.String] as "text/html;charset=utf-8"
13:54:44.459 [DEBUG] [pool-1-thread-113] [o.s.web.client.RestTemplate] - Reading to [java.lang.String] as "text/html;charset=utf-8"
13:54:44.461 [DEBUG] [pool-1-thread-41] [o.s.web.client.RestTemplate] - Reading to [java.lang.String] as "text/html;charset=utf-8"
13:54:44.461 [DEBUG] [pool-1-thread-9] [o.s.web.client.RestTemplate] - Reading to [java.lang.String] as "text/html;charset=utf-8"
13:54:44.462 [DEBUG] [pool-1-thread-191] [o.s.web.client.RestTemplate] - Reading to [java.lang.String] as "text/html;charset=utf-8"
13:54:44.462 [DEBUG] [pool-1-thread-173] [o.s.web.client.RestTemplate] - Reading to [java.lang.String] as "text/html;charset=utf-8"
13:54:44.477 [DEBUG] [pool-1-thread-114] [o.s.web.client.RestTemplate] - Reading to [java.lang.String] as "text/html;charset=utf-8"
13:54:44.477 [DEBUG] [pool-1-thread-177] [o.s.web.client.RestTemplate] - Reading to [java.lang.String] as "text/html;charset=utf-8"
13:54:44.477 [DEBUG] [pool-1-thread-43] [o.s.web.client.RestTemplate] - Reading to [java.lang.String] as "text/html;charset=utf-8"
]]></system-out>
  <system-err><![CDATA[]]></system-err>
</testsuite>
